

           ************************************************************
           *        Program running with 8 parallel MPI-processes     *
           *              working on a common directory               *
           ************************************************************
------------------------------------------------------------------------------
                         ORCA SCF GRADIENT CALCULATION
------------------------------------------------------------------------------

SHARK General Contraction Test:  Segmented basis detected
   -> Pre-screening matrix found on disk - Trying to read with NShells=48
   -> Passing Pre-screening matrix on to SHARK ...ok
   -> Leaving CheckPreScreeningMatrix
----------------------
SHARK INTEGRAL PACKAGE
----------------------

Number of atoms                             ...     12
Number of basis functions                   ...     96
Number of shells                            ...     48
Maximum angular momentum                    ...      2
Integral batch strategy                     ... SHARK/LIBINT Hybrid
RI-J (if used) integral strategy            ... SPLIT-RIJ (Revised 2003 algorithm where possible)
Printlevel                                  ...      2
Contraction scheme used                     ... SEGMENTED contraction
Coulomb Range Separation                    ... NOT USED
Exchange Range Separation                   ... NOT USED
Finite Nucleus Model                        ... NOT USED
Auxiliary Coulomb fitting basis             ... AVAILABLE
   # of basis functions in Aux-J            ...    360
   # of shells in Aux-J                     ...    120
   Maximum angular momentum in Aux-J        ...      4
Auxiliary J/K fitting basis                 ... NOT available
Auxiliary Correlation fitting basis         ... NOT available
Auxiliary 'external' fitting basis          ... NOT available
Integral threshold                          ...     2.500000e-11
Primitive cut-off                           ...     2.500000e-12
Primitive pair pre-selection threshold      ...     2.500000e-12

Gradient of the Kohn-Sham DFT energy:
Kohn-Sham wavefunction type      ... RKS
Hartree-Fock exchange scaling    ...    0.000
Number of operators              ...    1
Number of atoms                  ...   12
Basis set dimensions             ...   96
Integral neglect threshold       ... 2.5e-11
Integral primitive cutoff        ... 2.5e-12
SHARK Integral package           ... ON

Nuc. rep. gradient       (SHARK) ... done (  0.0 sec)
HCore & Overlap gradient (SHARK) ... done (  0.1 sec)
RI-J gradient            (SHARK) ... 
==>> SHARK/Split-RI-J/Grad: Thresh =     2.500000e-11 TCut=    2.500000e-12 Lmax=2 LmaxAux=4 UseGC=0 UseActualInts=0
==>> SHARK/AuxDens: NDens=1 Thresh =     2.500000e-11 TCut=    2.500000e-12 Lmax=2 LmaxAux=4
    -> Making Hermite density - ok     0.003 sec
    -> Making Aux-basis density - (lmax=2)
    -> L=0 0:    0.004 sec done=     51528 ( 96.1%) skipped=      2112 
    -> L=1 0:    0.004 sec done=     43200 (100.0%) skipped=         0 
    -> L=1 1:    0.002 sec done=      9360 (100.0%) skipped=         0 
    -> L=2 0:    0.002 sec done=     21600 (100.0%) skipped=         0 
    -> L=2 1:    0.001 sec done=      8640 (100.0%) skipped=         0 
    -> L=2 2:    0.000 sec done=      2520 (100.0%) skipped=         0 
    -> Aux basis density formed in    0.2 sec
    -> Solving linear equations - ok (   0.1 sec)
    -> Making Gradient pre-screening matrices - done (  0.1 sec)
    -> Making Aux_E - done (  0.0 sec)
    -> Making two-index integral derivative - done (  0.0 sec)
    -> Making Aux_EP - done (  0.0 sec)
    -> Making three-index integral derivative
    -> L=0 0 :     0.134 sec done=      6405 skipped=       315 prim-skipped=         0
    -> L=1 0 :     0.046 sec done=      5340 skipped=        60 prim-skipped=         0
    -> L=1 1 :     0.076 sec done=      1155 skipped=        45 prim-skipped=         0
    -> L=2 0 :     0.006 sec done=      2570 skipped=       190 prim-skipped=         0
    -> L=2 1 :     0.030 sec done=      1050 skipped=        30 prim-skipped=         0
    -> L=2 2 :     0.024 sec done=       345 skipped=        15 prim-skipped=         0
    -> Three index derivative done (  0.3 sec)
    -> SHARK RI-J gradient done in   1.4 sec
done (  1.4 sec)
Exchange-correlation gradient    ... done
Point charge gradient            ... done
Dispersion correction            ... Starting D4
Starting D4
Starting D4
Starting D4
Starting D4
Starting D4
Starting D4
Starting D4


------------------- 
Dispersion Gradient 
------------------- 
   1  :   -0.000087005   -0.000258160    0.000008801
   2  :   -0.000199563   -0.000081577   -0.000167115
   3  :   -0.000111977    0.000176342   -0.000175473
   4  :   -0.000042024   -0.000126310    0.000004613
   5  :   -0.000097880   -0.000039345   -0.000081723
   6  :   -0.000054249    0.000085500   -0.000085373
   7  :    0.000087005    0.000258160   -0.000008801
   8  :    0.000199563    0.000081577    0.000167115
   9  :    0.000111977   -0.000176342    0.000175473
  10  :    0.000042024    0.000126310   -0.000004613
  11  :    0.000097880    0.000039345    0.000081723
  12  :    0.000054249   -0.000085500    0.000085373

  |G| =    0.003766062

done

------------------
CARTESIAN GRADIENT
------------------

   1   C   :   -0.001285134   -0.004934515   -0.000032190
   2   C   :   -0.002915503   -0.002014999   -0.002551370
   3   C   :   -0.002917680    0.007199382   -0.005746284
   4   H   :    0.005941397    0.014319093    0.000450212
   5   H   :    0.009421624    0.005095946    0.008059085
   6   H   :    0.007819637   -0.012302297    0.011923229
   7   C   :    0.001285135    0.004934513    0.000032191
   8   C   :    0.002915503    0.002015001    0.002551371
   9   C   :    0.002917678   -0.007199383    0.005746284
  10   H   :   -0.005941397   -0.014319092   -0.000450212
  11   H   :   -0.009421623   -0.005095947   -0.008059085
  12   H   :   -0.007819637    0.012302298   -0.011923230

Difference to translation invariance:
           :   -0.0000000001    0.0000000002    0.0000000000

Difference to rotation invariance:
           :   -0.0006148954    0.0000288275    0.0006736436

Norm of the cartesian gradient     ...    0.0427391180
RMS gradient                       ...    0.0071231863
MAX gradient                       ...    0.0143190932

-------
TIMINGS
-------

Total SCF gradient time            ...        3.583 sec

One electron gradient       ....       0.096 sec  (  2.7%)
RI-J Coulomb gradient       ....       1.416 sec  ( 39.5%)
XC gradient                 ....       0.408 sec  ( 11.4%)
Point charge gradient       ....       0.372 sec  ( 10.4%)

Maximum memory used throughout the entire SCFGRAD-calculation: 26.7 MB


           ************************************************************
           *        Program running with 8 parallel MPI-processes     *
           *              working on a common directory               *
           ************************************************************
------------------------------------------------------------------------------
                         ORCA SCF GRADIENT CALCULATION
------------------------------------------------------------------------------

Gradient of the Kohn-Sham DFT energy:
Kohn-Sham wavefunction type      ... RKS
Hartree-Fock exchange scaling    ...    0.000
Number of operators              ...    1
Number of atoms                  ...   12
Basis set dimensions             ...   96
Integral neglect threshold       ... 2.5e-11
Integral primitive cutoff        ... 2.5e-12
SHARK Integral package           ... ON

Nuc. rep. gradient       (SHARK) ... done (  0.0 sec)
HCore & Overlap gradient (SHARK) ... done (  0.7 sec)
RI-J gradient            (SHARK) ... done (  1.3 sec)
Exchange-correlation gradient    ... done
Point charge gradient            ... done
Dispersion correction            ... Starting D4
Starting D4
Starting D4
Starting D4


------------------- 
Dispersion Gradient 
------------------- 
   1  :   -0.000087002   -0.000258148    0.000008799
   2  :   -0.000199555   -0.000081575   -0.000167109
   3  :   -0.000111970    0.000176330   -0.000175462
   4  :   -0.000042032   -0.000126330    0.000004613
   5  :   -0.000097893   -0.000039350   -0.000081734
   6  :   -0.000054261    0.000085516   -0.000085390
   7  :    0.000087002    0.000258148   -0.000008799
   8  :    0.000199555    0.000081575    0.000167109
   9  :    0.000111970   -0.000176330    0.000175462
  10  :    0.000042032    0.000126330   -0.000004613
  11  :    0.000097893    0.000039350    0.000081734
  12  :    0.000054261   -0.000085516    0.000085390

  |G| =    0.003766138

Starting D4
Starting D4
Starting D4
Starting D4
done

------------------
CARTESIAN GRADIENT
------------------

   1   C   :   -0.001219239   -0.004730076   -0.000041558
   2   C   :   -0.002782985   -0.001964813   -0.002440977
   3   C   :   -0.002813096    0.007031136   -0.005579602
   4   H   :    0.005871393    0.014110170    0.000457307
   5   H   :    0.009285879    0.005042400    0.007946984
   6   H   :    0.007711289   -0.012131917    0.011751854
   7   C   :    0.001219239    0.004730077    0.000041558
   8   C   :    0.002782984    0.001964815    0.002440977
   9   C   :    0.002813096   -0.007031139    0.005579602
  10   H   :   -0.005871393   -0.014110170   -0.000457308
  11   H   :   -0.009285878   -0.005042401   -0.007946983
  12   H   :   -0.007711290    0.012131918   -0.011751855

Difference to translation invariance:
           :   -0.0000000000    0.0000000001    0.0000000000

Difference to rotation invariance:
           :   -0.0006153329    0.0000286468    0.0006739357

Norm of the cartesian gradient     ...    0.0420297226
RMS gradient                       ...    0.0070049538
MAX gradient                       ...    0.0141101702

-------
TIMINGS
-------

Total SCF gradient time            ...        4.166 sec

One electron gradient       ....       0.671 sec  ( 16.1%)
RI-J Coulomb gradient       ....       1.253 sec  ( 30.1%)
XC gradient                 ....       0.684 sec  ( 16.4%)
Point charge gradient       ....       0.396 sec  (  9.5%)

Maximum memory used throughout the entire SCFGRAD-calculation: 26.7 MB


           ************************************************************
           *        Program running with 8 parallel MPI-processes     *
           *              working on a common directory               *
           ************************************************************
------------------------------------------------------------------------------
                         ORCA SCF GRADIENT CALCULATION
------------------------------------------------------------------------------

Gradient of the Kohn-Sham DFT energy:
Kohn-Sham wavefunction type      ... RKS
Hartree-Fock exchange scaling    ...    0.000
Number of operators              ...    1
Number of atoms                  ...   12
Basis set dimensions             ...   96
Integral neglect threshold       ... 2.5e-11
Integral primitive cutoff        ... 2.5e-12
SHARK Integral package           ... ON

Nuc. rep. gradient       (SHARK) ... done (  0.0 sec)
HCore & Overlap gradient (SHARK) ... done (  0.6 sec)
RI-J gradient            (SHARK) ... done (  1.2 sec)
Exchange-correlation gradient    ... done
Point charge gradient            ... done
Dispersion correction            ... Starting D4
Starting D4
Starting D4
Starting D4
Starting D4


------------------- 
Dispersion Gradient 
------------------- 
   1  :   -0.000086773   -0.000257177    0.000008633
   2  :   -0.000198965   -0.000081419   -0.000166608
   3  :   -0.000111497    0.000175467   -0.000174659
   4  :   -0.000042602   -0.000127718    0.000004500
   5  :   -0.000098793   -0.000039755   -0.000082448
   6  :   -0.000055016    0.000086625   -0.000086567
   7  :    0.000086773    0.000257177   -0.000008633
   8  :    0.000198965    0.000081419    0.000166608
   9  :    0.000111497   -0.000175467    0.000174659
  10  :    0.000042602    0.000127718   -0.000004500
  11  :    0.000098793    0.000039755    0.000082448
  12  :    0.000055016   -0.000086625    0.000086567

  |G| =    0.003770446

Starting D4
Starting D4
Starting D4
done

------------------
CARTESIAN GRADIENT
------------------

   1   C   :    0.003428991    0.009188980   -0.000459554
   2   C   :    0.006485409    0.001608612    0.005263746
   3   C   :    0.004087499   -0.004016976    0.005387858
   4   H   :    0.000934684   -0.000220744    0.000764654
   5   H   :   -0.000348675    0.001167901    0.000024456
   6   H   :    0.000586473   -0.000989529    0.000503883
   7   C   :   -0.003429008   -0.009189026    0.000459551
   8   C   :   -0.006485354   -0.001608586   -0.005263704
   9   C   :   -0.004087475    0.004016933   -0.005387814
  10   H   :   -0.000934666    0.000220791   -0.000764652
  11   H   :    0.000348618   -0.001167922   -0.000024501
  12   H   :   -0.000586497    0.000989566   -0.000503924

Difference to translation invariance:
           :   -0.0000000000    0.0000000001    0.0000000001

Difference to rotation invariance:
           :   -0.0006442752    0.0000474103    0.0006936426

Norm of the cartesian gradient     ...    0.0216888974
RMS gradient                       ...    0.0036148162
MAX gradient                       ...    0.0091890257

-------
TIMINGS
-------

Total SCF gradient time            ...        3.938 sec

One electron gradient       ....       0.635 sec  ( 16.1%)
RI-J Coulomb gradient       ....       1.228 sec  ( 31.2%)
XC gradient                 ....       0.378 sec  (  9.6%)
Point charge gradient       ....       0.386 sec  (  9.8%)

Maximum memory used throughout the entire SCFGRAD-calculation: 26.7 MB


           ************************************************************
           *        Program running with 8 parallel MPI-processes     *
           *              working on a common directory               *
           ************************************************************
------------------------------------------------------------------------------
                         ORCA SCF GRADIENT CALCULATION
------------------------------------------------------------------------------

Gradient of the Kohn-Sham DFT energy:
Kohn-Sham wavefunction type      ... RKS
Hartree-Fock exchange scaling    ...    0.000
Number of operators              ...    1
Number of atoms                  ...   12
Basis set dimensions             ...   96
Integral neglect threshold       ... 2.5e-11
Integral primitive cutoff        ... 2.5e-12
SHARK Integral package           ... ON

Nuc. rep. gradient       (SHARK) ... done (  0.0 sec)
HCore & Overlap gradient (SHARK) ... done (  0.7 sec)
RI-J gradient            (SHARK) ... done (  1.0 sec)
Exchange-correlation gradient    ... done
Point charge gradient            ... done
Dispersion correction            ... Starting D4
Starting D4
Starting D4
Starting D4
Starting D4


------------------- 
Dispersion Gradient 
------------------- 
   1  :   -0.000086783   -0.000257102    0.000008577
   2  :   -0.000198945   -0.000081446   -0.000166590
   3  :   -0.000111457    0.000175362   -0.000174572
   4  :   -0.000042679   -0.000127792    0.000004420
   5  :   -0.000098821   -0.000039798   -0.000082458
   6  :   -0.000055093    0.000086716   -0.000086682
   7  :    0.000086783    0.000257102   -0.000008577
   8  :    0.000198945    0.000081446    0.000166590
   9  :    0.000111457   -0.000175362    0.000174572
  10  :    0.000042679    0.000127792   -0.000004420
  11  :    0.000098821    0.000039798    0.000082458
  12  :    0.000055093   -0.000086716    0.000086682

  |G| =    0.003770586

Starting D4
Starting D4
Starting D4
done

------------------
CARTESIAN GRADIENT
------------------

   1   C   :    0.003770852    0.010052714   -0.000385924
   2   C   :    0.006879080    0.001759514    0.005600986
   3   C   :    0.004660025   -0.004957360    0.006302338
   4   H   :    0.000531948   -0.001112921    0.000653684
   5   H   :   -0.000814888    0.000927787   -0.000336534
   6   H   :    0.000002672   -0.000120305   -0.000407724
   7   C   :   -0.003770805   -0.010052712    0.000385966
   8   C   :   -0.006879071   -0.001759560   -0.005600963
   9   C   :   -0.004660023    0.004957367   -0.006302336
  10   H   :   -0.000531949    0.001112932   -0.000653686
  11   H   :    0.000814855   -0.000927793    0.000336507
  12   H   :   -0.000002696    0.000120337    0.000407686

Difference to translation invariance:
           :   -0.0000000003    0.0000000002   -0.0000000005

Difference to rotation invariance:
           :   -0.0006445456    0.0000485431    0.0006951734

Norm of the cartesian gradient     ...    0.0239579662
RMS gradient                       ...    0.0039929944
MAX gradient                       ...    0.0100527137

-------
TIMINGS
-------

Total SCF gradient time            ...        3.750 sec

One electron gradient       ....       0.652 sec  ( 17.4%)
RI-J Coulomb gradient       ....       0.953 sec  ( 25.4%)
XC gradient                 ....       0.677 sec  ( 18.0%)
Point charge gradient       ....       0.377 sec  ( 10.1%)

Maximum memory used throughout the entire SCFGRAD-calculation: 26.7 MB


           ************************************************************
           *        Program running with 8 parallel MPI-processes     *
           *              working on a common directory               *
           ************************************************************
------------------------------------------------------------------------------
                         ORCA SCF GRADIENT CALCULATION
------------------------------------------------------------------------------

Gradient of the Kohn-Sham DFT energy:
Kohn-Sham wavefunction type      ... RKS
Hartree-Fock exchange scaling    ...    0.000
Number of operators              ...    1
Number of atoms                  ...   12
Basis set dimensions             ...   96
Integral neglect threshold       ... 2.5e-11
Integral primitive cutoff        ... 2.5e-12
SHARK Integral package           ... ON

Nuc. rep. gradient       (SHARK) ... done (  0.1 sec)
HCore & Overlap gradient (SHARK) ... done (  0.2 sec)
RI-J gradient            (SHARK) ... done (  1.0 sec)
Exchange-correlation gradient    ... done
Point charge gradient            ... done
Dispersion correction            ... Starting D4
Starting D4
Starting D4


------------------- 
Dispersion Gradient 
------------------- 
   1  :   -0.000086820   -0.000256794    0.000008352
   2  :   -0.000198856   -0.000081549   -0.000166512
   3  :   -0.000111294    0.000174938   -0.000174221
   4  :   -0.000042986   -0.000128081    0.000004099
   5  :   -0.000098927   -0.000039971   -0.000082492
   6  :   -0.000055396    0.000087061   -0.000087129
   7  :    0.000086820    0.000256794   -0.000008352
   8  :    0.000198856    0.000081549    0.000166512
   9  :    0.000111294   -0.000174938    0.000174221
  10  :    0.000042986    0.000128081   -0.000004099
  11  :    0.000098927    0.000039971    0.000082492
  12  :    0.000055396   -0.000087061    0.000087129

  |G| =    0.003770956

Starting D4
Starting D4
Starting D4
Starting D4
done
Starting D4

------------------
CARTESIAN GRADIENT
------------------

   1   C   :    0.005123062    0.013440269   -0.000071489
   2   C   :    0.008431014    0.002357800    0.006929661
   3   C   :    0.006882038   -0.008599287    0.009847633
   4   H   :   -0.001063572   -0.004611767    0.000188300
   5   H   :   -0.002653379   -0.000027174   -0.001757740
   6   H   :   -0.002265390    0.003243100   -0.003945179
   7   C   :   -0.005123154   -0.013440046    0.000071311
   8   C   :   -0.008431139   -0.002357649   -0.006929845
   9   C   :   -0.006882094    0.008599344   -0.009847704
  10   H   :    0.001063479    0.004611477   -0.000188281
  11   H   :    0.002653612    0.000027263    0.001757939
  12   H   :    0.002265525   -0.003243331    0.003945397

Difference to translation invariance:
           :    0.0000000012   -0.0000000002    0.0000000024

Difference to rotation invariance:
           :   -0.0006455357    0.0000527772    0.0007013355

Norm of the cartesian gradient     ...    0.0350320313
RMS gradient                       ...    0.0058386719
MAX gradient                       ...    0.0134402693

-------
TIMINGS
-------

Total SCF gradient time            ...        3.318 sec

One electron gradient       ....       0.203 sec  (  6.1%)
RI-J Coulomb gradient       ....       0.961 sec  ( 29.0%)
XC gradient                 ....       0.739 sec  ( 22.3%)
Point charge gradient       ....       0.374 sec  ( 11.3%)

Maximum memory used throughout the entire SCFGRAD-calculation: 26.7 MB


           ************************************************************
           *        Program running with 8 parallel MPI-processes     *
           *              working on a common directory               *
           ************************************************************
------------------------------------------------------------------------------
                         ORCA SCF GRADIENT CALCULATION
------------------------------------------------------------------------------

Gradient of the Kohn-Sham DFT energy:
Kohn-Sham wavefunction type      ... RKS
Hartree-Fock exchange scaling    ...    0.000
Number of operators              ...    1
Number of atoms                  ...   12
Basis set dimensions             ...   96
Integral neglect threshold       ... 2.5e-11
Integral primitive cutoff        ... 2.5e-12
SHARK Integral package           ... ON

Nuc. rep. gradient       (SHARK) ... done (  0.0 sec)
HCore & Overlap gradient (SHARK) ... done (  0.7 sec)
RI-J gradient            (SHARK) ... done (  1.2 sec)
Exchange-correlation gradient    ... done
Point charge gradient            ... done
Dispersion correction            ... Starting D4
Starting D4
Starting D4
Starting D4
Starting D4
Starting D4
Starting D4
Starting D4


------------------- 
Dispersion Gradient 
------------------- 
   1  :   -0.000086805   -0.000256919    0.000008442
   2  :   -0.000198894   -0.000081509   -0.000166545
   3  :   -0.000111359    0.000175107   -0.000174361
   4  :   -0.000042864   -0.000127968    0.000004227
   5  :   -0.000098885   -0.000039902   -0.000082479
   6  :   -0.000055277    0.000086927   -0.000086954
   7  :    0.000086805    0.000256919   -0.000008442
   8  :    0.000198894    0.000081509    0.000166545
   9  :    0.000111359   -0.000175107    0.000174361
  10  :    0.000042864    0.000127968   -0.000004227
  11  :    0.000098885    0.000039902    0.000082479
  12  :    0.000055277   -0.000086927    0.000086954

  |G| =    0.003770848

done

------------------
CARTESIAN GRADIENT
------------------

   1   C   :    0.004589250    0.012107449   -0.000199726
   2   C   :    0.007818633    0.002120533    0.006405747
   3   C   :    0.006012261   -0.007175141    0.008460624
   4   H   :   -0.000432768   -0.003235070    0.000377071
   5   H   :   -0.001928162    0.000351074   -0.001197588
   6   H   :   -0.001377406    0.001928843   -0.002561022
   7   C   :   -0.004588335   -0.012107429    0.000200618
   8   C   :   -0.007818820   -0.002121631   -0.006405537
   9   C   :   -0.006012358    0.007175575   -0.008460881
  10   H   :    0.000432761    0.003235279   -0.000377149
  11   H   :    0.001927857   -0.000351110    0.001197309
  12   H   :    0.001377082   -0.001928371    0.002560521

Difference to translation invariance:
           :   -0.0000000060    0.0000000020   -0.0000000115

Difference to rotation invariance:
           :   -0.0006450909    0.0000509670    0.0006990906

Norm of the cartesian gradient     ...    0.0303912145
RMS gradient                       ...    0.0050652024
MAX gradient                       ...    0.0121074494

-------
TIMINGS
-------

Total SCF gradient time            ...        3.945 sec

One electron gradient       ....       0.699 sec  ( 17.7%)
RI-J Coulomb gradient       ....       1.172 sec  ( 29.7%)
XC gradient                 ....       0.391 sec  (  9.9%)
Point charge gradient       ....       0.401 sec  ( 10.2%)

Maximum memory used throughout the entire SCFGRAD-calculation: 26.7 MB


           ************************************************************
           *        Program running with 8 parallel MPI-processes     *
           *              working on a common directory               *
           ************************************************************
------------------------------------------------------------------------------
                         ORCA SCF GRADIENT CALCULATION
------------------------------------------------------------------------------

Gradient of the Kohn-Sham DFT energy:
Kohn-Sham wavefunction type      ... RKS
Hartree-Fock exchange scaling    ...    0.000
Number of operators              ...    1
Number of atoms                  ...   12
Basis set dimensions             ...   96
Integral neglect threshold       ... 2.5e-11
Integral primitive cutoff        ... 2.5e-12
SHARK Integral package           ... ON

Nuc. rep. gradient       (SHARK) ... done (  0.0 sec)
HCore & Overlap gradient (SHARK) ... done (  0.3 sec)
RI-J gradient            (SHARK) ... done (  1.1 sec)
Exchange-correlation gradient    ... done
Point charge gradient            ... done
Dispersion correction            ... Starting D4
Starting D4
Starting D4


------------------- 
Dispersion Gradient 
------------------- 
   1  :   -0.000086851   -0.000257065    0.000008410
   2  :   -0.000198969   -0.000081558   -0.000166627
   3  :   -0.000111445    0.000175228   -0.000174474
   4  :   -0.000042850   -0.000127781    0.000004112
   5  :   -0.000098809   -0.000039908   -0.000082404
   6  :   -0.000055164    0.000086727   -0.000086773
   7  :    0.000086851    0.000257065   -0.000008410
   8  :    0.000198969    0.000081558    0.000166627
   9  :    0.000111445   -0.000175228    0.000174474
  10  :    0.000042850    0.000127781   -0.000004112
  11  :    0.000098809    0.000039908    0.000082404
  12  :    0.000055164   -0.000086727    0.000086773

  |G| =    0.003770310

Starting D4
Starting D4
Starting D4
done
Starting D4
Starting D4

------------------
CARTESIAN GRADIENT
------------------

   1   C   :    0.004151710    0.010345262    0.000115015
   2   C   :    0.006970242    0.001842517    0.005707244
   3   C   :    0.004924936   -0.005435126    0.006720775
   4   H   :    0.000002844   -0.001434087    0.000072472
   5   H   :   -0.001202254    0.000541901   -0.000557158
   6   H   :   -0.000181203   -0.000039579   -0.000653386
   7   C   :   -0.004151494   -0.010344705   -0.000115010
   8   C   :   -0.006970909   -0.001842813   -0.005707791
   9   C   :   -0.004925569    0.005436131   -0.006721776
  10   H   :   -0.000003018    0.001433547   -0.000072442
  11   H   :    0.001202901   -0.000541651    0.000557700
  12   H   :    0.000181812    0.000038603    0.000654354

Difference to translation invariance:
           :   -0.0000000003    0.0000000003   -0.0000000007

Difference to rotation invariance:
           :   -0.0006362293    0.0000486490    0.0006935623

Norm of the cartesian gradient     ...    0.0249952426
RMS gradient                       ...    0.0041658738
MAX gradient                       ...    0.0103452621

-------
TIMINGS
-------

Total SCF gradient time            ...        3.653 sec

One electron gradient       ....       0.331 sec  (  9.1%)
RI-J Coulomb gradient       ....       1.128 sec  ( 30.9%)
XC gradient                 ....       0.529 sec  ( 14.5%)
Point charge gradient       ....       0.434 sec  ( 11.9%)

Maximum memory used throughout the entire SCFGRAD-calculation: 26.7 MB


           ************************************************************
           *        Program running with 8 parallel MPI-processes     *
           *              working on a common directory               *
           ************************************************************
------------------------------------------------------------------------------
                         ORCA SCF GRADIENT CALCULATION
------------------------------------------------------------------------------

Gradient of the Kohn-Sham DFT energy:
Kohn-Sham wavefunction type      ... RKS
Hartree-Fock exchange scaling    ...    0.000
Number of operators              ...    1
Number of atoms                  ...   12
Basis set dimensions             ...   96
Integral neglect threshold       ... 2.5e-11
Integral primitive cutoff        ... 2.5e-12
SHARK Integral package           ... ON

Nuc. rep. gradient       (SHARK) ... done (  0.0 sec)
HCore & Overlap gradient (SHARK) ... done (  0.5 sec)
RI-J gradient            (SHARK) ... done (  1.0 sec)
Exchange-correlation gradient    ... done
Point charge gradient            ... done
Dispersion correction            ... Starting D4
Starting D4
Starting D4
Starting D4
Starting D4
Starting D4
Starting D4


------------------- 
Dispersion Gradient 
------------------- 
   1  :   -0.000086877   -0.000257147    0.000008391
   2  :   -0.000199011   -0.000081587   -0.000166673
   3  :   -0.000111495    0.000175298   -0.000174539
   4  :   -0.000042841   -0.000127671    0.000004046
   5  :   -0.000098764   -0.000039911   -0.000082360
   6  :   -0.000055096    0.000086608   -0.000086665
   7  :    0.000086877    0.000257147   -0.000008391
   8  :    0.000199011    0.000081587    0.000166673
   9  :    0.000111495   -0.000175298    0.000174539
  10  :    0.000042841    0.000127671   -0.000004046
  11  :    0.000098764    0.000039911    0.000082360
  12  :    0.000055096   -0.000086608    0.000086666

  |G| =    0.003769961

Starting D4
done

------------------
CARTESIAN GRADIENT
------------------

   1   C   :    0.003892703    0.009310349    0.000295113
   2   C   :    0.006474684    0.001678884    0.005299395
   3   C   :    0.004277716   -0.004401615    0.005685909
   4   H   :    0.000260456   -0.000376366   -0.000101978
   5   H   :   -0.000778215    0.000654173   -0.000183206
   6   H   :    0.000529075   -0.001205827    0.000478667
   7   C   :   -0.003892784   -0.009309505   -0.000295504
   8   C   :   -0.006475657   -0.001678807   -0.005300375
   9   C   :   -0.004278648    0.004403059   -0.005687369
  10   H   :   -0.000260735    0.000375391    0.000102060
  11   H   :    0.000779355   -0.000653774    0.000184172
  12   H   :   -0.000527949    0.001204038   -0.000476881

Difference to translation invariance:
           :    0.0000000019   -0.0000000006    0.0000000042

Difference to rotation invariance:
           :   -0.0006311436    0.0000472254    0.0006903773

Norm of the cartesian gradient     ...    0.0222719021
RMS gradient                       ...    0.0037119837
MAX gradient                       ...    0.0093103492

-------
TIMINGS
-------

Total SCF gradient time            ...        3.651 sec

One electron gradient       ....       0.530 sec  ( 14.5%)
RI-J Coulomb gradient       ....       1.004 sec  ( 27.5%)
XC gradient                 ....       0.594 sec  ( 16.3%)
Point charge gradient       ....       0.441 sec  ( 12.1%)

Maximum memory used throughout the entire SCFGRAD-calculation: 26.7 MB


           ************************************************************
           *        Program running with 8 parallel MPI-processes     *
           *              working on a common directory               *
           ************************************************************
------------------------------------------------------------------------------
                         ORCA SCF GRADIENT CALCULATION
------------------------------------------------------------------------------

Gradient of the Kohn-Sham DFT energy:
Kohn-Sham wavefunction type      ... RKS
Hartree-Fock exchange scaling    ...    0.000
Number of operators              ...    1
Number of atoms                  ...   12
Basis set dimensions             ...   96
Integral neglect threshold       ... 2.5e-11
Integral primitive cutoff        ... 2.5e-12
SHARK Integral package           ... ON

Nuc. rep. gradient       (SHARK) ... done (  0.0 sec)
HCore & Overlap gradient (SHARK) ... done (  0.5 sec)
RI-J gradient            (SHARK) ... done (  1.0 sec)
Exchange-correlation gradient    ... done
Point charge gradient            ... done
Dispersion correction            ... Starting D4
Starting D4
Starting D4
Starting D4


------------------- 
Dispersion Gradient 
------------------- 
   1  :   -0.000086895   -0.000257132    0.000008349
   2  :   -0.000199043   -0.000081630   -0.000166702
   3  :   -0.000111467    0.000175219   -0.000174475
   4  :   -0.000042852   -0.000127681    0.000004011
   5  :   -0.000098702   -0.000039903   -0.000082306
   6  :   -0.000055164    0.000086697   -0.000086768
   7  :    0.000086895    0.000257132   -0.000008349
   8  :    0.000199043    0.000081630    0.000166702
   9  :    0.000111467   -0.000175219    0.000174475
  10  :    0.000042852    0.000127681   -0.000004011
  11  :    0.000098701    0.000039903    0.000082305
  12  :    0.000055164   -0.000086697    0.000086768

  |G| =    0.003769988

Starting D4
Starting D4
Starting D4
Starting D4
done

------------------
CARTESIAN GRADIENT
------------------

   1   C   :    0.003884824    0.009469878    0.000278681
   2   C   :    0.006052405    0.001483509    0.004977863
   3   C   :    0.004759638   -0.005198299    0.006457364
   4   H   :    0.000223404   -0.000521240   -0.000121751
   5   H   :   -0.000323993    0.000830463    0.000191371
   6   H   :    0.000005189   -0.000381639   -0.000354395
   7   C   :   -0.003884574   -0.009470550   -0.000278201
   8   C   :   -0.006051693   -0.001483850   -0.004977058
   9   C   :   -0.004758989    0.005197269   -0.006456333
  10   H   :   -0.000223130    0.000522135    0.000121708
  11   H   :    0.000323063   -0.000830797   -0.000192145
  12   H   :   -0.000006147    0.000383123    0.000352889

Difference to translation invariance:
           :   -0.0000000030    0.0000000013   -0.0000000062

Difference to rotation invariance:
           :   -0.0006308536    0.0000472200    0.0006934935

Norm of the cartesian gradient     ...    0.0228585007
RMS gradient                       ...    0.0038097501
MAX gradient                       ...    0.0094705501

-------
TIMINGS
-------

Total SCF gradient time            ...        3.571 sec

One electron gradient       ....       0.494 sec  ( 13.8%)
RI-J Coulomb gradient       ....       0.989 sec  ( 27.7%)
XC gradient                 ....       0.720 sec  ( 20.2%)
Point charge gradient       ....       0.408 sec  ( 11.4%)

Maximum memory used throughout the entire SCFGRAD-calculation: 26.7 MB


           ************************************************************
           *        Program running with 8 parallel MPI-processes     *
           *              working on a common directory               *
           ************************************************************
------------------------------------------------------------------------------
                         ORCA SCF GRADIENT CALCULATION
------------------------------------------------------------------------------

Gradient of the Kohn-Sham DFT energy:
Kohn-Sham wavefunction type      ... RKS
Hartree-Fock exchange scaling    ...    0.000
Number of operators              ...    1
Number of atoms                  ...   12
Basis set dimensions             ...   96
Integral neglect threshold       ... 2.5e-11
Integral primitive cutoff        ... 2.5e-12
SHARK Integral package           ... ON

Nuc. rep. gradient       (SHARK) ... done (  0.0 sec)
HCore & Overlap gradient (SHARK) ... done (  0.4 sec)
RI-J gradient            (SHARK) ... done (  0.9 sec)
Exchange-correlation gradient    ... done
Point charge gradient            ... done
Dispersion correction            ... Starting D4
Starting D4


------------------- 
Dispersion Gradient 
------------------- 
   1  :   -0.000086891   -0.000257135    0.000008357
   2  :   -0.000199036   -0.000081621   -0.000166696
   3  :   -0.000111473    0.000175235   -0.000174488
   4  :   -0.000042849   -0.000127679    0.000004018
   5  :   -0.000098714   -0.000039904   -0.000082317
   6  :   -0.000055150    0.000086679   -0.000086747
   7  :    0.000086891    0.000257135   -0.000008357
   8  :    0.000199036    0.000081621    0.000166696
   9  :    0.000111473   -0.000175235    0.000174488
  10  :    0.000042849    0.000127679   -0.000004018
  11  :    0.000098714    0.000039904    0.000082317
  12  :    0.000055150   -0.000086678    0.000086747

  |G| =    0.003769983

Starting D4
Starting D4
done
Starting D4
Starting D4
Starting D4
Starting D4

------------------
CARTESIAN GRADIENT
------------------

   1   C   :    0.003886110    0.009437272    0.000281671
   2   C   :    0.006139297    0.001524112    0.005043917
   3   C   :    0.004661316   -0.005035852    0.006300019
   4   H   :    0.000231027   -0.000491498   -0.000117705
   5   H   :   -0.000417093    0.000794273    0.000114597
   6   H   :    0.000112414   -0.000550325   -0.000183900
   7   C   :   -0.003886525   -0.009437604   -0.000281970
   8   C   :   -0.006138891   -0.001523526   -0.005043745
   9   C   :   -0.004660857    0.005035178   -0.006299306
  10   H   :   -0.000230932    0.000491670    0.000117743
  11   H   :    0.000416821   -0.000794426   -0.000114799
  12   H   :   -0.000112684    0.000550725    0.000183482

Difference to translation invariance:
           :    0.0000000019   -0.0000000010    0.0000000049

Difference to rotation invariance:
           :   -0.0006306333    0.0000471123    0.0006929025

Norm of the cartesian gradient     ...    0.0227131277
RMS gradient                       ...    0.0037855213
MAX gradient                       ...    0.0094376036

-------
TIMINGS
-------

Total SCF gradient time            ...        3.334 sec

One electron gradient       ....       0.446 sec  ( 13.4%)
RI-J Coulomb gradient       ....       0.943 sec  ( 28.3%)
XC gradient                 ....       0.686 sec  ( 20.6%)
Point charge gradient       ....       0.378 sec  ( 11.3%)

Maximum memory used throughout the entire SCFGRAD-calculation: 26.7 MB
