

           ************************************************************
           *        Program running with 8 parallel MPI-processes     *
           *              working on a common directory               *
           ************************************************************
------------------------------------------------------------------------------
                           ORCA GTO INTEGRAL CALCULATION
                           -- RI-GTO INTEGRALS CHOSEN --
------------------------------------------------------------------------------
------------------------------------------------------------------------------
                   ___                                                        
                  /   \      - P O W E R E D   B Y -                         
                 /     \                                                     
                 |  |  |   _    _      __       _____    __    __             
                 |  |  |  | |  | |    /  \     |  _  \  |  |  /  |          
                  \  \/   | |  | |   /    \    | | | |  |  | /  /          
                 / \  \   | |__| |  /  /\  \   | |_| |  |  |/  /          
                |  |  |   |  __  | /  /__\  \  |    /   |      \           
                |  |  |   | |  | | |   __   |  |    \   |  |\   \          
                \     /   | |  | | |  |  |  |  | |\  \  |  | \   \       
                 \___/    |_|  |_| |__|  |__|  |_| \__\ |__|  \__/        
                                                                              
                      - O R C A' S   B I G   F R I E N D -                    
                                      &                                       
                       - I N T E G R A L  F E E D E R -                       
                                                                              
 v1 FN, 2020, v2 2021                                                         
------------------------------------------------------------------------------


Reading SHARK input file C6H6--12C6H12_0_1_bp86_xtb_6-31gpol_RC-1-layer.copt.SHARKINP.tmp ... SHARK General Contraction Test:  Segmented basis detected
   -> Pre-screening matrix *NOT* found on disk - recalculating with NShells=48
   -> Leaving CheckPreScreeningMatrix
ok
----------------------
SHARK INTEGRAL PACKAGE
----------------------

Number of atoms                             ...     12
Number of basis functions                   ...     96
Number of shells                            ...     48
Maximum angular momentum                    ...      2
Integral batch strategy                     ... SHARK/LIBINT Hybrid
RI-J (if used) integral strategy            ... SPLIT-RIJ (Revised 2003 algorithm where possible)
Printlevel                                  ...      2
Contraction scheme used                     ... SEGMENTED contraction
Coulomb Range Separation                    ... NOT USED
Exchange Range Separation                   ... NOT USED
Finite Nucleus Model                        ... NOT USED
Auxiliary Coulomb fitting basis             ... AVAILABLE
   # of basis functions in Aux-J            ...    360
   # of shells in Aux-J                     ...    120
   Maximum angular momentum in Aux-J        ...      4
Auxiliary J/K fitting basis                 ... NOT available
Auxiliary Correlation fitting basis         ... NOT available
Auxiliary 'external' fitting basis          ... NOT available
Integral threshold                          ...     2.500000e-11
Primitive cut-off                           ...     2.500000e-12
Primitive pair pre-selection threshold      ...     2.500000e-12

Calculating pre-screening integrals         ... done (  0.0 sec) Dimension = 48
Organizing shell pair data                  ... done (  0.0 sec)
Shell pair information
Total number of shell pairs                 ...      1176
Shell pairs after pre-screening             ...      1158
Total number of primitive shell pairs       ...      6699
Primitive shell pairs kept                  ...      4825
          la=0 lb=0:    447 shell pairs
          la=1 lb=0:    360 shell pairs
          la=1 lb=1:     78 shell pairs
          la=2 lb=0:    180 shell pairs
          la=2 lb=1:     72 shell pairs
          la=2 lb=2:     21 shell pairs

Reading point charge file                   ... ok (144 point charges)
Calculating one electron integrals          ... done (  0.4 sec)
Calculating RI/J V-Matrix + Cholesky decomp.... done (  1.1 sec)
Calculating Nuclear repulsion               ... (+Point charges) done (  0.0 sec) ENN=    203.903089327769 Eh

SHARK setup successfully completed in   2.2 seconds

Maximum memory used throughout the entire GTOINT-calculation: 11.0 MB


           ************************************************************
           *        Program running with 8 parallel MPI-processes     *
           *              working on a common directory               *
           ************************************************************
------------------------------------------------------------------------------
                   ___                                                        
                  /   \      - P O W E R E D   B Y -                         
                 /     \                                                     
                 |  |  |   _    _      __       _____    __    __             
                 |  |  |  | |  | |    /  \     |  _  \  |  |  /  |          
                  \  \/   | |  | |   /    \    | | | |  |  | /  /          
                 / \  \   | |__| |  /  /\  \   | |_| |  |  |/  /          
                |  |  |   |  __  | /  /__\  \  |    /   |      \           
                |  |  |   | |  | | |   __   |  |    \   |  |\   \          
                \     /   | |  | | |  |  |  |  | |\  \  |  | \   \       
                 \___/    |_|  |_| |__|  |__|  |_| \__\ |__|  \__/        
                                                                              
                      - O R C A' S   B I G   F R I E N D -                    
                                      &                                       
                       - I N T E G R A L  F E E D E R -                       
                                                                              
 v1 FN, 2020, v2 2021                                                         
------------------------------------------------------------------------------


Reading SHARK input file C6H6--12C6H12_0_1_bp86_xtb_6-31gpol_RC-1-layer.copt.SHARKINP.tmp ... ok
----------------------
SHARK INTEGRAL PACKAGE
----------------------

Number of atoms                             ...     12
Number of basis functions                   ...     96
Number of shells                            ...     48
Maximum angular momentum                    ...      2
Integral batch strategy                     ... SHARK/LIBINT Hybrid
RI-J (if used) integral strategy            ... SPLIT-RIJ (Revised 2003 algorithm where possible)
Printlevel                                  ...      1
Contraction scheme used                     ... SEGMENTED contraction
Coulomb Range Separation                    ... NOT USED
Exchange Range Separation                   ... NOT USED
Finite Nucleus Model                        ... NOT USED
Auxiliary Coulomb fitting basis             ... AVAILABLE
   # of basis functions in Aux-J            ...    360
   # of shells in Aux-J                     ...    120
   Maximum angular momentum in Aux-J        ...      4
Auxiliary J/K fitting basis                 ... NOT available
Auxiliary Correlation fitting basis         ... NOT available
Auxiliary 'external' fitting basis          ... NOT available
Integral threshold                          ...     2.500000e-11
Primitive cut-off                           ...     2.500000e-12
Primitive pair pre-selection threshold      ...     2.500000e-12

Calculating pre-screening integrals         ... done (  0.0 sec) Dimension = 48
Organizing shell pair data                  ... done (  0.0 sec)
Shell pair information
Total number of shell pairs                 ...      1176
Shell pairs after pre-screening             ...      1158
Total number of primitive shell pairs       ...      6699
Primitive shell pairs kept                  ...      4825
          la=0 lb=0:    447 shell pairs
          la=1 lb=0:    360 shell pairs
          la=1 lb=1:     78 shell pairs
          la=2 lb=0:    180 shell pairs
          la=2 lb=1:     72 shell pairs
          la=2 lb=2:     21 shell pairs

Reading point charge file                   ... ok (144 point charges)
Calculating one electron integrals          ... done (  0.0 sec)
Calculating RI/J V-Matrix + Cholesky decomp.... done (  0.0 sec)
Calculating Nuclear repulsion               ... (+Point charges) done (  0.0 sec) ENN=    203.894187238562 Eh

SHARK setup successfully completed in   0.2 seconds

Maximum memory used throughout the entire GTOINT-calculation: 11.0 MB


           ************************************************************
           *        Program running with 8 parallel MPI-processes     *
           *              working on a common directory               *
           ************************************************************
------------------------------------------------------------------------------
                   ___                                                        
                  /   \      - P O W E R E D   B Y -                         
                 /     \                                                     
                 |  |  |   _    _      __       _____    __    __             
                 |  |  |  | |  | |    /  \     |  _  \  |  |  /  |          
                  \  \/   | |  | |   /    \    | | | |  |  | /  /          
                 / \  \   | |__| |  /  /\  \   | |_| |  |  |/  /          
                |  |  |   |  __  | /  /__\  \  |    /   |      \           
                |  |  |   | |  | | |   __   |  |    \   |  |\   \          
                \     /   | |  | | |  |  |  |  | |\  \  |  | \   \       
                 \___/    |_|  |_| |__|  |__|  |_| \__\ |__|  \__/        
                                                                              
                      - O R C A' S   B I G   F R I E N D -                    
                                      &                                       
                       - I N T E G R A L  F E E D E R -                       
                                                                              
 v1 FN, 2020, v2 2021                                                         
------------------------------------------------------------------------------


Reading SHARK input file C6H6--12C6H12_0_1_bp86_xtb_6-31gpol_RC-1-layer.copt.SHARKINP.tmp ... ok
----------------------
SHARK INTEGRAL PACKAGE
----------------------

Number of atoms                             ...     12
Number of basis functions                   ...     96
Number of shells                            ...     48
Maximum angular momentum                    ...      2
Integral batch strategy                     ... SHARK/LIBINT Hybrid
RI-J (if used) integral strategy            ... SPLIT-RIJ (Revised 2003 algorithm where possible)
Printlevel                                  ...      1
Contraction scheme used                     ... SEGMENTED contraction
Coulomb Range Separation                    ... NOT USED
Exchange Range Separation                   ... NOT USED
Finite Nucleus Model                        ... NOT USED
Auxiliary Coulomb fitting basis             ... AVAILABLE
   # of basis functions in Aux-J            ...    360
   # of shells in Aux-J                     ...    120
   Maximum angular momentum in Aux-J        ...      4
Auxiliary J/K fitting basis                 ... NOT available
Auxiliary Correlation fitting basis         ... NOT available
Auxiliary 'external' fitting basis          ... NOT available
Integral threshold                          ...     2.500000e-11
Primitive cut-off                           ...     2.500000e-12
Primitive pair pre-selection threshold      ...     2.500000e-12

Calculating pre-screening integrals         ... done (  0.0 sec) Dimension = 48
Organizing shell pair data                  ... done (  0.0 sec)
Shell pair information
Total number of shell pairs                 ...      1176
Shell pairs after pre-screening             ...      1158
Total number of primitive shell pairs       ...      6699
Primitive shell pairs kept                  ...      4825
          la=0 lb=0:    447 shell pairs
          la=1 lb=0:    360 shell pairs
          la=1 lb=1:     78 shell pairs
          la=2 lb=0:    180 shell pairs
          la=2 lb=1:     72 shell pairs
          la=2 lb=2:     21 shell pairs

Reading point charge file                   ... ok (144 point charges)
Calculating one electron integrals          ... done (  0.0 sec)
Calculating RI/J V-Matrix + Cholesky decomp.... done (  0.0 sec)
Calculating Nuclear repulsion               ... (+Point charges) done (  0.0 sec) ENN=    203.271805140328 Eh

SHARK setup successfully completed in   0.2 seconds

Maximum memory used throughout the entire GTOINT-calculation: 11.0 MB


           ************************************************************
           *        Program running with 8 parallel MPI-processes     *
           *              working on a common directory               *
           ************************************************************
------------------------------------------------------------------------------
                   ___                                                        
                  /   \      - P O W E R E D   B Y -                         
                 /     \                                                     
                 |  |  |   _    _      __       _____    __    __             
                 |  |  |  | |  | |    /  \     |  _  \  |  |  /  |          
                  \  \/   | |  | |   /    \    | | | |  |  | /  /          
                 / \  \   | |__| |  /  /\  \   | |_| |  |  |/  /          
                |  |  |   |  __  | /  /__\  \  |    /   |      \           
                |  |  |   | |  | | |   __   |  |    \   |  |\   \          
                \     /   | |  | | |  |  |  |  | |\  \  |  | \   \       
                 \___/    |_|  |_| |__|  |__|  |_| \__\ |__|  \__/        
                                                                              
                      - O R C A' S   B I G   F R I E N D -                    
                                      &                                       
                       - I N T E G R A L  F E E D E R -                       
                                                                              
 v1 FN, 2020, v2 2021                                                         
------------------------------------------------------------------------------


Reading SHARK input file C6H6--12C6H12_0_1_bp86_xtb_6-31gpol_RC-1-layer.copt.SHARKINP.tmp ... ok
----------------------
SHARK INTEGRAL PACKAGE
----------------------

Number of atoms                             ...     12
Number of basis functions                   ...     96
Number of shells                            ...     48
Maximum angular momentum                    ...      2
Integral batch strategy                     ... SHARK/LIBINT Hybrid
RI-J (if used) integral strategy            ... SPLIT-RIJ (Revised 2003 algorithm where possible)
Printlevel                                  ...      1
Contraction scheme used                     ... SEGMENTED contraction
Coulomb Range Separation                    ... NOT USED
Exchange Range Separation                   ... NOT USED
Finite Nucleus Model                        ... NOT USED
Auxiliary Coulomb fitting basis             ... AVAILABLE
   # of basis functions in Aux-J            ...    360
   # of shells in Aux-J                     ...    120
   Maximum angular momentum in Aux-J        ...      4
Auxiliary J/K fitting basis                 ... NOT available
Auxiliary Correlation fitting basis         ... NOT available
Auxiliary 'external' fitting basis          ... NOT available
Integral threshold                          ...     2.500000e-11
Primitive cut-off                           ...     2.500000e-12
Primitive pair pre-selection threshold      ...     2.500000e-12

Calculating pre-screening integrals         ... done (  0.0 sec) Dimension = 48
Organizing shell pair data                  ... done (  0.0 sec)
Shell pair information
Total number of shell pairs                 ...      1176
Shell pairs after pre-screening             ...      1158
Total number of primitive shell pairs       ...      6699
Primitive shell pairs kept                  ...      4825
          la=0 lb=0:    447 shell pairs
          la=1 lb=0:    360 shell pairs
          la=1 lb=1:     78 shell pairs
          la=2 lb=0:    180 shell pairs
          la=2 lb=1:     72 shell pairs
          la=2 lb=2:     21 shell pairs

Reading point charge file                   ... ok (144 point charges)
Calculating one electron integrals          ... done (  0.0 sec)
Calculating RI/J V-Matrix + Cholesky decomp.... done (  0.0 sec)
Calculating Nuclear repulsion               ... (+Point charges) done (  0.0 sec) ENN=    203.228449684516 Eh

SHARK setup successfully completed in   0.2 seconds

Maximum memory used throughout the entire GTOINT-calculation: 11.0 MB


           ************************************************************
           *        Program running with 8 parallel MPI-processes     *
           *              working on a common directory               *
           ************************************************************
------------------------------------------------------------------------------
                   ___                                                        
                  /   \      - P O W E R E D   B Y -                         
                 /     \                                                     
                 |  |  |   _    _      __       _____    __    __             
                 |  |  |  | |  | |    /  \     |  _  \  |  |  /  |          
                  \  \/   | |  | |   /    \    | | | |  |  | /  /          
                 / \  \   | |__| |  /  /\  \   | |_| |  |  |/  /          
                |  |  |   |  __  | /  /__\  \  |    /   |      \           
                |  |  |   | |  | | |   __   |  |    \   |  |\   \          
                \     /   | |  | | |  |  |  |  | |\  \  |  | \   \       
                 \___/    |_|  |_| |__|  |__|  |_| \__\ |__|  \__/        
                                                                              
                      - O R C A' S   B I G   F R I E N D -                    
                                      &                                       
                       - I N T E G R A L  F E E D E R -                       
                                                                              
 v1 FN, 2020, v2 2021                                                         
------------------------------------------------------------------------------


Reading SHARK input file C6H6--12C6H12_0_1_bp86_xtb_6-31gpol_RC-1-layer.copt.SHARKINP.tmp ... ok
----------------------
SHARK INTEGRAL PACKAGE
----------------------

Number of atoms                             ...     12
Number of basis functions                   ...     96
Number of shells                            ...     48
Maximum angular momentum                    ...      2
Integral batch strategy                     ... SHARK/LIBINT Hybrid
RI-J (if used) integral strategy            ... SPLIT-RIJ (Revised 2003 algorithm where possible)
Printlevel                                  ...      1
Contraction scheme used                     ... SEGMENTED contraction
Coulomb Range Separation                    ... NOT USED
Exchange Range Separation                   ... NOT USED
Finite Nucleus Model                        ... NOT USED
Auxiliary Coulomb fitting basis             ... AVAILABLE
   # of basis functions in Aux-J            ...    360
   # of shells in Aux-J                     ...    120
   Maximum angular momentum in Aux-J        ...      4
Auxiliary J/K fitting basis                 ... NOT available
Auxiliary Correlation fitting basis         ... NOT available
Auxiliary 'external' fitting basis          ... NOT available
Integral threshold                          ...     2.500000e-11
Primitive cut-off                           ...     2.500000e-12
Primitive pair pre-selection threshold      ...     2.500000e-12

Calculating pre-screening integrals         ... done (  0.0 sec) Dimension = 48
Organizing shell pair data                  ... done (  0.0 sec)
Shell pair information
Total number of shell pairs                 ...      1176
Shell pairs after pre-screening             ...      1158
Total number of primitive shell pairs       ...      6699
Primitive shell pairs kept                  ...      4825
          la=0 lb=0:    447 shell pairs
          la=1 lb=0:    360 shell pairs
          la=1 lb=1:     78 shell pairs
          la=2 lb=0:    180 shell pairs
          la=2 lb=1:     72 shell pairs
          la=2 lb=2:     21 shell pairs

Reading point charge file                   ... ok (144 point charges)
Calculating one electron integrals          ... done (  0.0 sec)
Calculating RI/J V-Matrix + Cholesky decomp.... done (  0.2 sec)
Calculating Nuclear repulsion               ... (+Point charges) done (  0.0 sec) ENN=    203.055898536750 Eh

SHARK setup successfully completed in   0.4 seconds

Maximum memory used throughout the entire GTOINT-calculation: 11.0 MB


           ************************************************************
           *        Program running with 8 parallel MPI-processes     *
           *              working on a common directory               *
           ************************************************************
------------------------------------------------------------------------------
                   ___                                                        
                  /   \      - P O W E R E D   B Y -                         
                 /     \                                                     
                 |  |  |   _    _      __       _____    __    __             
                 |  |  |  | |  | |    /  \     |  _  \  |  |  /  |          
                  \  \/   | |  | |   /    \    | | | |  |  | /  /          
                 / \  \   | |__| |  /  /\  \   | |_| |  |  |/  /          
                |  |  |   |  __  | /  /__\  \  |    /   |      \           
                |  |  |   | |  | | |   __   |  |    \   |  |\   \          
                \     /   | |  | | |  |  |  |  | |\  \  |  | \   \       
                 \___/    |_|  |_| |__|  |__|  |_| \__\ |__|  \__/        
                                                                              
                      - O R C A' S   B I G   F R I E N D -                    
                                      &                                       
                       - I N T E G R A L  F E E D E R -                       
                                                                              
 v1 FN, 2020, v2 2021                                                         
------------------------------------------------------------------------------


Reading SHARK input file C6H6--12C6H12_0_1_bp86_xtb_6-31gpol_RC-1-layer.copt.SHARKINP.tmp ... ok
----------------------
SHARK INTEGRAL PACKAGE
----------------------

Number of atoms                             ...     12
Number of basis functions                   ...     96
Number of shells                            ...     48
Maximum angular momentum                    ...      2
Integral batch strategy                     ... SHARK/LIBINT Hybrid
RI-J (if used) integral strategy            ... SPLIT-RIJ (Revised 2003 algorithm where possible)
Printlevel                                  ...      1
Contraction scheme used                     ... SEGMENTED contraction
Coulomb Range Separation                    ... NOT USED
Exchange Range Separation                   ... NOT USED
Finite Nucleus Model                        ... NOT USED
Auxiliary Coulomb fitting basis             ... AVAILABLE
   # of basis functions in Aux-J            ...    360
   # of shells in Aux-J                     ...    120
   Maximum angular momentum in Aux-J        ...      4
Auxiliary J/K fitting basis                 ... NOT available
Auxiliary Correlation fitting basis         ... NOT available
Auxiliary 'external' fitting basis          ... NOT available
Integral threshold                          ...     2.500000e-11
Primitive cut-off                           ...     2.500000e-12
Primitive pair pre-selection threshold      ...     2.500000e-12

Calculating pre-screening integrals         ... done (  0.0 sec) Dimension = 48
Organizing shell pair data                  ... done (  0.0 sec)
Shell pair information
Total number of shell pairs                 ...      1176
Shell pairs after pre-screening             ...      1158
Total number of primitive shell pairs       ...      6699
Primitive shell pairs kept                  ...      4825
          la=0 lb=0:    447 shell pairs
          la=1 lb=0:    360 shell pairs
          la=1 lb=1:     78 shell pairs
          la=2 lb=0:    180 shell pairs
          la=2 lb=1:     72 shell pairs
          la=2 lb=2:     21 shell pairs

Reading point charge file                   ... ok (144 point charges)
Calculating one electron integrals          ... done (  0.0 sec)
Calculating RI/J V-Matrix + Cholesky decomp.... done (  0.0 sec)
Calculating Nuclear repulsion               ... (+Point charges) done (  0.0 sec) ENN=    203.124175615591 Eh

SHARK setup successfully completed in   0.2 seconds

Maximum memory used throughout the entire GTOINT-calculation: 11.0 MB


           ************************************************************
           *        Program running with 8 parallel MPI-processes     *
           *              working on a common directory               *
           ************************************************************
------------------------------------------------------------------------------
                   ___                                                        
                  /   \      - P O W E R E D   B Y -                         
                 /     \                                                     
                 |  |  |   _    _      __       _____    __    __             
                 |  |  |  | |  | |    /  \     |  _  \  |  |  /  |          
                  \  \/   | |  | |   /    \    | | | |  |  | /  /          
                 / \  \   | |__| |  /  /\  \   | |_| |  |  |/  /          
                |  |  |   |  __  | /  /__\  \  |    /   |      \           
                |  |  |   | |  | | |   __   |  |    \   |  |\   \          
                \     /   | |  | | |  |  |  |  | |\  \  |  | \   \       
                 \___/    |_|  |_| |__|  |__|  |_| \__\ |__|  \__/        
                                                                              
                      - O R C A' S   B I G   F R I E N D -                    
                                      &                                       
                       - I N T E G R A L  F E E D E R -                       
                                                                              
 v1 FN, 2020, v2 2021                                                         
------------------------------------------------------------------------------


Reading SHARK input file C6H6--12C6H12_0_1_bp86_xtb_6-31gpol_RC-1-layer.copt.SHARKINP.tmp ... ok
----------------------
SHARK INTEGRAL PACKAGE
----------------------

Number of atoms                             ...     12
Number of basis functions                   ...     96
Number of shells                            ...     48
Maximum angular momentum                    ...      2
Integral batch strategy                     ... SHARK/LIBINT Hybrid
RI-J (if used) integral strategy            ... SPLIT-RIJ (Revised 2003 algorithm where possible)
Printlevel                                  ...      1
Contraction scheme used                     ... SEGMENTED contraction
Coulomb Range Separation                    ... NOT USED
Exchange Range Separation                   ... NOT USED
Finite Nucleus Model                        ... NOT USED
Auxiliary Coulomb fitting basis             ... AVAILABLE
   # of basis functions in Aux-J            ...    360
   # of shells in Aux-J                     ...    120
   Maximum angular momentum in Aux-J        ...      4
Auxiliary J/K fitting basis                 ... NOT available
Auxiliary Correlation fitting basis         ... NOT available
Auxiliary 'external' fitting basis          ... NOT available
Integral threshold                          ...     2.500000e-11
Primitive cut-off                           ...     2.500000e-12
Primitive pair pre-selection threshold      ...     2.500000e-12

Calculating pre-screening integrals         ... done (  0.0 sec) Dimension = 48
Organizing shell pair data                  ... done (  0.0 sec)
Shell pair information
Total number of shell pairs                 ...      1176
Shell pairs after pre-screening             ...      1158
Total number of primitive shell pairs       ...      6699
Primitive shell pairs kept                  ...      4825
          la=0 lb=0:    447 shell pairs
          la=1 lb=0:    360 shell pairs
          la=1 lb=1:     78 shell pairs
          la=2 lb=0:    180 shell pairs
          la=2 lb=1:     72 shell pairs
          la=2 lb=2:     21 shell pairs

Reading point charge file                   ... ok (144 point charges)
Calculating one electron integrals          ... done (  0.0 sec)
Calculating RI/J V-Matrix + Cholesky decomp.... done (  0.0 sec)
Calculating Nuclear repulsion               ... (+Point charges) done (  0.0 sec) ENN=    203.208278448184 Eh

SHARK setup successfully completed in   0.2 seconds

Maximum memory used throughout the entire GTOINT-calculation: 11.0 MB


           ************************************************************
           *        Program running with 8 parallel MPI-processes     *
           *              working on a common directory               *
           ************************************************************
------------------------------------------------------------------------------
                   ___                                                        
                  /   \      - P O W E R E D   B Y -                         
                 /     \                                                     
                 |  |  |   _    _      __       _____    __    __             
                 |  |  |  | |  | |    /  \     |  _  \  |  |  /  |          
                  \  \/   | |  | |   /    \    | | | |  |  | /  /          
                 / \  \   | |__| |  /  /\  \   | |_| |  |  |/  /          
                |  |  |   |  __  | /  /__\  \  |    /   |      \           
                |  |  |   | |  | | |   __   |  |    \   |  |\   \          
                \     /   | |  | | |  |  |  |  | |\  \  |  | \   \       
                 \___/    |_|  |_| |__|  |__|  |_| \__\ |__|  \__/        
                                                                              
                      - O R C A' S   B I G   F R I E N D -                    
                                      &                                       
                       - I N T E G R A L  F E E D E R -                       
                                                                              
 v1 FN, 2020, v2 2021                                                         
------------------------------------------------------------------------------


Reading SHARK input file C6H6--12C6H12_0_1_bp86_xtb_6-31gpol_RC-1-layer.copt.SHARKINP.tmp ... ok
----------------------
SHARK INTEGRAL PACKAGE
----------------------

Number of atoms                             ...     12
Number of basis functions                   ...     96
Number of shells                            ...     48
Maximum angular momentum                    ...      2
Integral batch strategy                     ... SHARK/LIBINT Hybrid
RI-J (if used) integral strategy            ... SPLIT-RIJ (Revised 2003 algorithm where possible)
Printlevel                                  ...      1
Contraction scheme used                     ... SEGMENTED contraction
Coulomb Range Separation                    ... NOT USED
Exchange Range Separation                   ... NOT USED
Finite Nucleus Model                        ... NOT USED
Auxiliary Coulomb fitting basis             ... AVAILABLE
   # of basis functions in Aux-J            ...    360
   # of shells in Aux-J                     ...    120
   Maximum angular momentum in Aux-J        ...      4
Auxiliary J/K fitting basis                 ... NOT available
Auxiliary Correlation fitting basis         ... NOT available
Auxiliary 'external' fitting basis          ... NOT available
Integral threshold                          ...     2.500000e-11
Primitive cut-off                           ...     2.500000e-12
Primitive pair pre-selection threshold      ...     2.500000e-12

Calculating pre-screening integrals         ... done (  0.0 sec) Dimension = 48
Organizing shell pair data                  ... done (  0.0 sec)
Shell pair information
Total number of shell pairs                 ...      1176
Shell pairs after pre-screening             ...      1158
Total number of primitive shell pairs       ...      6699
Primitive shell pairs kept                  ...      4825
          la=0 lb=0:    447 shell pairs
          la=1 lb=0:    360 shell pairs
          la=1 lb=1:     78 shell pairs
          la=2 lb=0:    180 shell pairs
          la=2 lb=1:     72 shell pairs
          la=2 lb=2:     21 shell pairs

Reading point charge file                   ... ok (144 point charges)
Calculating one electron integrals          ... done (  0.0 sec)
Calculating RI/J V-Matrix + Cholesky decomp.... done (  0.0 sec)
Calculating Nuclear repulsion               ... (+Point charges) done (  0.0 sec) ENN=    203.257251918570 Eh

SHARK setup successfully completed in   0.2 seconds

Maximum memory used throughout the entire GTOINT-calculation: 11.0 MB


           ************************************************************
           *        Program running with 8 parallel MPI-processes     *
           *              working on a common directory               *
           ************************************************************
------------------------------------------------------------------------------
                   ___                                                        
                  /   \      - P O W E R E D   B Y -                         
                 /     \                                                     
                 |  |  |   _    _      __       _____    __    __             
                 |  |  |  | |  | |    /  \     |  _  \  |  |  /  |          
                  \  \/   | |  | |   /    \    | | | |  |  | /  /          
                 / \  \   | |__| |  /  /\  \   | |_| |  |  |/  /          
                |  |  |   |  __  | /  /__\  \  |    /   |      \           
                |  |  |   | |  | | |   __   |  |    \   |  |\   \          
                \     /   | |  | | |  |  |  |  | |\  \  |  | \   \       
                 \___/    |_|  |_| |__|  |__|  |_| \__\ |__|  \__/        
                                                                              
                      - O R C A' S   B I G   F R I E N D -                    
                                      &                                       
                       - I N T E G R A L  F E E D E R -                       
                                                                              
 v1 FN, 2020, v2 2021                                                         
------------------------------------------------------------------------------


Reading SHARK input file C6H6--12C6H12_0_1_bp86_xtb_6-31gpol_RC-1-layer.copt.SHARKINP.tmp ... ok
----------------------
SHARK INTEGRAL PACKAGE
----------------------

Number of atoms                             ...     12
Number of basis functions                   ...     96
Number of shells                            ...     48
Maximum angular momentum                    ...      2
Integral batch strategy                     ... SHARK/LIBINT Hybrid
RI-J (if used) integral strategy            ... SPLIT-RIJ (Revised 2003 algorithm where possible)
Printlevel                                  ...      1
Contraction scheme used                     ... SEGMENTED contraction
Coulomb Range Separation                    ... NOT USED
Exchange Range Separation                   ... NOT USED
Finite Nucleus Model                        ... NOT USED
Auxiliary Coulomb fitting basis             ... AVAILABLE
   # of basis functions in Aux-J            ...    360
   # of shells in Aux-J                     ...    120
   Maximum angular momentum in Aux-J        ...      4
Auxiliary J/K fitting basis                 ... NOT available
Auxiliary Correlation fitting basis         ... NOT available
Auxiliary 'external' fitting basis          ... NOT available
Integral threshold                          ...     2.500000e-11
Primitive cut-off                           ...     2.500000e-12
Primitive pair pre-selection threshold      ...     2.500000e-12

Calculating pre-screening integrals         ... done (  0.0 sec) Dimension = 48
Organizing shell pair data                  ... done (  0.0 sec)
Shell pair information
Total number of shell pairs                 ...      1176
Shell pairs after pre-screening             ...      1158
Total number of primitive shell pairs       ...      6699
Primitive shell pairs kept                  ...      4825
          la=0 lb=0:    447 shell pairs
          la=1 lb=0:    360 shell pairs
          la=1 lb=1:     78 shell pairs
          la=2 lb=0:    180 shell pairs
          la=2 lb=1:     72 shell pairs
          la=2 lb=2:     21 shell pairs

Reading point charge file                   ... ok (144 point charges)
Calculating one electron integrals          ... done (  0.0 sec)
Calculating RI/J V-Matrix + Cholesky decomp.... done (  0.0 sec)
Calculating Nuclear repulsion               ... (+Point charges) done (  0.0 sec) ENN=    203.245955216122 Eh

SHARK setup successfully completed in   0.2 seconds

Maximum memory used throughout the entire GTOINT-calculation: 11.0 MB


           ************************************************************
           *        Program running with 8 parallel MPI-processes     *
           *              working on a common directory               *
           ************************************************************
------------------------------------------------------------------------------
                   ___                                                        
                  /   \      - P O W E R E D   B Y -                         
                 /     \                                                     
                 |  |  |   _    _      __       _____    __    __             
                 |  |  |  | |  | |    /  \     |  _  \  |  |  /  |          
                  \  \/   | |  | |   /    \    | | | |  |  | /  /          
                 / \  \   | |__| |  /  /\  \   | |_| |  |  |/  /          
                |  |  |   |  __  | /  /__\  \  |    /   |      \           
                |  |  |   | |  | | |   __   |  |    \   |  |\   \          
                \     /   | |  | | |  |  |  |  | |\  \  |  | \   \       
                 \___/    |_|  |_| |__|  |__|  |_| \__\ |__|  \__/        
                                                                              
                      - O R C A' S   B I G   F R I E N D -                    
                                      &                                       
                       - I N T E G R A L  F E E D E R -                       
                                                                              
 v1 FN, 2020, v2 2021                                                         
------------------------------------------------------------------------------


Reading SHARK input file C6H6--12C6H12_0_1_bp86_xtb_6-31gpol_RC-1-layer.copt.SHARKINP.tmp ... ok
----------------------
SHARK INTEGRAL PACKAGE
----------------------

Number of atoms                             ...     12
Number of basis functions                   ...     96
Number of shells                            ...     48
Maximum angular momentum                    ...      2
Integral batch strategy                     ... SHARK/LIBINT Hybrid
RI-J (if used) integral strategy            ... SPLIT-RIJ (Revised 2003 algorithm where possible)
Printlevel                                  ...      1
Contraction scheme used                     ... SEGMENTED contraction
Coulomb Range Separation                    ... NOT USED
Exchange Range Separation                   ... NOT USED
Finite Nucleus Model                        ... NOT USED
Auxiliary Coulomb fitting basis             ... AVAILABLE
   # of basis functions in Aux-J            ...    360
   # of shells in Aux-J                     ...    120
   Maximum angular momentum in Aux-J        ...      4
Auxiliary J/K fitting basis                 ... NOT available
Auxiliary Correlation fitting basis         ... NOT available
Auxiliary 'external' fitting basis          ... NOT available
Integral threshold                          ...     2.500000e-11
Primitive cut-off                           ...     2.500000e-12
Primitive pair pre-selection threshold      ...     2.500000e-12

Calculating pre-screening integrals         ... done (  0.0 sec) Dimension = 48
Organizing shell pair data                  ... done (  0.0 sec)
Shell pair information
Total number of shell pairs                 ...      1176
Shell pairs after pre-screening             ...      1158
Total number of primitive shell pairs       ...      6699
Primitive shell pairs kept                  ...      4825
          la=0 lb=0:    447 shell pairs
          la=1 lb=0:    360 shell pairs
          la=1 lb=1:     78 shell pairs
          la=2 lb=0:    180 shell pairs
          la=2 lb=1:     72 shell pairs
          la=2 lb=2:     21 shell pairs

Reading point charge file                   ... ok (144 point charges)
Calculating one electron integrals          ... done (  0.0 sec)
Calculating RI/J V-Matrix + Cholesky decomp.... done (  0.0 sec)
Calculating Nuclear repulsion               ... (+Point charges) done (  0.0 sec) ENN=    203.248246748681 Eh

SHARK setup successfully completed in   0.2 seconds

Maximum memory used throughout the entire GTOINT-calculation: 11.0 MB
