                      :-) GROMACS - gmx mdrun, 2022.2 (-:

Copyright 1991-2022 The GROMACS Authors.
GROMACS is free software; you can redistribute it and/or modify it
under the terms of the GNU Lesser General Public License
as published by the Free Software Foundation; either version 2.1
of the License, or (at your option) any later version.

                         Current GROMACS contributors:
       Mark Abraham           Andrey Alekseenko           Cathrine Bergh      
      Christian Blau            Eliane Briand               Kevin Boyd        
     Oliver Fleetwood         Stefan Fleischmann           Vytas Gapsys       
       Gaurav Garg           Gilles Gouaillardet            Alan Gray         
      Victor Holanda           M. Eric Irrgang              Joe Jordan        
    Christoph Junghans        Prashanth Kanduri           Sebastian Kehl      
     Sebastian Keller          Carsten Kutzner           Magnus Lundborg      
       Pascal Merz              Dmitry Morozov             Szilard Pall       
      Roland Schulz             Michael Shirts         David van der Spoel    
     Alessandra Villa      Sebastian Wingbermuehle        Artem Zhmurov       

                         Previous GROMACS contributors:
        Emile Apol             Rossen Apostolov           James Barnett       
  Herman J.C. Berendsen          Par Bjelkmar           Viacheslav Bolnykh    
    Aldert van Buuren          Carlo Camilloni           Rudi van Drunen      
      Anton Feenstra           Gerrit Groenhof            Bert de Groot       
      Anca Hamuraru           Vincent Hindriksen         Aleksei Iupinov      
   Dimitrios Karkoulis           Peter Kasson               Jiri Kraus        
       Per Larsson             Justin A. Lemkul           Viveca Lindahl      
      Erik Marklund           Pieter Meulenhoff           Vedran Miletic      
      Teemu Murtola              Sander Pronk            Alexey Shvetsov      
      Alfons Sijbers            Peter Tieleman             Jon Vincent        
     Teemu Virolainen         Christian Wennberg           Maarten Wolf       

                  Coordinated by the GROMACS project leaders:
                    Paul Bauer, Berk Hess, and Erik Lindahl

GROMACS:      gmx mdrun, version 2022.2
Executable:   /home/nickyang69/software/gromacs/2022.2/bin/gmx
Data prefix:  /home/nickyang69/software/gromacs/2022.2
Working dir:  /home/nickyang69/Projects/CompChem/Practice/Week10/Exercise2
Process ID:   21330
Command line:
  gmx mdrun -deffnm npt -ntmpi 1 -ntomp 4 -update gpu -nstlist 200

GROMACS version:    2022.2
Precision:          mixed
Memory model:       64 bit
MPI library:        thread_mpi
OpenMP support:     enabled (GMX_OPENMP_MAX_THREADS = 128)
GPU support:        CUDA
SIMD instructions:  AVX_512
CPU FFT library:    fftw-3.3.8-sse2-avx-avx2-avx2_128-avx512
GPU FFT library:    cuFFT
RDTSCP usage:       enabled
TNG support:        enabled
Hwloc support:      disabled
Tracing support:    disabled
C compiler:         /work/HPC_SYS/devtoolset/devtoolset-10/root/usr/bin/cc GNU 10.2.1
C compiler flags:   -mavx512f -mfma -mavx512vl -mavx512dq -mavx512bw -pthread -Wno-missing-field-initializers -fexcess-precision=fast -funroll-all-loops -O3 -DNDEBUG
C++ compiler:       /work/HPC_SYS/devtoolset/devtoolset-10/root/usr/bin/c++ GNU 10.2.1
C++ compiler flags: -mavx512f -mfma -mavx512vl -mavx512dq -mavx512bw -pthread -Wno-missing-field-initializers -fexcess-precision=fast -funroll-all-loops -fopenmp -O3 -DNDEBUG
CUDA compiler:      /work/HPC_SYS/nvidia/cuda/cuda-11.2/bin/nvcc nvcc: NVIDIA (R) Cuda compiler driver;Copyright (c) 2005-2021 NVIDIA Corporation;Built on Sun_Feb_14_21:12:58_PST_2021;Cuda compilation tools, release 11.2, V11.2.152;Build cuda_11.2.r11.2/compiler.29618528_0
CUDA compiler flags:-std=c++17;-gencode;arch=compute_35,code=sm_35;-gencode;arch=compute_37,code=sm_37;-gencode;arch=compute_50,code=sm_50;-gencode;arch=compute_52,code=sm_52;-gencode;arch=compute_60,code=sm_60;-gencode;arch=compute_61,code=sm_61;-gencode;arch=compute_70,code=sm_70;-gencode;arch=compute_75,code=sm_75;-gencode;arch=compute_80,code=sm_80;-Wno-deprecated-gpu-targets;-gencode;arch=compute_53,code=sm_53;-gencode;arch=compute_80,code=sm_80;-use_fast_math;;-mavx512f -mfma -mavx512vl -mavx512dq -mavx512bw -pthread -Wno-missing-field-initializers -fexcess-precision=fast -funroll-all-loops -fopenmp -O3 -DNDEBUG
CUDA driver:        11.70
CUDA runtime:       11.20


Running on 1 node with total 4 cores, 4 processing units, 1 compatible GPU
Hardware detected:
  CPU info:
    Vendor: Intel
    Brand:  Intel(R) Xeon(R) Gold 6154 CPU @ 3.00GHz
    Family: 6   Model: 85   Stepping: 4
    Features: aes apic avx avx2 avx512f avx512cd avx512bw avx512vl avx512secondFMA clfsh cmov cx8 cx16 f16c fma hle htt intel lahf mmx msr nonstop_tsc pcid pclmuldq pdcm pdpe1gb popcnt pse rdrnd rdtscp rtm sse2 sse3 sse4.1 sse4.2 ssse3 tdt x2apic
    Number of AVX-512 FMA units: 2
  Hardware topology: Basic
    Packages, cores, and logical processors:
    [indices refer to OS logical processors]
      Package  1: [  20] [  21] [  22] [  23]
    CPU limit set by OS: -1   Recommended max number of threads: 4
  GPU info:
    Number of GPUs detected: 1
    #0: NVIDIA Tesla V100-SXM2-32GB, compute cap.: 7.0, ECC: yes, stat: compatible


++++ PLEASE READ AND CITE THE FOLLOWING REFERENCE ++++
M. J. Abraham, T. Murtola, R. Schulz, S. Páll, J. C. Smith, B. Hess, E.
Lindahl
GROMACS: High performance molecular simulations through multi-level
parallelism from laptops to supercomputers
SoftwareX 1 (2015) pp. 19-25
-------- -------- --- Thank You --- -------- --------


++++ PLEASE READ AND CITE THE FOLLOWING REFERENCE ++++
S. Páll, M. J. Abraham, C. Kutzner, B. Hess, E. Lindahl
Tackling Exascale Software Challenges in Molecular Dynamics Simulations with
GROMACS
In S. Markidis & E. Laure (Eds.), Solving Software Challenges for Exascale 8759 (2015) pp. 3-27
-------- -------- --- Thank You --- -------- --------


++++ PLEASE READ AND CITE THE FOLLOWING REFERENCE ++++
S. Pronk, S. Páll, R. Schulz, P. Larsson, P. Bjelkmar, R. Apostolov, M. R.
Shirts, J. C. Smith, P. M. Kasson, D. van der Spoel, B. Hess, and E. Lindahl
GROMACS 4.5: a high-throughput and highly parallel open source molecular
simulation toolkit
Bioinformatics 29 (2013) pp. 845-54
-------- -------- --- Thank You --- -------- --------


++++ PLEASE READ AND CITE THE FOLLOWING REFERENCE ++++
B. Hess and C. Kutzner and D. van der Spoel and E. Lindahl
GROMACS 4: Algorithms for highly efficient, load-balanced, and scalable
molecular simulation
J. Chem. Theory Comput. 4 (2008) pp. 435-447
-------- -------- --- Thank You --- -------- --------


++++ PLEASE READ AND CITE THE FOLLOWING REFERENCE ++++
D. van der Spoel, E. Lindahl, B. Hess, G. Groenhof, A. E. Mark and H. J. C.
Berendsen
GROMACS: Fast, Flexible and Free
J. Comp. Chem. 26 (2005) pp. 1701-1719
-------- -------- --- Thank You --- -------- --------


++++ PLEASE READ AND CITE THE FOLLOWING REFERENCE ++++
E. Lindahl and B. Hess and D. van der Spoel
GROMACS 3.0: A package for molecular simulation and trajectory analysis
J. Mol. Mod. 7 (2001) pp. 306-317
-------- -------- --- Thank You --- -------- --------


++++ PLEASE READ AND CITE THE FOLLOWING REFERENCE ++++
H. J. C. Berendsen, D. van der Spoel and R. van Drunen
GROMACS: A message-passing parallel molecular dynamics implementation
Comp. Phys. Comm. 91 (1995) pp. 43-56
-------- -------- --- Thank You --- -------- --------


++++ PLEASE CITE THE DOI FOR THIS VERSION OF GROMACS ++++
https://doi.org/10.5281/zenodo.6637571
-------- -------- --- Thank You --- -------- --------

Input Parameters:
   integrator                     = md
   tinit                          = 0
   dt                             = 0.002
   nsteps                         = 50000
   init-step                      = 0
   simulation-part                = 1
   mts                            = false
   comm-mode                      = Linear
   nstcomm                        = 100
   bd-fric                        = 0
   ld-seed                        = -100696065
   emtol                          = 10
   emstep                         = 0.01
   niter                          = 20
   fcstep                         = 0
   nstcgsteep                     = 1000
   nbfgscorr                      = 10
   rtpi                           = 0.05
   nstxout                        = 0
   nstvout                        = 0
   nstfout                        = 0
   nstlog                         = 500
   nstcalcenergy                  = 100
   nstenergy                      = 500
   nstxout-compressed             = 500
   compressed-x-precision         = 1000
   cutoff-scheme                  = Verlet
   nstlist                        = 20
   pbc                            = xyz
   periodic-molecules             = false
   verlet-buffer-tolerance        = 0.005
   rlist                          = 1.222
   coulombtype                    = PME
   coulomb-modifier               = Potential-shift
   rcoulomb-switch                = 0
   rcoulomb                       = 1.2
   epsilon-r                      = 1
   epsilon-rf                     = inf
   vdw-type                       = Cut-off
   vdw-modifier                   = Force-switch
   rvdw-switch                    = 1
   rvdw                           = 1.2
   DispCorr                       = No
   table-extension                = 1
   fourierspacing                 = 0.16
   fourier-nx                     = 52
   fourier-ny                     = 52
   fourier-nz                     = 52
   pme-order                      = 4
   ewald-rtol                     = 1e-05
   ewald-rtol-lj                  = 0.001
   lj-pme-comb-rule               = Geometric
   ewald-geometry                 = 3d
   epsilon-surface                = 0
   tcoupl                         = V-rescale
   nsttcouple                     = 10
   nh-chain-length                = 0
   print-nose-hoover-chain-variables = false
   pcoupl                         = Parrinello-Rahman
   pcoupltype                     = Isotropic
   nstpcouple                     = 10
   tau-p                          = 2
   compressibility (3x3):
      compressibility[    0]={ 4.50000e-05,  0.00000e+00,  0.00000e+00}
      compressibility[    1]={ 0.00000e+00,  4.50000e-05,  0.00000e+00}
      compressibility[    2]={ 0.00000e+00,  0.00000e+00,  4.50000e-05}
   ref-p (3x3):
      ref-p[    0]={ 1.00000e+00,  0.00000e+00,  0.00000e+00}
      ref-p[    1]={ 0.00000e+00,  1.00000e+00,  0.00000e+00}
      ref-p[    2]={ 0.00000e+00,  0.00000e+00,  1.00000e+00}
   refcoord-scaling               = COM
   posres-com (3):
      posres-com[0]= 5.00845e-01
      posres-com[1]= 4.99952e-01
      posres-com[2]= 4.99282e-01
   posres-comB (3):
      posres-comB[0]= 5.00845e-01
      posres-comB[1]= 4.99952e-01
      posres-comB[2]= 4.99282e-01
   QMMM                           = false
qm-opts:
   ngQM                           = 0
   constraint-algorithm           = Lincs
   continuation                   = true
   Shake-SOR                      = false
   shake-tol                      = 0.0001
   lincs-order                    = 4
   lincs-iter                     = 1
   lincs-warnangle                = 30
   nwall                          = 0
   wall-type                      = 9-3
   wall-r-linpot                  = -1
   wall-atomtype[0]               = -1
   wall-atomtype[1]               = -1
   wall-density[0]                = 0
   wall-density[1]                = 0
   wall-ewald-zfac                = 3
   pull                           = false
   awh                            = false
   rotation                       = false
   interactiveMD                  = false
   disre                          = No
   disre-weighting                = Conservative
   disre-mixed                    = false
   dr-fc                          = 1000
   dr-tau                         = 0
   nstdisreout                    = 100
   orire-fc                       = 0
   orire-tau                      = 0
   nstorireout                    = 100
   free-energy                    = no
   cos-acceleration               = 0
   deform (3x3):
      deform[    0]={ 0.00000e+00,  0.00000e+00,  0.00000e+00}
      deform[    1]={ 0.00000e+00,  0.00000e+00,  0.00000e+00}
      deform[    2]={ 0.00000e+00,  0.00000e+00,  0.00000e+00}
   simulated-tempering            = false
   swapcoords                     = no
   userint1                       = 0
   userint2                       = 0
   userint3                       = 0
   userint4                       = 0
   userreal1                      = 0
   userreal2                      = 0
   userreal3                      = 0
   userreal4                      = 0
   applied-forces:
     electric-field:
       x:
         E0                       = 0
         omega                    = 0
         t0                       = 0
         sigma                    = 0
       y:
         E0                       = 0
         omega                    = 0
         t0                       = 0
         sigma                    = 0
       z:
         E0                       = 0
         omega                    = 0
         t0                       = 0
         sigma                    = 0
     density-guided-simulation:
       active                     = false
       group                      = protein
       similarity-measure         = inner-product
       atom-spreading-weight      = unity
       force-constant             = 1e+09
       gaussian-transform-spreading-width = 0.2
       gaussian-transform-spreading-range-in-multiples-of-width = 4
       reference-density-filename = reference.mrc
       nst                        = 1
       normalize-densities        = true
       adaptive-force-scaling     = false
       adaptive-force-scaling-time-constant = 4
       shift-vector               = 
       transformation-matrix      = 
     qmmm-cp2k:
       active                     = false
       qmgroup                    = System
       qmmethod                   = PBE
       qmfilenames                = 
       qmcharge                   = 0
       qmmultiplicity             = 1
grpopts:
   nrdf:      8966.6     57498.4
   ref-t:         300         300
   tau-t:         0.1         0.1
annealing:          No          No
annealing-npoints:           0           0
   acc:	           0           0           0
   nfreeze:           N           N           N
   energygrp-flags[  0]: 0

Changing nstlist from 20 to 200, rlist from 1.222 to 1.535

When checking whether update groups are usable:
  Domain decomposition is not active, so there is no need for update groups
  At least one moleculetype does not conform to the requirements for using update groups
1 GPU selected for this run.
Mapping of GPU IDs to the 2 GPU tasks in the 1 rank on this node:
  PP:0,PME:0
PP tasks will do (non-perturbed) short-ranged interactions on the GPU
PP task will update and constrain coordinates on the GPU
PME tasks will do all aspects on the GPU
Using 1 MPI thread

Non-default thread affinity set, disabling internal thread affinity

Using 4 OpenMP threads 

System total charge: 0.000
Will do PME sum in reciprocal space for electrostatic interactions.

++++ PLEASE READ AND CITE THE FOLLOWING REFERENCE ++++
U. Essmann, L. Perera, M. L. Berkowitz, T. Darden, H. Lee and L. G. Pedersen 
A smooth particle mesh Ewald method
J. Chem. Phys. 103 (1995) pp. 8577-8592
-------- -------- --- Thank You --- -------- --------

Using a Gaussian width (1/beta) of 0.384195 nm for Ewald
Potential shift: LJ r^-12: -2.648e-01 r^-6: -5.349e-01, Ewald -8.333e-06
Initialized non-bonded Coulomb Ewald tables, spacing: 1.02e-03 size: 1176

Generated table with 1267 data points for 1-4 COUL.
Tabscale = 500 points/nm
Generated table with 1267 data points for 1-4 LJ6.
Tabscale = 500 points/nm
Generated table with 1267 data points for 1-4 LJ12.
Tabscale = 500 points/nm


Using GPU 8x8 nonbonded short-range kernels

Using a dual 8x8 pair-list setup updated with dynamic, rolling pruning:
  outer list: updated every 200 steps, buffer 0.335 nm, rlist 1.535 nm
  inner list: updated every  12 steps, buffer 0.003 nm, rlist 1.203 nm
At tolerance 0.005 kJ/mol/ps per atom, equivalent classical 1x1 list would be:
  outer list: updated every 200 steps, buffer 0.555 nm, rlist 1.755 nm
  inner list: updated every  12 steps, buffer 0.052 nm, rlist 1.252 nm

Initializing LINear Constraint Solver

++++ PLEASE READ AND CITE THE FOLLOWING REFERENCE ++++
B. Hess and H. Bekker and H. J. C. Berendsen and J. G. E. M. Fraaije
LINCS: A Linear Constraint Solver for molecular simulations
J. Comp. Chem. 18 (1997) pp. 1463-1472
-------- -------- --- Thank You --- -------- --------

The number of constraints is 1728

++++ PLEASE READ AND CITE THE FOLLOWING REFERENCE ++++
S. Miyamoto and P. A. Kollman
SETTLE: An Analytical Version of the SHAKE and RATTLE Algorithms for Rigid
Water Models
J. Comp. Chem. 13 (1992) pp. 952-962
-------- -------- --- Thank You --- -------- --------


++++ PLEASE READ AND CITE THE FOLLOWING REFERENCE ++++
G. Bussi, D. Donadio and M. Parrinello
Canonical sampling through velocity rescaling
J. Chem. Phys. 126 (2007) pp. 014101
-------- -------- --- Thank You --- -------- --------

There are: 32315 Atoms

Updating coordinates and applying constraints on the GPU.
Center of mass motion removal mode is Linear
We have the following groups for center of mass motion removal:
  0:  rest

Started mdrun on rank 0 Sat May  6 23:07:42 2023

           Step           Time
              0        0.00000

   Energies (kJ/mol)
           Bond            U-B    Proper Dih.  Improper Dih.      CMAP Dih.
    2.92113e+03    7.94882e+03    9.20969e+03    4.92600e+02   -7.69697e+02
          LJ-14     Coulomb-14        LJ (SR)   Coulomb (SR)   Coul. recip.
    2.87736e+03    4.87469e+04    7.86392e+04   -6.07868e+05    1.60568e+03
 Position Rest.      Potential    Kinetic En.   Total Energy  Conserved En.
    2.29793e-01   -4.56196e+05    8.26601e+04   -3.73535e+05   -3.73516e+05
    Temperature Pressure (bar)   Constr. rmsd
    2.99157e+02    1.77089e+02    0.00000e+00

           Step           Time
            500        1.00000

   Energies (kJ/mol)
           Bond            U-B    Proper Dih.  Improper Dih.      CMAP Dih.
    3.00059e+03    7.79827e+03    9.21261e+03    5.45760e+02   -7.99606e+02
          LJ-14     Coulomb-14        LJ (SR)   Coulomb (SR)   Coul. recip.
    2.76091e+03    4.88801e+04    7.95648e+04   -6.11011e+05    1.53865e+03
 Position Rest.      Potential    Kinetic En.   Total Energy  Conserved En.
    7.47904e+02   -4.57761e+05    8.25421e+04   -3.75218e+05   -3.73498e+05
    Temperature Pressure (bar)   Constr. rmsd
    2.98730e+02    4.95626e+01    0.00000e+00

           Step           Time
           1000        2.00000

   Energies (kJ/mol)
           Bond            U-B    Proper Dih.  Improper Dih.      CMAP Dih.
    2.82977e+03    7.89330e+03    9.33739e+03    4.60378e+02   -7.57269e+02
          LJ-14     Coulomb-14        LJ (SR)   Coulomb (SR)   Coul. recip.
    2.80654e+03    4.88947e+04    7.85016e+04   -6.08862e+05    1.63886e+03
 Position Rest.      Potential    Kinetic En.   Total Energy  Conserved En.
    8.14071e+02   -4.56443e+05    8.35900e+04   -3.72853e+05   -3.73546e+05
    Temperature Pressure (bar)   Constr. rmsd
    3.02522e+02    6.73874e+01    0.00000e+00

           Step           Time
           1500        3.00000

   Energies (kJ/mol)
           Bond            U-B    Proper Dih.  Improper Dih.      CMAP Dih.
    3.01778e+03    7.72471e+03    9.32266e+03    5.04091e+02   -7.76169e+02
          LJ-14     Coulomb-14        LJ (SR)   Coulomb (SR)   Coul. recip.
    2.85526e+03    4.85715e+04    7.80202e+04   -6.08035e+05    1.56986e+03
 Position Rest.      Potential    Kinetic En.   Total Energy  Conserved En.
    8.34819e+02   -4.56390e+05    8.31363e+04   -3.73254e+05   -3.73526e+05
    Temperature Pressure (bar)   Constr. rmsd
    3.00880e+02   -1.53069e+02    0.00000e+00

           Step           Time
           2000        4.00000

   Energies (kJ/mol)
           Bond            U-B    Proper Dih.  Improper Dih.      CMAP Dih.
    2.90909e+03    7.54990e+03    9.20953e+03    4.97275e+02   -8.00383e+02
          LJ-14     Coulomb-14        LJ (SR)   Coulomb (SR)   Coul. recip.
    2.81929e+03    4.88612e+04    7.99365e+04   -6.11752e+05    1.54413e+03
 Position Rest.      Potential    Kinetic En.   Total Energy  Conserved En.
    8.31820e+02   -4.58394e+05    8.25460e+04   -3.75848e+05   -3.73523e+05
    Temperature Pressure (bar)   Constr. rmsd
    2.98744e+02    1.72188e+02    0.00000e+00

           Step           Time
           2500        5.00000

   Energies (kJ/mol)
           Bond            U-B    Proper Dih.  Improper Dih.      CMAP Dih.
    2.87916e+03    7.88547e+03    9.34081e+03    4.84537e+02   -8.50292e+02
          LJ-14     Coulomb-14        LJ (SR)   Coulomb (SR)   Coul. recip.
    2.78693e+03    4.85075e+04    8.08058e+04   -6.12223e+05    1.54758e+03
 Position Rest.      Potential    Kinetic En.   Total Energy  Conserved En.
    8.51274e+02   -4.57984e+05    8.24962e+04   -3.75488e+05   -3.73511e+05
    Temperature Pressure (bar)   Constr. rmsd
    2.98564e+02    3.68846e+02    0.00000e+00

           Step           Time
           3000        6.00000

   Energies (kJ/mol)
           Bond            U-B    Proper Dih.  Improper Dih.      CMAP Dih.
    2.98759e+03    7.73004e+03    9.22063e+03    5.21798e+02   -7.64930e+02
          LJ-14     Coulomb-14        LJ (SR)   Coulomb (SR)   Coul. recip.
    2.74479e+03    4.86970e+04    7.86101e+04   -6.09328e+05    1.51905e+03
 Position Rest.      Potential    Kinetic En.   Total Energy  Conserved En.
    8.56101e+02   -4.57206e+05    8.38577e+04   -3.73348e+05   -3.73542e+05
    Temperature Pressure (bar)   Constr. rmsd
    3.03491e+02   -1.72206e+02    0.00000e+00

           Step           Time
           3500        7.00000

   Energies (kJ/mol)
           Bond            U-B    Proper Dih.  Improper Dih.      CMAP Dih.
    2.98351e+03    7.83684e+03    9.17321e+03    4.62613e+02   -8.00435e+02
          LJ-14     Coulomb-14        LJ (SR)   Coulomb (SR)   Coul. recip.
    2.92404e+03    4.88236e+04    7.84822e+04   -6.08499e+05    1.61056e+03
 Position Rest.      Potential    Kinetic En.   Total Energy  Conserved En.
    8.16322e+02   -4.56186e+05    8.29683e+04   -3.73218e+05   -3.73509e+05
    Temperature Pressure (bar)   Constr. rmsd
    3.00272e+02    1.80451e+02    0.00000e+00

           Step           Time
           4000        8.00000

   Energies (kJ/mol)
           Bond            U-B    Proper Dih.  Improper Dih.      CMAP Dih.
    2.89026e+03    7.87888e+03    9.29008e+03    4.75122e+02   -8.06610e+02
          LJ-14     Coulomb-14        LJ (SR)   Coulomb (SR)   Coul. recip.
    2.83388e+03    4.85947e+04    7.94193e+04   -6.09938e+05    1.56436e+03
 Position Rest.      Potential    Kinetic En.   Total Energy  Conserved En.
    8.38502e+02   -4.56959e+05    8.23399e+04   -3.74619e+05   -3.73498e+05
    Temperature Pressure (bar)   Constr. rmsd
    2.97998e+02    2.96729e+02    0.00000e+00

           Step           Time
           4500        9.00000

   Energies (kJ/mol)
           Bond            U-B    Proper Dih.  Improper Dih.      CMAP Dih.
    3.12894e+03    7.87956e+03    9.21955e+03    5.00818e+02   -8.03772e+02
          LJ-14     Coulomb-14        LJ (SR)   Coulomb (SR)   Coul. recip.
    2.72094e+03    4.86611e+04    7.98470e+04   -6.10198e+05    1.56688e+03
 Position Rest.      Potential    Kinetic En.   Total Energy  Conserved En.
    8.79314e+02   -4.56598e+05    8.29942e+04   -3.73604e+05   -3.73503e+05
    Temperature Pressure (bar)   Constr. rmsd
    3.00366e+02    1.10857e+02    0.00000e+00

           Step           Time
           5000       10.00000

   Energies (kJ/mol)
           Bond            U-B    Proper Dih.  Improper Dih.      CMAP Dih.
    2.93428e+03    7.91027e+03    9.38318e+03    5.68712e+02   -8.41698e+02
          LJ-14     Coulomb-14        LJ (SR)   Coulomb (SR)   Coul. recip.
    2.83583e+03    4.86697e+04    7.81105e+04   -6.08474e+05    1.54669e+03
 Position Rest.      Potential    Kinetic En.   Total Energy  Conserved En.
    8.46080e+02   -4.56511e+05    8.30708e+04   -3.73440e+05   -3.73508e+05
    Temperature Pressure (bar)   Constr. rmsd
    3.00643e+02    8.27151e+01    0.00000e+00

           Step           Time
           5500       11.00000

   Energies (kJ/mol)
           Bond            U-B    Proper Dih.  Improper Dih.      CMAP Dih.
    2.87873e+03    7.72441e+03    9.22734e+03    4.89977e+02   -7.08487e+02
          LJ-14     Coulomb-14        LJ (SR)   Coulomb (SR)   Coul. recip.
    2.85483e+03    4.88128e+04    7.85110e+04   -6.09793e+05    1.53329e+03
 Position Rest.      Potential    Kinetic En.   Total Energy  Conserved En.
    8.82576e+02   -4.57587e+05    8.27448e+04   -3.74842e+05   -3.73503e+05
    Temperature Pressure (bar)   Constr. rmsd
    2.99463e+02    1.38982e+02    0.00000e+00

           Step           Time
           6000       12.00000

   Energies (kJ/mol)
           Bond            U-B    Proper Dih.  Improper Dih.      CMAP Dih.
    3.00144e+03    7.71114e+03    9.22101e+03    5.16134e+02   -7.76797e+02
          LJ-14     Coulomb-14        LJ (SR)   Coulomb (SR)   Coul. recip.
    2.80193e+03    4.87099e+04    7.89140e+04   -6.09768e+05    1.59277e+03
 Position Rest.      Potential    Kinetic En.   Total Energy  Conserved En.
    8.12905e+02   -4.57264e+05    8.34600e+04   -3.73804e+05   -3.73511e+05
    Temperature Pressure (bar)   Constr. rmsd
    3.02052e+02    5.20142e+01    0.00000e+00

           Step           Time
           6500       13.00000

   Energies (kJ/mol)
           Bond            U-B    Proper Dih.  Improper Dih.      CMAP Dih.
    2.86144e+03    7.83768e+03    9.18230e+03    5.12003e+02   -7.94364e+02
          LJ-14     Coulomb-14        LJ (SR)   Coulomb (SR)   Coul. recip.
    2.79037e+03    4.86355e+04    7.84257e+04   -6.10216e+05    1.53566e+03
 Position Rest.      Potential    Kinetic En.   Total Energy  Conserved En.
    8.21756e+02   -4.58408e+05    8.17440e+04   -3.76664e+05   -3.73529e+05
    Temperature Pressure (bar)   Constr. rmsd
    2.95841e+02   -1.99168e+02    0.00000e+00

           Step           Time
           7000       14.00000

   Energies (kJ/mol)
           Bond            U-B    Proper Dih.  Improper Dih.      CMAP Dih.
    2.85032e+03    7.83947e+03    9.26220e+03    5.42135e+02   -8.15275e+02
          LJ-14     Coulomb-14        LJ (SR)   Coulomb (SR)   Coul. recip.
    2.83760e+03    4.87226e+04    7.97812e+04   -6.09885e+05    1.55852e+03
 Position Rest.      Potential    Kinetic En.   Total Energy  Conserved En.
    8.23374e+02   -4.56483e+05    8.26209e+04   -3.73862e+05   -3.73515e+05
    Temperature Pressure (bar)   Constr. rmsd
    2.99015e+02    2.40720e+02    0.00000e+00

           Step           Time
           7500       15.00000

   Energies (kJ/mol)
           Bond            U-B    Proper Dih.  Improper Dih.      CMAP Dih.
    3.03042e+03    7.65118e+03    9.17239e+03    5.52434e+02   -7.75258e+02
          LJ-14     Coulomb-14        LJ (SR)   Coulomb (SR)   Coul. recip.
    2.75588e+03    4.86323e+04    7.87598e+04   -6.10757e+05    1.50490e+03
 Position Rest.      Potential    Kinetic En.   Total Energy  Conserved En.
    8.22489e+02   -4.58650e+05    8.30927e+04   -3.75558e+05   -3.73532e+05
    Temperature Pressure (bar)   Constr. rmsd
    3.00722e+02   -2.23942e+02    0.00000e+00

           Step           Time
           8000       16.00000

   Energies (kJ/mol)
           Bond            U-B    Proper Dih.  Improper Dih.      CMAP Dih.
    3.06793e+03    7.57764e+03    9.21202e+03    5.21437e+02   -7.40468e+02
          LJ-14     Coulomb-14        LJ (SR)   Coulomb (SR)   Coul. recip.
    2.88704e+03    4.87322e+04    7.97884e+04   -6.11566e+05    1.53117e+03
 Position Rest.      Potential    Kinetic En.   Total Energy  Conserved En.
    8.43716e+02   -4.58145e+05    8.33241e+04   -3.74821e+05   -3.73528e+05
    Temperature Pressure (bar)   Constr. rmsd
    3.01560e+02    2.49578e+02    0.00000e+00

           Step           Time
           8500       17.00000

   Energies (kJ/mol)
           Bond            U-B    Proper Dih.  Improper Dih.      CMAP Dih.
    3.01956e+03    7.70557e+03    9.39731e+03    5.65482e+02   -8.17884e+02
          LJ-14     Coulomb-14        LJ (SR)   Coulomb (SR)   Coul. recip.
    2.81556e+03    4.86600e+04    7.78632e+04   -6.09172e+05    1.51136e+03
 Position Rest.      Potential    Kinetic En.   Total Energy  Conserved En.
    8.48468e+02   -4.57604e+05    8.19674e+04   -3.75636e+05   -3.73525e+05
    Temperature Pressure (bar)   Constr. rmsd
    2.96650e+02   -2.23741e+02    0.00000e+00

           Step           Time
           9000       18.00000

   Energies (kJ/mol)
           Bond            U-B    Proper Dih.  Improper Dih.      CMAP Dih.
    2.95460e+03    7.70490e+03    9.20474e+03    5.10158e+02   -7.37896e+02
          LJ-14     Coulomb-14        LJ (SR)   Coulomb (SR)   Coul. recip.
    2.74597e+03    4.87975e+04    7.85621e+04   -6.11226e+05    1.52551e+03
 Position Rest.      Potential    Kinetic En.   Total Energy  Conserved En.
    8.01195e+02   -4.59157e+05    8.24845e+04   -3.76672e+05   -3.73526e+05
    Temperature Pressure (bar)   Constr. rmsd
    2.98521e+02   -1.68466e+02    0.00000e+00

           Step           Time
           9500       19.00000

   Energies (kJ/mol)
           Bond            U-B    Proper Dih.  Improper Dih.      CMAP Dih.
    2.95526e+03    7.87976e+03    9.20116e+03    5.39088e+02   -8.01309e+02
          LJ-14     Coulomb-14        LJ (SR)   Coulomb (SR)   Coul. recip.
    2.86968e+03    4.83458e+04    7.86832e+04   -6.08947e+05    1.54164e+03
 Position Rest.      Potential    Kinetic En.   Total Energy  Conserved En.
    8.25136e+02   -4.56908e+05    8.33110e+04   -3.73597e+05   -3.73546e+05
    Temperature Pressure (bar)   Constr. rmsd
    3.01512e+02    1.91592e+02    0.00000e+00

step 9600: timed with pme grid 52 52 52, coulomb cutoff 1.200: 318.1 M-cycles
step 10000: timed with pme grid 44 44 44, coulomb cutoff 1.314: 338.6 M-cycles
           Step           Time
          10000       20.00000

   Energies (kJ/mol)
           Bond            U-B    Proper Dih.  Improper Dih.      CMAP Dih.
    3.01393e+03    7.77773e+03    9.15106e+03    4.79897e+02   -7.83282e+02
          LJ-14     Coulomb-14        LJ (SR)   Coulomb (SR)   Coul. recip.
    2.88385e+03    4.86846e+04    7.85841e+04   -6.08670e+05    8.31914e+02
 Position Rest.      Potential    Kinetic En.   Total Energy  Conserved En.
    7.79195e+02   -4.57267e+05    8.40101e+04   -3.73257e+05   -3.73544e+05
    Temperature Pressure (bar)   Constr. rmsd
    3.04042e+02    1.01530e+02    0.00000e+00

step 10400: timed with pme grid 40 40 40, coulomb cutoff 1.445: 391.2 M-cycles
           Step           Time
          10500       21.00000

   Energies (kJ/mol)
           Bond            U-B    Proper Dih.  Improper Dih.      CMAP Dih.
    3.08548e+03    7.75024e+03    9.32428e+03    5.04373e+02   -7.85243e+02
          LJ-14     Coulomb-14        LJ (SR)   Coulomb (SR)   Coul. recip.
    2.71648e+03    4.84938e+04    7.94029e+04   -6.10907e+05    1.01541e+03
 Position Rest.      Potential    Kinetic En.   Total Energy  Conserved En.
    8.16635e+02   -4.58583e+05    8.23833e+04   -3.76199e+05   -3.73516e+05
    Temperature Pressure (bar)   Constr. rmsd
    2.98155e+02   -7.02028e+01    0.00000e+00

step 10800: timed with pme grid 42 42 42, coulomb cutoff 1.376: 353.9 M-cycles
           Step           Time
          11000       22.00000

   Energies (kJ/mol)
           Bond            U-B    Proper Dih.  Improper Dih.      CMAP Dih.
    2.84144e+03    7.70302e+03    9.30716e+03    4.93398e+02   -7.16194e+02
          LJ-14     Coulomb-14        LJ (SR)   Coulomb (SR)   Coul. recip.
    2.80885e+03    4.86183e+04    7.92302e+04   -6.09889e+05    1.17487e+03
 Position Rest.      Potential    Kinetic En.   Total Energy  Conserved En.
    8.41947e+02   -4.57586e+05    8.25425e+04   -3.75044e+05   -3.73518e+05
    Temperature Pressure (bar)   Constr. rmsd
    2.98731e+02    2.98784e+01    0.00000e+00

step 11200: timed with pme grid 44 44 44, coulomb cutoff 1.314: 345.5 M-cycles
           Step           Time
          11500       23.00000

   Energies (kJ/mol)
           Bond            U-B    Proper Dih.  Improper Dih.      CMAP Dih.
    2.91515e+03    7.97028e+03    9.25150e+03    5.22683e+02   -8.12744e+02
          LJ-14     Coulomb-14        LJ (SR)   Coulomb (SR)   Coul. recip.
    2.84238e+03    4.87547e+04    7.81619e+04   -6.08343e+05    1.49651e+03
 Position Rest.      Potential    Kinetic En.   Total Energy  Conserved En.
    8.32092e+02   -4.56408e+05    8.30629e+04   -3.73345e+05   -3.73530e+05
    Temperature Pressure (bar)   Constr. rmsd
    3.00615e+02    7.37026e+01    0.00000e+00

step 11600: timed with pme grid 48 48 48, coulomb cutoff 1.204: 388.5 M-cycles
step 12000: timed with pme grid 52 52 52, coulomb cutoff 1.200: 309.3 M-cycles
           Step           Time
          12000       24.00000

   Energies (kJ/mol)
           Bond            U-B    Proper Dih.  Improper Dih.      CMAP Dih.
    2.87671e+03    7.90648e+03    9.35126e+03    4.90148e+02   -8.21188e+02
          LJ-14     Coulomb-14        LJ (SR)   Coulomb (SR)   Coul. recip.
    2.80789e+03    4.85689e+04    7.95960e+04   -6.08902e+05    1.19964e+03
 Position Rest.      Potential    Kinetic En.   Total Energy  Conserved En.
    8.33259e+02   -4.56092e+05    8.38189e+04   -3.72274e+05   -3.73523e+05
    Temperature Pressure (bar)   Constr. rmsd
    3.03350e+02    1.78591e+02    0.00000e+00

step 12400: timed with pme grid 44 44 44, coulomb cutoff 1.314: 338.9 M-cycles
           Step           Time
          12500       25.00000

   Energies (kJ/mol)
           Bond            U-B    Proper Dih.  Improper Dih.      CMAP Dih.
    2.98038e+03    7.81574e+03    9.26973e+03    4.80466e+02   -8.41770e+02
          LJ-14     Coulomb-14        LJ (SR)   Coulomb (SR)   Coul. recip.
    2.80058e+03    4.84396e+04    7.87340e+04   -6.08605e+05    1.56879e+03
 Position Rest.      Potential    Kinetic En.   Total Energy  Conserved En.
    7.96318e+02   -4.56562e+05    8.23358e+04   -3.74226e+05   -3.73537e+05
    Temperature Pressure (bar)   Constr. rmsd
    2.97983e+02   -2.84418e+01    0.00000e+00

step 12800: timed with pme grid 52 52 52, coulomb cutoff 1.200: 309.2 M-cycles
              optimal pme grid 52 52 52, coulomb cutoff 1.200
           Step           Time
          13000       26.00000

   Energies (kJ/mol)
           Bond            U-B    Proper Dih.  Improper Dih.      CMAP Dih.
    2.85379e+03    7.91059e+03    9.24362e+03    4.40366e+02   -8.02910e+02
          LJ-14     Coulomb-14        LJ (SR)   Coulomb (SR)   Coul. recip.
    2.91330e+03    4.85952e+04    7.90984e+04   -6.09362e+05    1.53520e+03
 Position Rest.      Potential    Kinetic En.   Total Energy  Conserved En.
    8.51166e+02   -4.56724e+05    8.32428e+04   -3.73481e+05   -3.73512e+05
    Temperature Pressure (bar)   Constr. rmsd
    3.01266e+02    3.25923e+02    0.00000e+00

           Step           Time
          13500       27.00000

   Energies (kJ/mol)
           Bond            U-B    Proper Dih.  Improper Dih.      CMAP Dih.
    2.99418e+03    7.76938e+03    9.25664e+03    4.80619e+02   -8.05017e+02
          LJ-14     Coulomb-14        LJ (SR)   Coulomb (SR)   Coul. recip.
    2.80053e+03    4.86449e+04    8.00710e+04   -6.11817e+05    1.52641e+03
 Position Rest.      Potential    Kinetic En.   Total Energy  Conserved En.
    8.62874e+02   -4.58216e+05    8.30297e+04   -3.75186e+05   -3.73517e+05
    Temperature Pressure (bar)   Constr. rmsd
    3.00494e+02    1.25330e+02    0.00000e+00

           Step           Time
          14000       28.00000

   Energies (kJ/mol)
           Bond            U-B    Proper Dih.  Improper Dih.      CMAP Dih.
    2.93528e+03    7.87676e+03    9.22371e+03    4.78734e+02   -7.74873e+02
          LJ-14     Coulomb-14        LJ (SR)   Coulomb (SR)   Coul. recip.
    2.79717e+03    4.84418e+04    8.06630e+04   -6.11938e+05    1.51293e+03
 Position Rest.      Potential    Kinetic En.   Total Energy  Conserved En.
    8.90311e+02   -4.57893e+05    8.25732e+04   -3.75320e+05   -3.73521e+05
    Temperature Pressure (bar)   Constr. rmsd
    2.98842e+02    1.79484e+02    0.00000e+00

           Step           Time
          14500       29.00000

   Energies (kJ/mol)
           Bond            U-B    Proper Dih.  Improper Dih.      CMAP Dih.
    2.96127e+03    7.81214e+03    9.17316e+03    5.28979e+02   -7.80365e+02
          LJ-14     Coulomb-14        LJ (SR)   Coulomb (SR)   Coul. recip.
    2.83710e+03    4.84841e+04    7.94021e+04   -6.11339e+05    1.57464e+03
 Position Rest.      Potential    Kinetic En.   Total Energy  Conserved En.
    8.52946e+02   -4.58492e+05    8.25158e+04   -3.75977e+05   -3.73520e+05
    Temperature Pressure (bar)   Constr. rmsd
    2.98634e+02   -6.97051e+01    0.00000e+00

           Step           Time
          15000       30.00000

   Energies (kJ/mol)
           Bond            U-B    Proper Dih.  Improper Dih.      CMAP Dih.
    2.91950e+03    7.98410e+03    9.23229e+03    4.34506e+02   -8.43014e+02
          LJ-14     Coulomb-14        LJ (SR)   Coulomb (SR)   Coul. recip.
    2.83493e+03    4.83238e+04    7.97372e+04   -6.10569e+05    1.51755e+03
 Position Rest.      Potential    Kinetic En.   Total Energy  Conserved En.
    8.15348e+02   -4.57613e+05    8.26766e+04   -3.74936e+05   -3.73524e+05
    Temperature Pressure (bar)   Constr. rmsd
    2.99216e+02    1.76836e+02    0.00000e+00

           Step           Time
          15500       31.00000

   Energies (kJ/mol)
           Bond            U-B    Proper Dih.  Improper Dih.      CMAP Dih.
    2.97708e+03    7.84631e+03    9.37946e+03    5.18251e+02   -8.17466e+02
          LJ-14     Coulomb-14        LJ (SR)   Coulomb (SR)   Coul. recip.
    2.86018e+03    4.87677e+04    7.84071e+04   -6.08762e+05    1.62974e+03
 Position Rest.      Potential    Kinetic En.   Total Energy  Conserved En.
    8.63937e+02   -4.56329e+05    8.36639e+04   -3.72665e+05   -3.73526e+05
    Temperature Pressure (bar)   Constr. rmsd
    3.02789e+02    2.56705e+02    0.00000e+00

           Step           Time
          16000       32.00000

   Energies (kJ/mol)
           Bond            U-B    Proper Dih.  Improper Dih.      CMAP Dih.
    2.96209e+03    7.83400e+03    9.16058e+03    4.81054e+02   -7.55176e+02
          LJ-14     Coulomb-14        LJ (SR)   Coulomb (SR)   Coul. recip.
    2.79011e+03    4.85641e+04    7.96041e+04   -6.09696e+05    1.56648e+03
 Position Rest.      Potential    Kinetic En.   Total Energy  Conserved En.
    9.28129e+02   -4.56560e+05    8.31452e+04   -3.73415e+05   -3.73524e+05
    Temperature Pressure (bar)   Constr. rmsd
    3.00912e+02    3.90342e+02    0.00000e+00

           Step           Time
          16500       33.00000

   Energies (kJ/mol)
           Bond            U-B    Proper Dih.  Improper Dih.      CMAP Dih.
    2.89776e+03    7.85355e+03    9.19709e+03    5.29530e+02   -7.95166e+02
          LJ-14     Coulomb-14        LJ (SR)   Coulomb (SR)   Coul. recip.
    2.79751e+03    4.86517e+04    7.84316e+04   -6.09800e+05    1.55367e+03
 Position Rest.      Potential    Kinetic En.   Total Energy  Conserved En.
    9.16353e+02   -4.57767e+05    8.30019e+04   -3.74765e+05   -3.73516e+05
    Temperature Pressure (bar)   Constr. rmsd
    3.00394e+02   -8.51883e+01    0.00000e+00

           Step           Time
          17000       34.00000

   Energies (kJ/mol)
           Bond            U-B    Proper Dih.  Improper Dih.      CMAP Dih.
    2.84340e+03    7.74808e+03    9.30165e+03    5.18033e+02   -8.14270e+02
          LJ-14     Coulomb-14        LJ (SR)   Coulomb (SR)   Coul. recip.
    2.79783e+03    4.87527e+04    7.95831e+04   -6.09853e+05    1.57850e+03
 Position Rest.      Potential    Kinetic En.   Total Energy  Conserved En.
    8.60791e+02   -4.56684e+05    8.27126e+04   -3.73971e+05   -3.73527e+05
    Temperature Pressure (bar)   Constr. rmsd
    2.99347e+02    1.35827e+02    0.00000e+00

           Step           Time
          17500       35.00000

   Energies (kJ/mol)
           Bond            U-B    Proper Dih.  Improper Dih.      CMAP Dih.
    2.95341e+03    7.81865e+03    9.29501e+03    5.14861e+02   -7.98909e+02
          LJ-14     Coulomb-14        LJ (SR)   Coulomb (SR)   Coul. recip.
    2.88605e+03    4.86849e+04    7.89715e+04   -6.09346e+05    1.56667e+03
 Position Rest.      Potential    Kinetic En.   Total Energy  Conserved En.
    8.07815e+02   -4.56646e+05    8.32771e+04   -3.73369e+05   -3.73521e+05
    Temperature Pressure (bar)   Constr. rmsd
    3.01390e+02    2.84161e+02    0.00000e+00

           Step           Time
          18000       36.00000

   Energies (kJ/mol)
           Bond            U-B    Proper Dih.  Improper Dih.      CMAP Dih.
    2.95651e+03    7.66383e+03    9.21178e+03    4.71985e+02   -8.01036e+02
          LJ-14     Coulomb-14        LJ (SR)   Coulomb (SR)   Coul. recip.
    2.77328e+03    4.86686e+04    7.85934e+04   -6.09475e+05    1.56744e+03
 Position Rest.      Potential    Kinetic En.   Total Energy  Conserved En.
    8.71715e+02   -4.57497e+05    8.27760e+04   -3.74721e+05   -3.73519e+05
    Temperature Pressure (bar)   Constr. rmsd
    2.99576e+02   -2.41788e+02    0.00000e+00

           Step           Time
          18500       37.00000

   Energies (kJ/mol)
           Bond            U-B    Proper Dih.  Improper Dih.      CMAP Dih.
    2.91632e+03    7.91997e+03    9.20295e+03    5.04757e+02   -7.91706e+02
          LJ-14     Coulomb-14        LJ (SR)   Coulomb (SR)   Coul. recip.
    2.84098e+03    4.88889e+04    7.85801e+04   -6.08780e+05    1.54775e+03
 Position Rest.      Potential    Kinetic En.   Total Energy  Conserved En.
    8.60586e+02   -4.56310e+05    8.28854e+04   -3.73424e+05   -3.73526e+05
    Temperature Pressure (bar)   Constr. rmsd
    2.99972e+02    1.19599e+02    0.00000e+00

           Step           Time
          19000       38.00000

   Energies (kJ/mol)
           Bond            U-B    Proper Dih.  Improper Dih.      CMAP Dih.
    2.87398e+03    7.89297e+03    9.24843e+03    4.98777e+02   -7.92877e+02
          LJ-14     Coulomb-14        LJ (SR)   Coulomb (SR)   Coul. recip.
    2.74359e+03    4.86786e+04    7.86172e+04   -6.09404e+05    1.54249e+03
 Position Rest.      Potential    Kinetic En.   Total Energy  Conserved En.
    7.90932e+02   -4.57309e+05    8.35133e+04   -3.73796e+05   -3.73550e+05
    Temperature Pressure (bar)   Constr. rmsd
    3.02245e+02   -1.95508e+02    0.00000e+00

           Step           Time
          19500       39.00000

   Energies (kJ/mol)
           Bond            U-B    Proper Dih.  Improper Dih.      CMAP Dih.
    2.75640e+03    7.57754e+03    9.27576e+03    5.43155e+02   -7.97785e+02
          LJ-14     Coulomb-14        LJ (SR)   Coulomb (SR)   Coul. recip.
    2.86219e+03    4.88470e+04    7.92136e+04   -6.10062e+05    1.55419e+03
 Position Rest.      Potential    Kinetic En.   Total Energy  Conserved En.
    8.13183e+02   -4.57417e+05    8.17116e+04   -3.75705e+05   -3.73515e+05
    Temperature Pressure (bar)   Constr. rmsd
    2.95724e+02    2.73854e+02    0.00000e+00

           Step           Time
          20000       40.00000

   Energies (kJ/mol)
           Bond            U-B    Proper Dih.  Improper Dih.      CMAP Dih.
    2.99815e+03    7.84370e+03    9.12138e+03    4.65977e+02   -7.85400e+02
          LJ-14     Coulomb-14        LJ (SR)   Coulomb (SR)   Coul. recip.
    2.69041e+03    4.85476e+04    7.95715e+04   -6.09996e+05    1.54327e+03
 Position Rest.      Potential    Kinetic En.   Total Energy  Conserved En.
    8.85495e+02   -4.57113e+05    8.36678e+04   -3.73446e+05   -3.73535e+05
    Temperature Pressure (bar)   Constr. rmsd
    3.02804e+02   -1.79395e+01    0.00000e+00

           Step           Time
          20500       41.00000

   Energies (kJ/mol)
           Bond            U-B    Proper Dih.  Improper Dih.      CMAP Dih.
    3.02801e+03    7.81833e+03    9.33649e+03    5.38300e+02   -8.22604e+02
          LJ-14     Coulomb-14        LJ (SR)   Coulomb (SR)   Coul. recip.
    2.81480e+03    4.85949e+04    7.86345e+04   -6.08802e+05    1.50010e+03
 Position Rest.      Potential    Kinetic En.   Total Energy  Conserved En.
    8.55327e+02   -4.56504e+05    8.19516e+04   -3.74552e+05   -3.73478e+05
    Temperature Pressure (bar)   Constr. rmsd
    2.96593e+02    1.45293e+02    0.00000e+00

           Step           Time
          21000       42.00000

   Energies (kJ/mol)
           Bond            U-B    Proper Dih.  Improper Dih.      CMAP Dih.
    2.75449e+03    7.63467e+03    9.21697e+03    5.01278e+02   -7.97624e+02
          LJ-14     Coulomb-14        LJ (SR)   Coulomb (SR)   Coul. recip.
    2.81705e+03    4.87707e+04    7.75807e+04   -6.08845e+05    1.54755e+03
 Position Rest.      Potential    Kinetic En.   Total Energy  Conserved En.
    8.60312e+02   -4.57959e+05    8.26337e+04   -3.75325e+05   -3.73543e+05
    Temperature Pressure (bar)   Constr. rmsd
    2.99061e+02   -1.48067e+02    0.00000e+00

           Step           Time
          21500       43.00000

   Energies (kJ/mol)
           Bond            U-B    Proper Dih.  Improper Dih.      CMAP Dih.
    2.93349e+03    7.78480e+03    9.19047e+03    5.33515e+02   -7.71319e+02
          LJ-14     Coulomb-14        LJ (SR)   Coulomb (SR)   Coul. recip.
    2.81027e+03    4.86686e+04    7.84579e+04   -6.08450e+05    1.51031e+03
 Position Rest.      Potential    Kinetic En.   Total Energy  Conserved En.
    8.63812e+02   -4.56469e+05    8.25462e+04   -3.73922e+05   -3.73526e+05
    Temperature Pressure (bar)   Constr. rmsd
    2.98744e+02    2.34841e+02    0.00000e+00

           Step           Time
          22000       44.00000

   Energies (kJ/mol)
           Bond            U-B    Proper Dih.  Improper Dih.      CMAP Dih.
    3.01329e+03    7.55741e+03    9.24425e+03    4.51449e+02   -7.86354e+02
          LJ-14     Coulomb-14        LJ (SR)   Coulomb (SR)   Coul. recip.
    2.76723e+03    4.87647e+04    7.91397e+04   -6.11193e+05    1.55489e+03
 Position Rest.      Potential    Kinetic En.   Total Energy  Conserved En.
    8.46844e+02   -4.58639e+05    8.20654e+04   -3.76574e+05   -3.73518e+05
    Temperature Pressure (bar)   Constr. rmsd
    2.97004e+02   -1.71113e+02    0.00000e+00

           Step           Time
          22500       45.00000

   Energies (kJ/mol)
           Bond            U-B    Proper Dih.  Improper Dih.      CMAP Dih.
    3.11435e+03    7.89464e+03    9.29018e+03    4.66900e+02   -7.47711e+02
          LJ-14     Coulomb-14        LJ (SR)   Coulomb (SR)   Coul. recip.
    2.70685e+03    4.84606e+04    7.83082e+04   -6.09919e+05    1.50794e+03
 Position Rest.      Potential    Kinetic En.   Total Energy  Conserved En.
    8.74196e+02   -4.58043e+05    8.27767e+04   -3.75266e+05   -3.73505e+05
    Temperature Pressure (bar)   Constr. rmsd
    2.99579e+02   -2.11482e+02    0.00000e+00

           Step           Time
          23000       46.00000

   Energies (kJ/mol)
           Bond            U-B    Proper Dih.  Improper Dih.      CMAP Dih.
    3.14691e+03    7.98478e+03    9.21179e+03    4.97010e+02   -7.71291e+02
          LJ-14     Coulomb-14        LJ (SR)   Coulomb (SR)   Coul. recip.
    2.88058e+03    4.84485e+04    7.66747e+04   -6.06795e+05    1.59439e+03
 Position Rest.      Potential    Kinetic En.   Total Energy  Conserved En.
    8.87287e+02   -4.56240e+05    8.32067e+04   -3.73033e+05   -3.73508e+05
    Temperature Pressure (bar)   Constr. rmsd
    3.01135e+02   -1.97619e+02    0.00000e+00

           Step           Time
          23500       47.00000

   Energies (kJ/mol)
           Bond            U-B    Proper Dih.  Improper Dih.      CMAP Dih.
    2.89122e+03    7.90886e+03    9.19830e+03    4.50767e+02   -7.91421e+02
          LJ-14     Coulomb-14        LJ (SR)   Coulomb (SR)   Coul. recip.
    2.80819e+03    4.87085e+04    8.05272e+04   -6.12683e+05    1.49836e+03
 Position Rest.      Potential    Kinetic En.   Total Energy  Conserved En.
    8.72375e+02   -4.58610e+05    8.28441e+04   -3.75766e+05   -3.73512e+05
    Temperature Pressure (bar)   Constr. rmsd
    2.99823e+02    9.35844e+01    0.00000e+00

           Step           Time
          24000       48.00000

   Energies (kJ/mol)
           Bond            U-B    Proper Dih.  Improper Dih.      CMAP Dih.
    2.95424e+03    7.66948e+03    9.28688e+03    5.30910e+02   -7.67602e+02
          LJ-14     Coulomb-14        LJ (SR)   Coulomb (SR)   Coul. recip.
    2.83200e+03    4.88679e+04    7.83331e+04   -6.10245e+05    1.47308e+03
 Position Rest.      Potential    Kinetic En.   Total Energy  Conserved En.
    8.63050e+02   -4.58202e+05    8.29613e+04   -3.75241e+05   -3.73526e+05
    Temperature Pressure (bar)   Constr. rmsd
    3.00247e+02   -1.57014e+02    0.00000e+00

           Step           Time
          24500       49.00000

   Energies (kJ/mol)
           Bond            U-B    Proper Dih.  Improper Dih.      CMAP Dih.
    2.92689e+03    7.93482e+03    9.25676e+03    5.37242e+02   -8.16599e+02
          LJ-14     Coulomb-14        LJ (SR)   Coulomb (SR)   Coul. recip.
    2.82866e+03    4.85982e+04    7.98265e+04   -6.11517e+05    1.61004e+03
 Position Rest.      Potential    Kinetic En.   Total Energy  Conserved En.
    8.80461e+02   -4.57934e+05    8.31731e+04   -3.74760e+05   -3.73510e+05
    Temperature Pressure (bar)   Constr. rmsd
    3.01013e+02    2.50106e+02    0.00000e+00

           Step           Time
          25000       50.00000

   Energies (kJ/mol)
           Bond            U-B    Proper Dih.  Improper Dih.      CMAP Dih.
    2.91429e+03    7.61864e+03    9.27796e+03    5.01607e+02   -8.09898e+02
          LJ-14     Coulomb-14        LJ (SR)   Coulomb (SR)   Coul. recip.
    2.78099e+03    4.86581e+04    7.96592e+04   -6.10375e+05    1.60097e+03
 Position Rest.      Potential    Kinetic En.   Total Energy  Conserved En.
    9.13795e+02   -4.57259e+05    8.23935e+04   -3.74866e+05   -3.73531e+05
    Temperature Pressure (bar)   Constr. rmsd
    2.98192e+02    8.68111e+01    0.00000e+00

           Step           Time
          25500       51.00000

   Energies (kJ/mol)
           Bond            U-B    Proper Dih.  Improper Dih.      CMAP Dih.
    2.91873e+03    7.92012e+03    9.23962e+03    4.97726e+02   -8.08962e+02
          LJ-14     Coulomb-14        LJ (SR)   Coulomb (SR)   Coul. recip.
    2.88072e+03    4.85821e+04    7.92900e+04   -6.09025e+05    1.54029e+03
 Position Rest.      Potential    Kinetic En.   Total Energy  Conserved En.
    9.04437e+02   -4.56061e+05    8.34005e+04   -3.72660e+05   -3.73514e+05
    Temperature Pressure (bar)   Constr. rmsd
    3.01836e+02    1.14632e+02    0.00000e+00

           Step           Time
          26000       52.00000

   Energies (kJ/mol)
           Bond            U-B    Proper Dih.  Improper Dih.      CMAP Dih.
    3.21415e+03    7.75006e+03    9.22962e+03    4.80380e+02   -7.95964e+02
          LJ-14     Coulomb-14        LJ (SR)   Coulomb (SR)   Coul. recip.
    2.82220e+03    4.82225e+04    7.97128e+04   -6.11540e+05    1.56683e+03
 Position Rest.      Potential    Kinetic En.   Total Energy  Conserved En.
    8.68564e+02   -4.58469e+05    8.27411e+04   -3.75728e+05   -3.73499e+05
    Temperature Pressure (bar)   Constr. rmsd
    2.99450e+02   -9.58379e+01    0.00000e+00

           Step           Time
          26500       53.00000

   Energies (kJ/mol)
           Bond            U-B    Proper Dih.  Improper Dih.      CMAP Dih.
    2.86572e+03    7.87428e+03    9.14789e+03    4.61941e+02   -8.02091e+02
          LJ-14     Coulomb-14        LJ (SR)   Coulomb (SR)   Coul. recip.
    2.85985e+03    4.86015e+04    7.61864e+04   -6.07178e+05    1.58561e+03
 Position Rest.      Potential    Kinetic En.   Total Energy  Conserved En.
    8.34231e+02   -4.57563e+05    8.35744e+04   -3.73988e+05   -3.73537e+05
    Temperature Pressure (bar)   Constr. rmsd
    3.02466e+02   -4.79020e+02    0.00000e+00

           Step           Time
          27000       54.00000

   Energies (kJ/mol)
           Bond            U-B    Proper Dih.  Improper Dih.      CMAP Dih.
    3.01381e+03    7.77894e+03    9.24924e+03    5.00537e+02   -7.54554e+02
          LJ-14     Coulomb-14        LJ (SR)   Coulomb (SR)   Coul. recip.
    2.81878e+03    4.89901e+04    7.79999e+04   -6.09050e+05    1.58061e+03
 Position Rest.      Potential    Kinetic En.   Total Energy  Conserved En.
    8.55273e+02   -4.57018e+05    8.23214e+04   -3.74696e+05   -3.73495e+05
    Temperature Pressure (bar)   Constr. rmsd
    2.97931e+02    1.42250e+02    0.00000e+00

           Step           Time
          27500       55.00000

   Energies (kJ/mol)
           Bond            U-B    Proper Dih.  Improper Dih.      CMAP Dih.
    3.09008e+03    7.58397e+03    9.32585e+03    4.63945e+02   -8.06873e+02
          LJ-14     Coulomb-14        LJ (SR)   Coulomb (SR)   Coul. recip.
    2.87224e+03    4.87991e+04    7.79081e+04   -6.09772e+05    1.55776e+03
 Position Rest.      Potential    Kinetic En.   Total Energy  Conserved En.
    9.70843e+02   -4.58007e+05    8.35165e+04   -3.74490e+05   -3.73508e+05
    Temperature Pressure (bar)   Constr. rmsd
    3.02256e+02   -3.41929e+02    0.00000e+00

           Step           Time
          28000       56.00000

   Energies (kJ/mol)
           Bond            U-B    Proper Dih.  Improper Dih.      CMAP Dih.
    2.91398e+03    7.51258e+03    9.20734e+03    4.87101e+02   -8.48496e+02
          LJ-14     Coulomb-14        LJ (SR)   Coulomb (SR)   Coul. recip.
    2.83605e+03    4.87008e+04    7.91255e+04   -6.10892e+05    1.56380e+03
 Position Rest.      Potential    Kinetic En.   Total Energy  Conserved En.
    8.69336e+02   -4.58524e+05    8.25730e+04   -3.75951e+05   -3.73511e+05
    Temperature Pressure (bar)   Constr. rmsd
    2.98842e+02   -6.97758e+01    0.00000e+00

           Step           Time
          28500       57.00000

   Energies (kJ/mol)
           Bond            U-B    Proper Dih.  Improper Dih.      CMAP Dih.
    2.89772e+03    7.88603e+03    9.24731e+03    5.12914e+02   -8.18649e+02
          LJ-14     Coulomb-14        LJ (SR)   Coulomb (SR)   Coul. recip.
    2.83159e+03    4.86018e+04    7.96764e+04   -6.10622e+05    1.54705e+03
 Position Rest.      Potential    Kinetic En.   Total Energy  Conserved En.
    9.21469e+02   -4.57318e+05    8.21646e+04   -3.75154e+05   -3.73492e+05
    Temperature Pressure (bar)   Constr. rmsd
    2.97363e+02    2.18592e+02    0.00000e+00

           Step           Time
          29000       58.00000

   Energies (kJ/mol)
           Bond            U-B    Proper Dih.  Improper Dih.      CMAP Dih.
    2.79194e+03    7.77049e+03    9.18194e+03    5.03220e+02   -7.56848e+02
          LJ-14     Coulomb-14        LJ (SR)   Coulomb (SR)   Coul. recip.
    2.80121e+03    4.86477e+04    8.00145e+04   -6.10899e+05    1.59495e+03
 Position Rest.      Potential    Kinetic En.   Total Energy  Conserved En.
    8.76644e+02   -4.57473e+05    8.31555e+04   -3.74317e+05   -3.73521e+05
    Temperature Pressure (bar)   Constr. rmsd
    3.00950e+02    2.27981e+02    0.00000e+00

           Step           Time
          29500       59.00000

   Energies (kJ/mol)
           Bond            U-B    Proper Dih.  Improper Dih.      CMAP Dih.
    2.95995e+03    7.80402e+03    9.25187e+03    4.93479e+02   -7.63835e+02
          LJ-14     Coulomb-14        LJ (SR)   Coulomb (SR)   Coul. recip.
    2.81810e+03    4.87078e+04    7.86960e+04   -6.07797e+05    1.53971e+03
 Position Rest.      Potential    Kinetic En.   Total Energy  Conserved En.
    8.80865e+02   -4.55409e+05    8.29938e+04   -3.72415e+05   -3.73523e+05
    Temperature Pressure (bar)   Constr. rmsd
    3.00364e+02   -2.16699e+01    0.00000e+00

           Step           Time
          30000       60.00000

   Energies (kJ/mol)
           Bond            U-B    Proper Dih.  Improper Dih.      CMAP Dih.
    2.85900e+03    7.73191e+03    9.25074e+03    5.54314e+02   -7.94761e+02
          LJ-14     Coulomb-14        LJ (SR)   Coulomb (SR)   Coul. recip.
    2.81067e+03    4.87014e+04    7.83014e+04   -6.09372e+05    1.58548e+03
 Position Rest.      Potential    Kinetic En.   Total Energy  Conserved En.
    8.07569e+02   -4.57565e+05    8.37283e+04   -3.73836e+05   -3.73519e+05
    Temperature Pressure (bar)   Constr. rmsd
    3.03023e+02   -2.65077e+01    0.00000e+00

           Step           Time
          30500       61.00000

   Energies (kJ/mol)
           Bond            U-B    Proper Dih.  Improper Dih.      CMAP Dih.
    2.88671e+03    7.91775e+03    9.22724e+03    5.81747e+02   -8.07617e+02
          LJ-14     Coulomb-14        LJ (SR)   Coulomb (SR)   Coul. recip.
    2.78726e+03    4.86034e+04    7.94414e+04   -6.10459e+05    1.61031e+03
 Position Rest.      Potential    Kinetic En.   Total Energy  Conserved En.
    8.13633e+02   -4.57397e+05    8.23109e+04   -3.75086e+05   -3.73505e+05
    Temperature Pressure (bar)   Constr. rmsd
    2.97893e+02    1.62088e+02    0.00000e+00

           Step           Time
          31000       62.00000

   Energies (kJ/mol)
           Bond            U-B    Proper Dih.  Improper Dih.      CMAP Dih.
    2.95836e+03    7.66480e+03    9.15758e+03    4.52886e+02   -7.37842e+02
          LJ-14     Coulomb-14        LJ (SR)   Coulomb (SR)   Coul. recip.
    2.90189e+03    4.89552e+04    8.00488e+04   -6.11427e+05    1.53663e+03
 Position Rest.      Potential    Kinetic En.   Total Energy  Conserved En.
    8.45782e+02   -4.57643e+05    8.24630e+04   -3.75180e+05   -3.73514e+05
    Temperature Pressure (bar)   Constr. rmsd
    2.98443e+02    1.93719e+02    0.00000e+00

           Step           Time
          31500       63.00000

   Energies (kJ/mol)
           Bond            U-B    Proper Dih.  Improper Dih.      CMAP Dih.
    2.93204e+03    7.85862e+03    9.11537e+03    5.34019e+02   -7.93470e+02
          LJ-14     Coulomb-14        LJ (SR)   Coulomb (SR)   Coul. recip.
    2.74879e+03    4.86215e+04    7.88810e+04   -6.10304e+05    1.50675e+03
 Position Rest.      Potential    Kinetic En.   Total Energy  Conserved En.
    8.52176e+02   -4.58048e+05    8.34100e+04   -3.74638e+05   -3.73533e+05
    Temperature Pressure (bar)   Constr. rmsd
    3.01871e+02   -2.46434e+01    0.00000e+00

           Step           Time
          32000       64.00000

   Energies (kJ/mol)
           Bond            U-B    Proper Dih.  Improper Dih.      CMAP Dih.
    2.95352e+03    7.74956e+03    9.29618e+03    4.57424e+02   -7.78679e+02
          LJ-14     Coulomb-14        LJ (SR)   Coulomb (SR)   Coul. recip.
    2.79480e+03    4.86591e+04    7.89214e+04   -6.10086e+05    1.55955e+03
 Position Rest.      Potential    Kinetic En.   Total Energy  Conserved En.
    8.70021e+02   -4.57603e+05    8.28255e+04   -3.74778e+05   -3.73527e+05
    Temperature Pressure (bar)   Constr. rmsd
    2.99755e+02    4.90959e+01    0.00000e+00

           Step           Time
          32500       65.00000

   Energies (kJ/mol)
           Bond            U-B    Proper Dih.  Improper Dih.      CMAP Dih.
    2.88082e+03    7.56934e+03    9.13211e+03    5.10018e+02   -7.94928e+02
          LJ-14     Coulomb-14        LJ (SR)   Coulomb (SR)   Coul. recip.
    2.72559e+03    4.84184e+04    7.86456e+04   -6.09919e+05    1.55838e+03
 Position Rest.      Potential    Kinetic En.   Total Energy  Conserved En.
    9.04991e+02   -4.58368e+05    8.16553e+04   -3.76713e+05   -3.73539e+05
    Temperature Pressure (bar)   Constr. rmsd
    2.95520e+02   -2.47451e+02    0.00000e+00

           Step           Time
          33000       66.00000

   Energies (kJ/mol)
           Bond            U-B    Proper Dih.  Improper Dih.      CMAP Dih.
    3.02428e+03    7.89018e+03    9.24154e+03    5.35724e+02   -7.89896e+02
          LJ-14     Coulomb-14        LJ (SR)   Coulomb (SR)   Coul. recip.
    2.83768e+03    4.85302e+04    7.79663e+04   -6.07770e+05    1.49342e+03
 Position Rest.      Potential    Kinetic En.   Total Energy  Conserved En.
    8.89716e+02   -4.56151e+05    8.31250e+04   -3.73026e+05   -3.73518e+05
    Temperature Pressure (bar)   Constr. rmsd
    3.00839e+02    6.73673e+01    0.00000e+00

           Step           Time
          33500       67.00000

   Energies (kJ/mol)
           Bond            U-B    Proper Dih.  Improper Dih.      CMAP Dih.
    2.99101e+03    7.79888e+03    9.22874e+03    4.82752e+02   -8.01728e+02
          LJ-14     Coulomb-14        LJ (SR)   Coulomb (SR)   Coul. recip.
    2.83139e+03    4.85813e+04    7.94529e+04   -6.09911e+05    1.55489e+03
 Position Rest.      Potential    Kinetic En.   Total Energy  Conserved En.
    8.56348e+02   -4.56934e+05    8.31547e+04   -3.73780e+05   -3.73514e+05
    Temperature Pressure (bar)   Constr. rmsd
    3.00947e+02   -1.16210e+01    0.00000e+00

           Step           Time
          34000       68.00000

   Energies (kJ/mol)
           Bond            U-B    Proper Dih.  Improper Dih.      CMAP Dih.
    2.98692e+03    7.66373e+03    9.07765e+03    5.22677e+02   -7.49413e+02
          LJ-14     Coulomb-14        LJ (SR)   Coulomb (SR)   Coul. recip.
    2.75868e+03    4.85275e+04    7.89547e+04   -6.10251e+05    1.51607e+03
 Position Rest.      Potential    Kinetic En.   Total Energy  Conserved En.
    8.70968e+02   -4.58121e+05    8.18126e+04   -3.76309e+05   -3.73533e+05
    Temperature Pressure (bar)   Constr. rmsd
    2.96090e+02   -2.26018e+02    0.00000e+00

           Step           Time
          34500       69.00000

   Energies (kJ/mol)
           Bond            U-B    Proper Dih.  Improper Dih.      CMAP Dih.
    2.85028e+03    8.00043e+03    9.15717e+03    5.02710e+02   -8.04831e+02
          LJ-14     Coulomb-14        LJ (SR)   Coulomb (SR)   Coul. recip.
    2.77759e+03    4.85702e+04    7.98006e+04   -6.11421e+05    1.56470e+03
 Position Rest.      Potential    Kinetic En.   Total Energy  Conserved En.
    8.54069e+02   -4.58148e+05    8.34731e+04   -3.74675e+05   -3.73552e+05
    Temperature Pressure (bar)   Constr. rmsd
    3.02099e+02    6.22676e+01    0.00000e+00

           Step           Time
          35000       70.00000

   Energies (kJ/mol)
           Bond            U-B    Proper Dih.  Improper Dih.      CMAP Dih.
    2.89697e+03    7.78116e+03    9.26583e+03    5.19876e+02   -7.96270e+02
          LJ-14     Coulomb-14        LJ (SR)   Coulomb (SR)   Coul. recip.
    2.87614e+03    4.87515e+04    7.93697e+04   -6.10787e+05    1.58896e+03
 Position Rest.      Potential    Kinetic En.   Total Energy  Conserved En.
    8.96031e+02   -4.57637e+05    8.30817e+04   -3.74556e+05   -3.73546e+05
    Temperature Pressure (bar)   Constr. rmsd
    3.00683e+02    1.47515e+02    0.00000e+00

           Step           Time
          35500       71.00000

   Energies (kJ/mol)
           Bond            U-B    Proper Dih.  Improper Dih.      CMAP Dih.
    3.01511e+03    7.95997e+03    9.30703e+03    5.75908e+02   -8.13986e+02
          LJ-14     Coulomb-14        LJ (SR)   Coulomb (SR)   Coul. recip.
    2.65755e+03    4.83090e+04    7.87411e+04   -6.08507e+05    1.54895e+03
 Position Rest.      Potential    Kinetic En.   Total Energy  Conserved En.
    7.76440e+02   -4.56430e+05    8.31877e+04   -3.73242e+05   -3.73571e+05
    Temperature Pressure (bar)   Constr. rmsd
    3.01066e+02   -2.01372e+02    0.00000e+00

           Step           Time
          36000       72.00000

   Energies (kJ/mol)
           Bond            U-B    Proper Dih.  Improper Dih.      CMAP Dih.
    3.05649e+03    7.77148e+03    9.09158e+03    4.96069e+02   -8.19391e+02
          LJ-14     Coulomb-14        LJ (SR)   Coulomb (SR)   Coul. recip.
    2.80986e+03    4.85925e+04    7.99223e+04   -6.11438e+05    1.50083e+03
 Position Rest.      Potential    Kinetic En.   Total Energy  Conserved En.
    9.11802e+02   -4.58104e+05    8.22582e+04   -3.75846e+05   -3.73543e+05
    Temperature Pressure (bar)   Constr. rmsd
    2.97702e+02    2.13481e+02    0.00000e+00

           Step           Time
          36500       73.00000

   Energies (kJ/mol)
           Bond            U-B    Proper Dih.  Improper Dih.      CMAP Dih.
    3.04868e+03    7.82970e+03    9.10479e+03    5.09484e+02   -7.75665e+02
          LJ-14     Coulomb-14        LJ (SR)   Coulomb (SR)   Coul. recip.
    2.82789e+03    4.86003e+04    7.77141e+04   -6.06888e+05    1.56330e+03
 Position Rest.      Potential    Kinetic En.   Total Energy  Conserved En.
    8.72967e+02   -4.55593e+05    8.32496e+04   -3.72343e+05   -3.73555e+05
    Temperature Pressure (bar)   Constr. rmsd
    3.01290e+02   -1.42194e+02    0.00000e+00

           Step           Time
          37000       74.00000

   Energies (kJ/mol)
           Bond            U-B    Proper Dih.  Improper Dih.      CMAP Dih.
    3.04307e+03    7.69635e+03    9.28176e+03    4.98950e+02   -8.07160e+02
          LJ-14     Coulomb-14        LJ (SR)   Coulomb (SR)   Coul. recip.
    2.84857e+03    4.82016e+04    7.86548e+04   -6.09637e+05    1.54132e+03
 Position Rest.      Potential    Kinetic En.   Total Energy  Conserved En.
    8.80449e+02   -4.57798e+05    8.33610e+04   -3.74436e+05   -3.73546e+05
    Temperature Pressure (bar)   Constr. rmsd
    3.01693e+02   -2.97975e+02    0.00000e+00

           Step           Time
          37500       75.00000

   Energies (kJ/mol)
           Bond            U-B    Proper Dih.  Improper Dih.      CMAP Dih.
    2.92484e+03    7.56015e+03    9.23244e+03    5.17936e+02   -7.65463e+02
          LJ-14     Coulomb-14        LJ (SR)   Coulomb (SR)   Coul. recip.
    2.79145e+03    4.85057e+04    7.86465e+04   -6.09670e+05    1.53634e+03
 Position Rest.      Potential    Kinetic En.   Total Energy  Conserved En.
    8.78074e+02   -4.57842e+05    8.33969e+04   -3.74445e+05   -3.73561e+05
    Temperature Pressure (bar)   Constr. rmsd
    3.01823e+02   -1.05919e+02    0.00000e+00

           Step           Time
          38000       76.00000

   Energies (kJ/mol)
           Bond            U-B    Proper Dih.  Improper Dih.      CMAP Dih.
    2.75893e+03    7.76879e+03    9.17067e+03    4.94146e+02   -8.43428e+02
          LJ-14     Coulomb-14        LJ (SR)   Coulomb (SR)   Coul. recip.
    2.93959e+03    4.86469e+04    7.87468e+04   -6.08677e+05    1.52849e+03
 Position Rest.      Potential    Kinetic En.   Total Energy  Conserved En.
    7.85640e+02   -4.56680e+05    8.25262e+04   -3.74154e+05   -3.73546e+05
    Temperature Pressure (bar)   Constr. rmsd
    2.98672e+02    4.16013e+02    0.00000e+00

           Step           Time
          38500       77.00000

   Energies (kJ/mol)
           Bond            U-B    Proper Dih.  Improper Dih.      CMAP Dih.
    2.97946e+03    7.98470e+03    9.21842e+03    5.05862e+02   -7.89533e+02
          LJ-14     Coulomb-14        LJ (SR)   Coulomb (SR)   Coul. recip.
    2.76514e+03    4.85439e+04    7.84847e+04   -6.08591e+05    1.52762e+03
 Position Rest.      Potential    Kinetic En.   Total Energy  Conserved En.
    8.27301e+02   -4.56544e+05    8.22446e+04   -3.74299e+05   -3.73529e+05
    Temperature Pressure (bar)   Constr. rmsd
    2.97653e+02    1.40424e+01    0.00000e+00

           Step           Time
          39000       78.00000

   Energies (kJ/mol)
           Bond            U-B    Proper Dih.  Improper Dih.      CMAP Dih.
    3.03339e+03    7.61004e+03    9.14652e+03    5.11613e+02   -7.98273e+02
          LJ-14     Coulomb-14        LJ (SR)   Coulomb (SR)   Coul. recip.
    2.80405e+03    4.83385e+04    7.98881e+04   -6.10641e+05    1.52094e+03
 Position Rest.      Potential    Kinetic En.   Total Energy  Conserved En.
    8.62756e+02   -4.57723e+05    8.19153e+04   -3.75808e+05   -3.73544e+05
    Temperature Pressure (bar)   Constr. rmsd
    2.96461e+02    1.17053e+02    0.00000e+00

           Step           Time
          39500       79.00000

   Energies (kJ/mol)
           Bond            U-B    Proper Dih.  Improper Dih.      CMAP Dih.
    2.88004e+03    7.73781e+03    9.22812e+03    5.29432e+02   -8.09709e+02
          LJ-14     Coulomb-14        LJ (SR)   Coulomb (SR)   Coul. recip.
    2.80717e+03    4.84926e+04    7.89820e+04   -6.09466e+05    1.56483e+03
 Position Rest.      Potential    Kinetic En.   Total Energy  Conserved En.
    8.77020e+02   -4.57176e+05    8.33672e+04   -3.73809e+05   -3.73524e+05
    Temperature Pressure (bar)   Constr. rmsd
    3.01716e+02   -1.85629e+02    0.00000e+00

           Step           Time
          40000       80.00000

   Energies (kJ/mol)
           Bond            U-B    Proper Dih.  Improper Dih.      CMAP Dih.
    2.83378e+03    7.75786e+03    9.25692e+03    4.83373e+02   -7.58629e+02
          LJ-14     Coulomb-14        LJ (SR)   Coulomb (SR)   Coul. recip.
    2.83137e+03    4.85440e+04    7.96290e+04   -6.11975e+05    1.47804e+03
 Position Rest.      Potential    Kinetic En.   Total Energy  Conserved En.
    8.55201e+02   -4.59064e+05    8.23094e+04   -3.76755e+05   -3.73539e+05
    Temperature Pressure (bar)   Constr. rmsd
    2.97887e+02   -4.84184e+01    0.00000e+00

           Step           Time
          40500       81.00000

   Energies (kJ/mol)
           Bond            U-B    Proper Dih.  Improper Dih.      CMAP Dih.
    3.08935e+03    7.91819e+03    9.14505e+03    4.45222e+02   -7.22910e+02
          LJ-14     Coulomb-14        LJ (SR)   Coulomb (SR)   Coul. recip.
    2.76360e+03    4.84365e+04    7.82786e+04   -6.09582e+05    1.56059e+03
 Position Rest.      Potential    Kinetic En.   Total Energy  Conserved En.
    7.96317e+02   -4.57872e+05    8.37052e+04   -3.74167e+05   -3.73548e+05
    Temperature Pressure (bar)   Constr. rmsd
    3.02939e+02   -3.07396e+01    0.00000e+00

           Step           Time
          41000       82.00000

   Energies (kJ/mol)
           Bond            U-B    Proper Dih.  Improper Dih.      CMAP Dih.
    2.86347e+03    7.64584e+03    9.28692e+03    4.85618e+02   -7.52899e+02
          LJ-14     Coulomb-14        LJ (SR)   Coulomb (SR)   Coul. recip.
    2.85322e+03    4.84652e+04    7.86093e+04   -6.09341e+05    1.57200e+03
 Position Rest.      Potential    Kinetic En.   Total Energy  Conserved En.
    8.27567e+02   -4.57484e+05    8.24809e+04   -3.75004e+05   -3.73557e+05
    Temperature Pressure (bar)   Constr. rmsd
    2.98508e+02    1.90813e+01    0.00000e+00

           Step           Time
          41500       83.00000

   Energies (kJ/mol)
           Bond            U-B    Proper Dih.  Improper Dih.      CMAP Dih.
    2.96142e+03    7.74773e+03    9.27753e+03    5.20951e+02   -7.86613e+02
          LJ-14     Coulomb-14        LJ (SR)   Coulomb (SR)   Coul. recip.
    2.70806e+03    4.86581e+04    7.87334e+04   -6.09592e+05    1.64952e+03
 Position Rest.      Potential    Kinetic En.   Total Energy  Conserved En.
    8.35443e+02   -4.57286e+05    8.30686e+04   -3.74218e+05   -3.73563e+05
    Temperature Pressure (bar)   Constr. rmsd
    3.00635e+02   -1.38536e+02    0.00000e+00

           Step           Time
          42000       84.00000

   Energies (kJ/mol)
           Bond            U-B    Proper Dih.  Improper Dih.      CMAP Dih.
    2.88206e+03    7.86387e+03    9.16353e+03    4.98457e+02   -8.05872e+02
          LJ-14     Coulomb-14        LJ (SR)   Coulomb (SR)   Coul. recip.
    2.82379e+03    4.83894e+04    7.89190e+04   -6.08950e+05    1.56193e+03
 Position Rest.      Potential    Kinetic En.   Total Energy  Conserved En.
    9.11952e+02   -4.56742e+05    8.30238e+04   -3.73719e+05   -3.73548e+05
    Temperature Pressure (bar)   Constr. rmsd
    3.00473e+02    9.74352e+01    0.00000e+00

           Step           Time
          42500       85.00000

   Energies (kJ/mol)
           Bond            U-B    Proper Dih.  Improper Dih.      CMAP Dih.
    2.90471e+03    7.70734e+03    9.31756e+03    4.98758e+02   -8.13762e+02
          LJ-14     Coulomb-14        LJ (SR)   Coulomb (SR)   Coul. recip.
    2.81848e+03    4.85526e+04    7.77868e+04   -6.09070e+05    1.52953e+03
 Position Rest.      Potential    Kinetic En.   Total Energy  Conserved En.
    8.48773e+02   -4.57919e+05    8.29924e+04   -3.74927e+05   -3.73551e+05
    Temperature Pressure (bar)   Constr. rmsd
    3.00359e+02   -2.88125e+02    0.00000e+00

           Step           Time
          43000       86.00000

   Energies (kJ/mol)
           Bond            U-B    Proper Dih.  Improper Dih.      CMAP Dih.
    2.90763e+03    7.72192e+03    9.24088e+03    4.91336e+02   -8.23533e+02
          LJ-14     Coulomb-14        LJ (SR)   Coulomb (SR)   Coul. recip.
    2.81895e+03    4.87489e+04    7.84692e+04   -6.08961e+05    1.62590e+03
 Position Rest.      Potential    Kinetic En.   Total Energy  Conserved En.
    8.07672e+02   -4.56953e+05    8.30340e+04   -3.73919e+05   -3.73546e+05
    Temperature Pressure (bar)   Constr. rmsd
    3.00510e+02    3.45036e+01    0.00000e+00

           Step           Time
          43500       87.00000

   Energies (kJ/mol)
           Bond            U-B    Proper Dih.  Improper Dih.      CMAP Dih.
    3.00471e+03    7.69795e+03    9.22045e+03    4.96179e+02   -7.84391e+02
          LJ-14     Coulomb-14        LJ (SR)   Coulomb (SR)   Coul. recip.
    2.77910e+03    4.85264e+04    7.74287e+04   -6.07420e+05    1.54864e+03
 Position Rest.      Potential    Kinetic En.   Total Energy  Conserved En.
    7.89064e+02   -4.56714e+05    8.28592e+04   -3.73854e+05   -3.73551e+05
    Temperature Pressure (bar)   Constr. rmsd
    2.99877e+02   -3.00394e+02    0.00000e+00

           Step           Time
          44000       88.00000

   Energies (kJ/mol)
           Bond            U-B    Proper Dih.  Improper Dih.      CMAP Dih.
    2.99367e+03    7.89344e+03    9.37769e+03    5.12322e+02   -7.88431e+02
          LJ-14     Coulomb-14        LJ (SR)   Coulomb (SR)   Coul. recip.
    2.75846e+03    4.87933e+04    7.88133e+04   -6.09440e+05    1.56788e+03
 Position Rest.      Potential    Kinetic En.   Total Energy  Conserved En.
    8.10934e+02   -4.56707e+05    8.39801e+04   -3.72727e+05   -3.73537e+05
    Temperature Pressure (bar)   Constr. rmsd
    3.03934e+02    4.23281e+01    0.00000e+00

           Step           Time
          44500       89.00000

   Energies (kJ/mol)
           Bond            U-B    Proper Dih.  Improper Dih.      CMAP Dih.
    2.85483e+03    7.67990e+03    9.19362e+03    4.63592e+02   -7.48740e+02
          LJ-14     Coulomb-14        LJ (SR)   Coulomb (SR)   Coul. recip.
    2.80566e+03    4.86604e+04    7.74056e+04   -6.07684e+05    1.62074e+03
 Position Rest.      Potential    Kinetic En.   Total Energy  Conserved En.
    8.47912e+02   -4.56901e+05    8.20355e+04   -3.74866e+05   -3.73531e+05
    Temperature Pressure (bar)   Constr. rmsd
    2.96896e+02   -4.94635e+02    0.00000e+00

           Step           Time
          45000       90.00000

   Energies (kJ/mol)
           Bond            U-B    Proper Dih.  Improper Dih.      CMAP Dih.
    2.88976e+03    7.59388e+03    9.15613e+03    5.19017e+02   -7.66654e+02
          LJ-14     Coulomb-14        LJ (SR)   Coulomb (SR)   Coul. recip.
    2.79347e+03    4.88164e+04    7.99837e+04   -6.11096e+05    1.54839e+03
 Position Rest.      Potential    Kinetic En.   Total Energy  Conserved En.
    8.69200e+02   -4.57692e+05    8.14518e+04   -3.76241e+05   -3.73536e+05
    Temperature Pressure (bar)   Constr. rmsd
    2.94784e+02   -1.65469e+01    0.00000e+00

           Step           Time
          45500       91.00000

   Energies (kJ/mol)
           Bond            U-B    Proper Dih.  Improper Dih.      CMAP Dih.
    3.12656e+03    7.87550e+03    9.14183e+03    5.01494e+02   -7.86148e+02
          LJ-14     Coulomb-14        LJ (SR)   Coulomb (SR)   Coul. recip.
    2.75595e+03    4.87004e+04    7.92407e+04   -6.10420e+05    1.53789e+03
 Position Rest.      Potential    Kinetic En.   Total Energy  Conserved En.
    8.73232e+02   -4.57453e+05    8.29383e+04   -3.74515e+05   -3.73515e+05
    Temperature Pressure (bar)   Constr. rmsd
    3.00163e+02   -5.05532e+01    0.00000e+00

           Step           Time
          46000       92.00000

   Energies (kJ/mol)
           Bond            U-B    Proper Dih.  Improper Dih.      CMAP Dih.
    2.89915e+03    7.84337e+03    9.06565e+03    4.81086e+02   -7.54759e+02
          LJ-14     Coulomb-14        LJ (SR)   Coulomb (SR)   Coul. recip.
    2.80804e+03    4.86538e+04    7.99116e+04   -6.11599e+05    1.51946e+03
 Position Rest.      Potential    Kinetic En.   Total Energy  Conserved En.
    8.77217e+02   -4.58295e+05    8.24077e+04   -3.75887e+05   -3.73537e+05
    Temperature Pressure (bar)   Constr. rmsd
    2.98243e+02    1.62815e+02    0.00000e+00

           Step           Time
          46500       93.00000

   Energies (kJ/mol)
           Bond            U-B    Proper Dih.  Improper Dih.      CMAP Dih.
    3.02337e+03    7.68280e+03    9.23413e+03    4.95201e+02   -7.81373e+02
          LJ-14     Coulomb-14        LJ (SR)   Coulomb (SR)   Coul. recip.
    2.77645e+03    4.84464e+04    7.91416e+04   -6.10514e+05    1.53051e+03
 Position Rest.      Potential    Kinetic En.   Total Energy  Conserved En.
    8.30164e+02   -4.58135e+05    8.24033e+04   -3.75731e+05   -3.73522e+05
    Temperature Pressure (bar)   Constr. rmsd
    2.98227e+02    4.01230e+01    0.00000e+00

           Step           Time
          47000       94.00000

   Energies (kJ/mol)
           Bond            U-B    Proper Dih.  Improper Dih.      CMAP Dih.
    2.94656e+03    7.86553e+03    9.08885e+03    4.72154e+02   -8.38301e+02
          LJ-14     Coulomb-14        LJ (SR)   Coulomb (SR)   Coul. recip.
    2.79186e+03    4.86289e+04    7.98964e+04   -6.11890e+05    1.62459e+03
 Position Rest.      Potential    Kinetic En.   Total Energy  Conserved En.
    8.14784e+02   -4.58599e+05    8.31574e+04   -3.75442e+05   -3.73542e+05
    Temperature Pressure (bar)   Constr. rmsd
    3.00956e+02    1.77126e+01    0.00000e+00

           Step           Time
          47500       95.00000

   Energies (kJ/mol)
           Bond            U-B    Proper Dih.  Improper Dih.      CMAP Dih.
    2.91963e+03    7.64846e+03    9.29343e+03    4.64665e+02   -7.84818e+02
          LJ-14     Coulomb-14        LJ (SR)   Coulomb (SR)   Coul. recip.
    2.83514e+03    4.85417e+04    7.83787e+04   -6.08048e+05    1.61120e+03
 Position Rest.      Potential    Kinetic En.   Total Energy  Conserved En.
    9.03307e+02   -4.56237e+05    8.30999e+04   -3.73137e+05   -3.73562e+05
    Temperature Pressure (bar)   Constr. rmsd
    3.00748e+02    5.98795e+01    0.00000e+00

           Step           Time
          48000       96.00000

   Energies (kJ/mol)
           Bond            U-B    Proper Dih.  Improper Dih.      CMAP Dih.
    2.83288e+03    7.70016e+03    9.19393e+03    5.27452e+02   -7.58149e+02
          LJ-14     Coulomb-14        LJ (SR)   Coulomb (SR)   Coul. recip.
    2.94614e+03    4.90642e+04    7.68414e+04   -6.06628e+05    1.63679e+03
 Position Rest.      Potential    Kinetic En.   Total Energy  Conserved En.
    8.63094e+02   -4.55780e+05    8.28816e+04   -3.72898e+05   -3.73540e+05
    Temperature Pressure (bar)   Constr. rmsd
    2.99958e+02   -2.15926e+01    0.00000e+00

           Step           Time
          48500       97.00000

   Energies (kJ/mol)
           Bond            U-B    Proper Dih.  Improper Dih.      CMAP Dih.
    2.95803e+03    7.76340e+03    9.14930e+03    4.65126e+02   -8.19525e+02
          LJ-14     Coulomb-14        LJ (SR)   Coulomb (SR)   Coul. recip.
    2.88904e+03    4.89564e+04    7.93438e+04   -6.10109e+05    1.56157e+03
 Position Rest.      Potential    Kinetic En.   Total Energy  Conserved En.
    9.46498e+02   -4.56896e+05    8.28837e+04   -3.74012e+05   -3.73530e+05
    Temperature Pressure (bar)   Constr. rmsd
    2.99966e+02    1.53944e+02    0.00000e+00

           Step           Time
          49000       98.00000

   Energies (kJ/mol)
           Bond            U-B    Proper Dih.  Improper Dih.      CMAP Dih.
    3.04372e+03    7.63545e+03    9.19537e+03    5.11113e+02   -8.00797e+02
          LJ-14     Coulomb-14        LJ (SR)   Coulomb (SR)   Coul. recip.
    2.78727e+03    4.87605e+04    7.93061e+04   -6.09641e+05    1.65191e+03
 Position Rest.      Potential    Kinetic En.   Total Energy  Conserved En.
    9.05750e+02   -4.56645e+05    8.29326e+04   -3.73712e+05   -3.73528e+05
    Temperature Pressure (bar)   Constr. rmsd
    3.00143e+02   -3.68426e+01    0.00000e+00

           Step           Time
          49500       99.00000

   Energies (kJ/mol)
           Bond            U-B    Proper Dih.  Improper Dih.      CMAP Dih.
    3.10014e+03    7.84988e+03    9.14059e+03    4.44652e+02   -7.59969e+02
          LJ-14     Coulomb-14        LJ (SR)   Coulomb (SR)   Coul. recip.
    2.79745e+03    4.88853e+04    7.88758e+04   -6.09279e+05    1.66167e+03
 Position Rest.      Potential    Kinetic En.   Total Energy  Conserved En.
    8.57422e+02   -4.56426e+05    8.34002e+04   -3.73026e+05   -3.73534e+05
    Temperature Pressure (bar)   Constr. rmsd
    3.01835e+02    1.83994e+02    0.00000e+00

           Step           Time
          50000      100.00000

Writing checkpoint, step 50000 at Sat May  6 23:08:11 2023


   Energies (kJ/mol)
           Bond            U-B    Proper Dih.  Improper Dih.      CMAP Dih.
    2.97539e+03    7.81476e+03    9.16303e+03    4.67476e+02   -7.56607e+02
          LJ-14     Coulomb-14        LJ (SR)   Coulomb (SR)   Coul. recip.
    2.83661e+03    4.89699e+04    7.88052e+04   -6.09378e+05    1.60135e+03
 Position Rest.      Potential    Kinetic En.   Total Energy  Conserved En.
    8.86066e+02   -4.56614e+05    8.27853e+04   -3.73829e+05   -3.73539e+05
    Temperature Pressure (bar)   Constr. rmsd
    2.99610e+02    2.25803e+02    0.00000e+00


Energy conservation over simulation part #1 of length 100 ps, time 0 to 100 ps
  Conserved energy drift: -7.15e-06 kJ/mol/ps per atom


	<======  ###############  ==>
	<====  A V E R A G E S  ====>
	<==  ###############  ======>

	Statistics over 50001 steps using 501 frames

   Energies (kJ/mol)
           Bond            U-B    Proper Dih.  Improper Dih.      CMAP Dih.
    2.95800e+03    7.78855e+03    9.23874e+03    5.01245e+02   -7.91387e+02
          LJ-14     Coulomb-14        LJ (SR)   Coulomb (SR)   Coul. recip.
    2.81241e+03    4.86318e+04    7.88228e+04   -6.09693e+05    1.54056e+03
 Position Rest.      Potential    Kinetic En.   Total Energy  Conserved En.
    8.50005e+02   -4.57341e+05    8.29295e+04   -3.74411e+05   -3.73528e+05
    Temperature Pressure (bar)   Constr. rmsd
    3.00132e+02   -2.61432e+00    0.00000e+00

          Box-X          Box-Y          Box-Z
    7.67840e+00    7.67840e+00    5.42945e+00

   Total Virial (kJ/mol)
    2.77643e+04   -1.96980e+02   -3.13997e+02
   -1.96983e+02    2.77275e+04   -1.20732e+02
   -3.14004e+02   -1.20739e+02    2.75180e+04

   Pressure (bar)
   -1.32412e+01    1.87511e+01    3.08658e+01
    1.87514e+01   -6.48327e+00    1.25841e+01
    3.08665e+01    1.25848e+01    1.18815e+01

  T-Protein_ligT-Water_and_ions
    3.00202e+02    3.00120e+02


	M E G A - F L O P S   A C C O U N T I N G

 NB=Group-cutoff nonbonded kernels    NxN=N-by-N cluster Verlet kernels
 RF=Reaction-Field  VdW=Van der Waals  QSTab=quadratic-spline table
 W3=SPC/TIP3p  W4=TIP4p (single or pairs)
 V&F=Potential and force  V=Potential only  F=Force only

 Computing:                               M-Number         M-Flops  % Flops
-----------------------------------------------------------------------------
 Pair Search distance check            1218.649136       10967.842     0.0
 NxN QSTab Elec. + LJ [F]           2873757.477888   152309146.328    98.3
 NxN QSTab Elec. + LJ [V&F]           29085.397312     2355917.182     1.5
 1,4 nonbonded interactions             463.059261       41675.333     0.0
 Shift-X                                  8.111065          48.666     0.0
 Bonds                                   94.201884        5557.911     0.0
 Propers                                449.758995      102994.810     0.1
 Impropers                               30.500610        6344.127     0.0
 Pos. Restr.                             91.851837        4592.592     0.0
 Virial                                 161.832360        2912.982     0.0
 Stop-CM                                 16.189815         161.898     0.0
 Calc-Ekin                              323.214630        8726.795     0.0
 CMAP                                    11.850237       20145.403     0.0
 Urey-Bradley                           322.256445       58972.929     0.0
-----------------------------------------------------------------------------
 Total                                               154928164.800   100.0
-----------------------------------------------------------------------------


     R E A L   C Y C L E   A N D   T I M E   A C C O U N T I N G

On 1 MPI rank, each using 4 OpenMP threads

 Computing:          Num   Num      Call    Wall time         Giga-Cycles
                     Ranks Threads  Count      (s)         total sum    %
-----------------------------------------------------------------------------
 Neighbor search        1    4        251       1.509         18.109   5.3
 Launch GPU ops.        1    4      99751       5.323         63.871  18.7
 Force                  1    4      50001      13.782        165.378  48.4
 Wait PME GPU gather    1    4      50001       0.015          0.177   0.1
 Reduce GPU PME F       1    4      50001       0.071          0.846   0.2
 Wait GPU NB local      1    4      45000       0.003          0.038   0.0
 Wait GPU state copy    1    4      61503       4.067         48.802  14.3
 NB X/F buffer ops.     1    4       5001       0.198          2.376   0.7
 Write traj.            1    4        101       0.539          6.472   1.9
 Rest                                           2.974         35.692  10.4
-----------------------------------------------------------------------------
 Total                                         28.480        341.762 100.0
-----------------------------------------------------------------------------

               Core t (s)   Wall t (s)        (%)
       Time:      113.916       28.480      400.0
                 (ns/day)    (hour/ns)
Performance:      303.372        0.079
Finished mdrun on rank 0 Sat May  6 23:08:11 2023

