                      :-) GROMACS - gmx mdrun, 2022.2 (-:

Copyright 1991-2022 The GROMACS Authors.
GROMACS is free software; you can redistribute it and/or modify it
under the terms of the GNU Lesser General Public License
as published by the Free Software Foundation; either version 2.1
of the License, or (at your option) any later version.

                         Current GROMACS contributors:
       Mark Abraham           Andrey Alekseenko           Cathrine Bergh      
      Christian Blau            Eliane Briand               Kevin Boyd        
     Oliver Fleetwood         Stefan Fleischmann           Vytas Gapsys       
       Gaurav Garg           Gilles Gouaillardet            Alan Gray         
      Victor Holanda           M. Eric Irrgang              Joe Jordan        
    Christoph Junghans        Prashanth Kanduri           Sebastian Kehl      
     Sebastian Keller          Carsten Kutzner           Magnus Lundborg      
       Pascal Merz              Dmitry Morozov             Szilard Pall       
      Roland Schulz             Michael Shirts         David van der Spoel    
     Alessandra Villa      Sebastian Wingbermuehle        Artem Zhmurov       

                         Previous GROMACS contributors:
        Emile Apol             Rossen Apostolov           James Barnett       
  Herman J.C. Berendsen          Par Bjelkmar           Viacheslav Bolnykh    
    Aldert van Buuren          Carlo Camilloni           Rudi van Drunen      
      Anton Feenstra           Gerrit Groenhof            Bert de Groot       
      Anca Hamuraru           Vincent Hindriksen         Aleksei Iupinov      
   Dimitrios Karkoulis           Peter Kasson               Jiri Kraus        
       Per Larsson             Justin A. Lemkul           Viveca Lindahl      
      Erik Marklund           Pieter Meulenhoff           Vedran Miletic      
      Teemu Murtola              Sander Pronk            Alexey Shvetsov      
      Alfons Sijbers            Peter Tieleman             Jon Vincent        
     Teemu Virolainen         Christian Wennberg           Maarten Wolf       

                  Coordinated by the GROMACS project leaders:
                    Paul Bauer, Berk Hess, and Erik Lindahl

GROMACS:      gmx mdrun, version 2022.2
Executable:   /home/nickyang69/software/gromacs/2022.2/bin/gmx
Data prefix:  /home/nickyang69/software/gromacs/2022.2
Working dir:  /home/nickyang69/Projects/CompChem/Practice/Week10/Exercise1
Process ID:   8898
Command line:
  gmx mdrun -deffnm npt -ntmpi 1 -ntomp 4 -update gpu -nstlist 200

GROMACS version:    2022.2
Precision:          mixed
Memory model:       64 bit
MPI library:        thread_mpi
OpenMP support:     enabled (GMX_OPENMP_MAX_THREADS = 128)
GPU support:        CUDA
SIMD instructions:  AVX_512
CPU FFT library:    fftw-3.3.8-sse2-avx-avx2-avx2_128-avx512
GPU FFT library:    cuFFT
RDTSCP usage:       enabled
TNG support:        enabled
Hwloc support:      disabled
Tracing support:    disabled
C compiler:         /work/HPC_SYS/devtoolset/devtoolset-10/root/usr/bin/cc GNU 10.2.1
C compiler flags:   -mavx512f -mfma -mavx512vl -mavx512dq -mavx512bw -pthread -Wno-missing-field-initializers -fexcess-precision=fast -funroll-all-loops -O3 -DNDEBUG
C++ compiler:       /work/HPC_SYS/devtoolset/devtoolset-10/root/usr/bin/c++ GNU 10.2.1
C++ compiler flags: -mavx512f -mfma -mavx512vl -mavx512dq -mavx512bw -pthread -Wno-missing-field-initializers -fexcess-precision=fast -funroll-all-loops -fopenmp -O3 -DNDEBUG
CUDA compiler:      /work/HPC_SYS/nvidia/cuda/cuda-11.2/bin/nvcc nvcc: NVIDIA (R) Cuda compiler driver;Copyright (c) 2005-2021 NVIDIA Corporation;Built on Sun_Feb_14_21:12:58_PST_2021;Cuda compilation tools, release 11.2, V11.2.152;Build cuda_11.2.r11.2/compiler.29618528_0
CUDA compiler flags:-std=c++17;-gencode;arch=compute_35,code=sm_35;-gencode;arch=compute_37,code=sm_37;-gencode;arch=compute_50,code=sm_50;-gencode;arch=compute_52,code=sm_52;-gencode;arch=compute_60,code=sm_60;-gencode;arch=compute_61,code=sm_61;-gencode;arch=compute_70,code=sm_70;-gencode;arch=compute_75,code=sm_75;-gencode;arch=compute_80,code=sm_80;-Wno-deprecated-gpu-targets;-gencode;arch=compute_53,code=sm_53;-gencode;arch=compute_80,code=sm_80;-use_fast_math;;-mavx512f -mfma -mavx512vl -mavx512dq -mavx512bw -pthread -Wno-missing-field-initializers -fexcess-precision=fast -funroll-all-loops -fopenmp -O3 -DNDEBUG
CUDA driver:        11.70
CUDA runtime:       11.20


Running on 1 node with total 4 cores, 4 processing units, 1 compatible GPU
Hardware detected:
  CPU info:
    Vendor: Intel
    Brand:  Intel(R) Xeon(R) Gold 6154 CPU @ 3.00GHz
    Family: 6   Model: 85   Stepping: 4
    Features: aes apic avx avx2 avx512f avx512cd avx512bw avx512vl avx512secondFMA clfsh cmov cx8 cx16 f16c fma hle htt intel lahf mmx msr nonstop_tsc pcid pclmuldq pdcm pdpe1gb popcnt pse rdrnd rdtscp rtm sse2 sse3 sse4.1 sse4.2 ssse3 tdt x2apic
    Number of AVX-512 FMA units: 2
  Hardware topology: Basic
    Packages, cores, and logical processors:
    [indices refer to OS logical processors]
      Package  1: [  18] [  27] [  28] [  29]
    CPU limit set by OS: -1   Recommended max number of threads: 4
  GPU info:
    Number of GPUs detected: 1
    #0: NVIDIA Tesla V100-SXM2-32GB, compute cap.: 7.0, ECC: yes, stat: compatible


++++ PLEASE READ AND CITE THE FOLLOWING REFERENCE ++++
M. J. Abraham, T. Murtola, R. Schulz, S. Páll, J. C. Smith, B. Hess, E.
Lindahl
GROMACS: High performance molecular simulations through multi-level
parallelism from laptops to supercomputers
SoftwareX 1 (2015) pp. 19-25
-------- -------- --- Thank You --- -------- --------


++++ PLEASE READ AND CITE THE FOLLOWING REFERENCE ++++
S. Páll, M. J. Abraham, C. Kutzner, B. Hess, E. Lindahl
Tackling Exascale Software Challenges in Molecular Dynamics Simulations with
GROMACS
In S. Markidis & E. Laure (Eds.), Solving Software Challenges for Exascale 8759 (2015) pp. 3-27
-------- -------- --- Thank You --- -------- --------


++++ PLEASE READ AND CITE THE FOLLOWING REFERENCE ++++
S. Pronk, S. Páll, R. Schulz, P. Larsson, P. Bjelkmar, R. Apostolov, M. R.
Shirts, J. C. Smith, P. M. Kasson, D. van der Spoel, B. Hess, and E. Lindahl
GROMACS 4.5: a high-throughput and highly parallel open source molecular
simulation toolkit
Bioinformatics 29 (2013) pp. 845-54
-------- -------- --- Thank You --- -------- --------


++++ PLEASE READ AND CITE THE FOLLOWING REFERENCE ++++
B. Hess and C. Kutzner and D. van der Spoel and E. Lindahl
GROMACS 4: Algorithms for highly efficient, load-balanced, and scalable
molecular simulation
J. Chem. Theory Comput. 4 (2008) pp. 435-447
-------- -------- --- Thank You --- -------- --------


++++ PLEASE READ AND CITE THE FOLLOWING REFERENCE ++++
D. van der Spoel, E. Lindahl, B. Hess, G. Groenhof, A. E. Mark and H. J. C.
Berendsen
GROMACS: Fast, Flexible and Free
J. Comp. Chem. 26 (2005) pp. 1701-1719
-------- -------- --- Thank You --- -------- --------


++++ PLEASE READ AND CITE THE FOLLOWING REFERENCE ++++
E. Lindahl and B. Hess and D. van der Spoel
GROMACS 3.0: A package for molecular simulation and trajectory analysis
J. Mol. Mod. 7 (2001) pp. 306-317
-------- -------- --- Thank You --- -------- --------


++++ PLEASE READ AND CITE THE FOLLOWING REFERENCE ++++
H. J. C. Berendsen, D. van der Spoel and R. van Drunen
GROMACS: A message-passing parallel molecular dynamics implementation
Comp. Phys. Comm. 91 (1995) pp. 43-56
-------- -------- --- Thank You --- -------- --------


++++ PLEASE CITE THE DOI FOR THIS VERSION OF GROMACS ++++
https://doi.org/10.5281/zenodo.6637571
-------- -------- --- Thank You --- -------- --------

Input Parameters:
   integrator                     = md
   tinit                          = 0
   dt                             = 0.002
   nsteps                         = 50000
   init-step                      = 0
   simulation-part                = 1
   mts                            = false
   comm-mode                      = Linear
   nstcomm                        = 100
   bd-fric                        = 0
   ld-seed                        = -271335429
   emtol                          = 10
   emstep                         = 0.01
   niter                          = 20
   fcstep                         = 0
   nstcgsteep                     = 1000
   nbfgscorr                      = 10
   rtpi                           = 0.05
   nstxout                        = 0
   nstvout                        = 0
   nstfout                        = 0
   nstlog                         = 500
   nstcalcenergy                  = 100
   nstenergy                      = 500
   nstxout-compressed             = 500
   compressed-x-precision         = 1000
   cutoff-scheme                  = Verlet
   nstlist                        = 20
   pbc                            = xyz
   periodic-molecules             = false
   verlet-buffer-tolerance        = 0.005
   rlist                          = 1.222
   coulombtype                    = PME
   coulomb-modifier               = Potential-shift
   rcoulomb-switch                = 0
   rcoulomb                       = 1.2
   epsilon-r                      = 1
   epsilon-rf                     = inf
   vdw-type                       = Cut-off
   vdw-modifier                   = Force-switch
   rvdw-switch                    = 1
   rvdw                           = 1.2
   DispCorr                       = No
   table-extension                = 1
   fourierspacing                 = 0.16
   fourier-nx                     = 52
   fourier-ny                     = 52
   fourier-nz                     = 52
   pme-order                      = 4
   ewald-rtol                     = 1e-05
   ewald-rtol-lj                  = 0.001
   lj-pme-comb-rule               = Geometric
   ewald-geometry                 = 3d
   epsilon-surface                = 0
   tcoupl                         = V-rescale
   nsttcouple                     = 10
   nh-chain-length                = 0
   print-nose-hoover-chain-variables = false
   pcoupl                         = C-rescale
   pcoupltype                     = Isotropic
   nstpcouple                     = 10
   tau-p                          = 2
   compressibility (3x3):
      compressibility[    0]={ 4.50000e-05,  0.00000e+00,  0.00000e+00}
      compressibility[    1]={ 0.00000e+00,  4.50000e-05,  0.00000e+00}
      compressibility[    2]={ 0.00000e+00,  0.00000e+00,  4.50000e-05}
   ref-p (3x3):
      ref-p[    0]={ 1.00000e+00,  0.00000e+00,  0.00000e+00}
      ref-p[    1]={ 0.00000e+00,  1.00000e+00,  0.00000e+00}
      ref-p[    2]={ 0.00000e+00,  0.00000e+00,  1.00000e+00}
   refcoord-scaling               = COM
   posres-com (3):
      posres-com[0]= 5.00749e-01
      posres-com[1]= 4.99889e-01
      posres-com[2]= 4.99288e-01
   posres-comB (3):
      posres-comB[0]= 5.00749e-01
      posres-comB[1]= 4.99889e-01
      posres-comB[2]= 4.99288e-01
   QMMM                           = false
qm-opts:
   ngQM                           = 0
   constraint-algorithm           = Lincs
   continuation                   = true
   Shake-SOR                      = false
   shake-tol                      = 0.0001
   lincs-order                    = 4
   lincs-iter                     = 1
   lincs-warnangle                = 30
   nwall                          = 0
   wall-type                      = 9-3
   wall-r-linpot                  = -1
   wall-atomtype[0]               = -1
   wall-atomtype[1]               = -1
   wall-density[0]                = 0
   wall-density[1]                = 0
   wall-ewald-zfac                = 3
   pull                           = false
   awh                            = false
   rotation                       = false
   interactiveMD                  = false
   disre                          = No
   disre-weighting                = Conservative
   disre-mixed                    = false
   dr-fc                          = 1000
   dr-tau                         = 0
   nstdisreout                    = 100
   orire-fc                       = 0
   orire-tau                      = 0
   nstorireout                    = 100
   free-energy                    = no
   cos-acceleration               = 0
   deform (3x3):
      deform[    0]={ 0.00000e+00,  0.00000e+00,  0.00000e+00}
      deform[    1]={ 0.00000e+00,  0.00000e+00,  0.00000e+00}
      deform[    2]={ 0.00000e+00,  0.00000e+00,  0.00000e+00}
   simulated-tempering            = false
   swapcoords                     = no
   userint1                       = 0
   userint2                       = 0
   userint3                       = 0
   userint4                       = 0
   userreal1                      = 0
   userreal2                      = 0
   userreal3                      = 0
   userreal4                      = 0
   applied-forces:
     electric-field:
       x:
         E0                       = 0
         omega                    = 0
         t0                       = 0
         sigma                    = 0
       y:
         E0                       = 0
         omega                    = 0
         t0                       = 0
         sigma                    = 0
       z:
         E0                       = 0
         omega                    = 0
         t0                       = 0
         sigma                    = 0
     density-guided-simulation:
       active                     = false
       group                      = protein
       similarity-measure         = inner-product
       atom-spreading-weight      = unity
       force-constant             = 1e+09
       gaussian-transform-spreading-width = 0.2
       gaussian-transform-spreading-range-in-multiples-of-width = 4
       reference-density-filename = reference.mrc
       nst                        = 1
       normalize-densities        = true
       adaptive-force-scaling     = false
       adaptive-force-scaling-time-constant = 4
       shift-vector               = 
       transformation-matrix      = 
     qmmm-cp2k:
       active                     = false
       qmgroup                    = System
       qmmethod                   = PBE
       qmfilenames                = 
       qmcharge                   = 0
       qmmultiplicity             = 1
grpopts:
   nrdf:      8806.6     57582.4
   ref-t:         300         300
   tau-t:         0.1         0.1
annealing:          No          No
annealing-npoints:           0           0
   acc:	           0           0           0
   nfreeze:           N           N           N
   energygrp-flags[  0]: 0

Changing nstlist from 20 to 200, rlist from 1.222 to 1.535

When checking whether update groups are usable:
  Domain decomposition is not active, so there is no need for update groups
1 GPU selected for this run.
Mapping of GPU IDs to the 2 GPU tasks in the 1 rank on this node:
  PP:0,PME:0
PP tasks will do (non-perturbed) short-ranged interactions on the GPU
PP task will update and constrain coordinates on the GPU
PME tasks will do all aspects on the GPU
Using 1 MPI thread

Non-default thread affinity set, disabling internal thread affinity

Using 4 OpenMP threads 

System total charge: 0.000
Will do PME sum in reciprocal space for electrostatic interactions.

++++ PLEASE READ AND CITE THE FOLLOWING REFERENCE ++++
U. Essmann, L. Perera, M. L. Berkowitz, T. Darden, H. Lee and L. G. Pedersen 
A smooth particle mesh Ewald method
J. Chem. Phys. 103 (1995) pp. 8577-8592
-------- -------- --- Thank You --- -------- --------

Using a Gaussian width (1/beta) of 0.384195 nm for Ewald
Potential shift: LJ r^-12: -2.648e-01 r^-6: -5.349e-01, Ewald -8.333e-06
Initialized non-bonded Coulomb Ewald tables, spacing: 1.02e-03 size: 1176

Generated table with 1267 data points for 1-4 COUL.
Tabscale = 500 points/nm
Generated table with 1267 data points for 1-4 LJ6.
Tabscale = 500 points/nm
Generated table with 1267 data points for 1-4 LJ12.
Tabscale = 500 points/nm


Using GPU 8x8 nonbonded short-range kernels

Using a dual 8x8 pair-list setup updated with dynamic, rolling pruning:
  outer list: updated every 200 steps, buffer 0.335 nm, rlist 1.535 nm
  inner list: updated every  12 steps, buffer 0.003 nm, rlist 1.203 nm
At tolerance 0.005 kJ/mol/ps per atom, equivalent classical 1x1 list would be:
  outer list: updated every 200 steps, buffer 0.555 nm, rlist 1.755 nm
  inner list: updated every  12 steps, buffer 0.052 nm, rlist 1.252 nm

Initializing LINear Constraint Solver

++++ PLEASE READ AND CITE THE FOLLOWING REFERENCE ++++
B. Hess and H. Bekker and H. J. C. Berendsen and J. G. E. M. Fraaije
LINCS: A Linear Constraint Solver for molecular simulations
J. Comp. Chem. 18 (1997) pp. 1463-1472
-------- -------- --- Thank You --- -------- --------

The number of constraints is 1696

++++ PLEASE READ AND CITE THE FOLLOWING REFERENCE ++++
S. Miyamoto and P. A. Kollman
SETTLE: An Analytical Version of the SHAKE and RATTLE Algorithms for Rigid
Water Models
J. Comp. Chem. 13 (1992) pp. 952-962
-------- -------- --- Thank You --- -------- --------


++++ PLEASE READ AND CITE THE FOLLOWING REFERENCE ++++
G. Bussi, D. Donadio and M. Parrinello
Canonical sampling through velocity rescaling
J. Chem. Phys. 126 (2007) pp. 014101
-------- -------- --- Thank You --- -------- --------


++++ PLEASE READ AND CITE THE FOLLOWING REFERENCE ++++
M. Bernetti, G. Bussi
Pressure control using stochastic cell rescaling
J. Chem. Phys. 153 (2020) pp. 114107
-------- -------- --- Thank You --- -------- --------

There are: 32293 Atoms

Updating coordinates and applying constraints on the GPU.
Center of mass motion removal mode is Linear
We have the following groups for center of mass motion removal:
  0:  rest

Started mdrun on rank 0 Fri May  5 22:10:00 2023

           Step           Time
              0        0.00000

   Energies (kJ/mol)
           Bond            U-B    Proper Dih.  Improper Dih.      CMAP Dih.
    3.02199e+03    7.74353e+03    8.96985e+03    4.97089e+02   -7.80782e+02
          LJ-14     Coulomb-14        LJ (SR)   Coulomb (SR)   Coul. recip.
    2.96093e+03    4.94230e+04    7.83284e+04   -6.09327e+05    1.60399e+03
 Position Rest.      Potential    Kinetic En.   Total Energy  Conserved En.
    2.28514e-01   -4.57559e+05    8.28454e+04   -3.74713e+05   -3.74737e+05
    Temperature Pressure (bar)   Constr. rmsd
    3.00171e+02   -3.14125e+00    0.00000e+00

           Step           Time
            500        1.00000

   Energies (kJ/mol)
           Bond            U-B    Proper Dih.  Improper Dih.      CMAP Dih.
    2.98532e+03    7.65784e+03    8.99322e+03    5.84417e+02   -7.73865e+02
          LJ-14     Coulomb-14        LJ (SR)   Coulomb (SR)   Coul. recip.
    2.83720e+03    4.95028e+04    7.89245e+04   -6.09464e+05    1.59431e+03
 Position Rest.      Potential    Kinetic En.   Total Energy  Conserved En.
    7.47920e+02   -4.56411e+05    8.28379e+04   -3.73573e+05   -3.74521e+05
    Temperature Pressure (bar)   Constr. rmsd
    3.00143e+02   -1.29252e+02    0.00000e+00

           Step           Time
           1000        2.00000

   Energies (kJ/mol)
           Bond            U-B    Proper Dih.  Improper Dih.      CMAP Dih.
    2.82471e+03    7.70061e+03    9.01506e+03    4.98092e+02   -7.53371e+02
          LJ-14     Coulomb-14        LJ (SR)   Coulomb (SR)   Coul. recip.
    2.77605e+03    4.98096e+04    7.90839e+04   -6.10442e+05    1.54816e+03
 Position Rest.      Potential    Kinetic En.   Total Energy  Conserved En.
    7.82534e+02   -4.57157e+05    8.30040e+04   -3.74153e+05   -3.74361e+05
    Temperature Pressure (bar)   Constr. rmsd
    3.00745e+02   -1.86199e+02    0.00000e+00

           Step           Time
           1500        3.00000

   Energies (kJ/mol)
           Bond            U-B    Proper Dih.  Improper Dih.      CMAP Dih.
    2.96698e+03    7.56541e+03    9.07827e+03    5.18125e+02   -7.78919e+02
          LJ-14     Coulomb-14        LJ (SR)   Coulomb (SR)   Coul. recip.
    2.82572e+03    4.93884e+04    7.87529e+04   -6.08666e+05    1.60713e+03
 Position Rest.      Potential    Kinetic En.   Total Energy  Conserved En.
    7.70094e+02   -4.55972e+05    8.36338e+04   -3.72338e+05   -3.74294e+05
    Temperature Pressure (bar)   Constr. rmsd
    3.03027e+02    4.86751e+01    0.00000e+00

           Step           Time
           2000        4.00000

   Energies (kJ/mol)
           Bond            U-B    Proper Dih.  Improper Dih.      CMAP Dih.
    2.98357e+03    7.58970e+03    9.08382e+03    5.48805e+02   -7.64753e+02
          LJ-14     Coulomb-14        LJ (SR)   Coulomb (SR)   Coul. recip.
    2.74285e+03    4.94545e+04    7.91431e+04   -6.09738e+05    1.56215e+03
 Position Rest.      Potential    Kinetic En.   Total Energy  Conserved En.
    7.81519e+02   -4.56613e+05    8.37077e+04   -3.72905e+05   -3.74255e+05
    Temperature Pressure (bar)   Constr. rmsd
    3.03295e+02   -1.49509e+02    0.00000e+00

           Step           Time
           2500        5.00000

   Energies (kJ/mol)
           Bond            U-B    Proper Dih.  Improper Dih.      CMAP Dih.
    2.94991e+03    7.51932e+03    9.05825e+03    5.23842e+02   -7.83236e+02
          LJ-14     Coulomb-14        LJ (SR)   Coulomb (SR)   Coul. recip.
    2.71701e+03    4.95738e+04    7.92384e+04   -6.09602e+05    1.52126e+03
 Position Rest.      Potential    Kinetic En.   Total Energy  Conserved En.
    7.98470e+02   -4.56484e+05    8.21524e+04   -3.74332e+05   -3.74123e+05
    Temperature Pressure (bar)   Constr. rmsd
    2.97660e+02    4.50744e+01    0.00000e+00

           Step           Time
           3000        6.00000

   Energies (kJ/mol)
           Bond            U-B    Proper Dih.  Improper Dih.      CMAP Dih.
    2.83013e+03    7.64742e+03    9.02333e+03    5.78290e+02   -7.64642e+02
          LJ-14     Coulomb-14        LJ (SR)   Coulomb (SR)   Coul. recip.
    2.81964e+03    4.92027e+04    7.84305e+04   -6.09244e+05    1.54076e+03
 Position Rest.      Potential    Kinetic En.   Total Energy  Conserved En.
    7.63102e+02   -4.57172e+05    8.25613e+04   -3.74611e+05   -3.73994e+05
    Temperature Pressure (bar)   Constr. rmsd
    2.99141e+02   -6.82316e+01    0.00000e+00

           Step           Time
           3500        7.00000

   Energies (kJ/mol)
           Bond            U-B    Proper Dih.  Improper Dih.      CMAP Dih.
    2.95327e+03    7.56626e+03    8.84796e+03    4.40777e+02   -7.75760e+02
          LJ-14     Coulomb-14        LJ (SR)   Coulomb (SR)   Coul. recip.
    2.80232e+03    4.95448e+04    7.84528e+04   -6.09800e+05    1.52407e+03
 Position Rest.      Potential    Kinetic En.   Total Energy  Conserved En.
    8.12075e+02   -4.57632e+05    8.17520e+04   -3.75880e+05   -3.73904e+05
    Temperature Pressure (bar)   Constr. rmsd
    2.96209e+02   -1.74299e+02    0.00000e+00

           Step           Time
           4000        8.00000

   Energies (kJ/mol)
           Bond            U-B    Proper Dih.  Improper Dih.      CMAP Dih.
    2.82162e+03    7.85703e+03    8.98445e+03    4.91061e+02   -8.29030e+02
          LJ-14     Coulomb-14        LJ (SR)   Coulomb (SR)   Coul. recip.
    2.87386e+03    4.96927e+04    7.91267e+04   -6.09938e+05    1.57134e+03
 Position Rest.      Potential    Kinetic En.   Total Energy  Conserved En.
    9.21361e+02   -4.56427e+05    8.35657e+04   -3.72862e+05   -3.73980e+05
    Temperature Pressure (bar)   Constr. rmsd
    3.02780e+02    2.06410e+02    0.00000e+00

           Step           Time
           4500        9.00000

   Energies (kJ/mol)
           Bond            U-B    Proper Dih.  Improper Dih.      CMAP Dih.
    2.65458e+03    7.89247e+03    8.96493e+03    4.85289e+02   -8.33610e+02
          LJ-14     Coulomb-14        LJ (SR)   Coulomb (SR)   Coul. recip.
    2.77908e+03    4.95669e+04    7.96238e+04   -6.10573e+05    1.59644e+03
 Position Rest.      Potential    Kinetic En.   Total Energy  Conserved En.
    8.13027e+02   -4.57030e+05    8.27173e+04   -3.74312e+05   -3.73786e+05
    Temperature Pressure (bar)   Constr. rmsd
    2.99706e+02    1.98935e+02    0.00000e+00

           Step           Time
           5000       10.00000

   Energies (kJ/mol)
           Bond            U-B    Proper Dih.  Improper Dih.      CMAP Dih.
    2.87424e+03    7.60388e+03    8.93106e+03    4.81864e+02   -7.93911e+02
          LJ-14     Coulomb-14        LJ (SR)   Coulomb (SR)   Coul. recip.
    2.75821e+03    4.93843e+04    7.95222e+04   -6.10907e+05    1.55228e+03
 Position Rest.      Potential    Kinetic En.   Total Energy  Conserved En.
    8.23947e+02   -4.57769e+05    8.25142e+04   -3.75254e+05   -3.73907e+05
    Temperature Pressure (bar)   Constr. rmsd
    2.98971e+02   -8.46656e+01    0.00000e+00

           Step           Time
           5500       11.00000

   Energies (kJ/mol)
           Bond            U-B    Proper Dih.  Improper Dih.      CMAP Dih.
    2.89361e+03    7.77776e+03    9.07069e+03    4.49171e+02   -7.55186e+02
          LJ-14     Coulomb-14        LJ (SR)   Coulomb (SR)   Coul. recip.
    2.76035e+03    4.93494e+04    7.89105e+04   -6.10165e+05    1.57557e+03
 Position Rest.      Potential    Kinetic En.   Total Energy  Conserved En.
    8.23785e+02   -4.57310e+05    8.30596e+04   -3.74250e+05   -3.73991e+05
    Temperature Pressure (bar)   Constr. rmsd
    3.00947e+02    5.53717e+01    0.00000e+00

           Step           Time
           6000       12.00000

   Energies (kJ/mol)
           Bond            U-B    Proper Dih.  Improper Dih.      CMAP Dih.
    2.90054e+03    7.54952e+03    9.04139e+03    5.33241e+02   -7.46501e+02
          LJ-14     Coulomb-14        LJ (SR)   Coulomb (SR)   Coul. recip.
    2.73525e+03    4.97625e+04    8.03126e+04   -6.12607e+05    1.53952e+03
 Position Rest.      Potential    Kinetic En.   Total Energy  Conserved En.
    8.20598e+02   -4.58158e+05    8.33384e+04   -3.74820e+05   -3.73946e+05
    Temperature Pressure (bar)   Constr. rmsd
    3.01957e+02    9.10386e+01    0.00000e+00

           Step           Time
           6500       13.00000

   Energies (kJ/mol)
           Bond            U-B    Proper Dih.  Improper Dih.      CMAP Dih.
    2.78341e+03    7.67020e+03    9.09405e+03    5.21823e+02   -7.81312e+02
          LJ-14     Coulomb-14        LJ (SR)   Coulomb (SR)   Coul. recip.
    2.86565e+03    4.95973e+04    7.93635e+04   -6.10036e+05    1.52396e+03
 Position Rest.      Potential    Kinetic En.   Total Energy  Conserved En.
    8.21235e+02   -4.56576e+05    8.25279e+04   -3.74048e+05   -3.73944e+05
    Temperature Pressure (bar)   Constr. rmsd
    2.99020e+02    2.25006e+02    0.00000e+00

           Step           Time
           7000       14.00000

   Energies (kJ/mol)
           Bond            U-B    Proper Dih.  Improper Dih.      CMAP Dih.
    2.92591e+03    7.47353e+03    9.06508e+03    4.89877e+02   -8.50038e+02
          LJ-14     Coulomb-14        LJ (SR)   Coulomb (SR)   Coul. recip.
    2.76380e+03    4.93713e+04    7.84357e+04   -6.09280e+05    1.62488e+03
 Position Rest.      Potential    Kinetic En.   Total Energy  Conserved En.
    8.46193e+02   -4.57134e+05    8.30832e+04   -3.74051e+05   -3.74066e+05
    Temperature Pressure (bar)   Constr. rmsd
    3.01032e+02   -1.95091e+02    0.00000e+00

           Step           Time
           7500       15.00000

   Energies (kJ/mol)
           Bond            U-B    Proper Dih.  Improper Dih.      CMAP Dih.
    2.83863e+03    7.72713e+03    9.02798e+03    4.19467e+02   -7.45086e+02
          LJ-14     Coulomb-14        LJ (SR)   Coulomb (SR)   Coul. recip.
    2.86635e+03    4.96527e+04    7.82214e+04   -6.08896e+05    1.55995e+03
 Position Rest.      Potential    Kinetic En.   Total Energy  Conserved En.
    7.67089e+02   -4.56561e+05    8.22718e+04   -3.74289e+05   -3.74104e+05
    Temperature Pressure (bar)   Constr. rmsd
    2.98092e+02   -7.23463e+01    0.00000e+00

           Step           Time
           8000       16.00000

   Energies (kJ/mol)
           Bond            U-B    Proper Dih.  Improper Dih.      CMAP Dih.
    2.70920e+03    7.48514e+03    9.01313e+03    5.34782e+02   -7.52591e+02
          LJ-14     Coulomb-14        LJ (SR)   Coulomb (SR)   Coul. recip.
    2.78859e+03    4.95223e+04    7.97420e+04   -6.11295e+05    1.55155e+03
 Position Rest.      Potential    Kinetic En.   Total Energy  Conserved En.
    8.32884e+02   -4.57868e+05    8.24292e+04   -3.75439e+05   -3.74168e+05
    Temperature Pressure (bar)   Constr. rmsd
    2.98662e+02    5.12630e+01    0.00000e+00

           Step           Time
           8500       17.00000

   Energies (kJ/mol)
           Bond            U-B    Proper Dih.  Improper Dih.      CMAP Dih.
    2.76514e+03    7.71032e+03    9.10809e+03    5.00551e+02   -8.08042e+02
          LJ-14     Coulomb-14        LJ (SR)   Coulomb (SR)   Coul. recip.
    2.83926e+03    4.93499e+04    7.90391e+04   -6.09581e+05    1.59317e+03
 Position Rest.      Potential    Kinetic En.   Total Energy  Conserved En.
    8.17044e+02   -4.56667e+05    8.28331e+04   -3.73834e+05   -3.74089e+05
    Temperature Pressure (bar)   Constr. rmsd
    3.00126e+02   -5.07932e+01    0.00000e+00

           Step           Time
           9000       18.00000

   Energies (kJ/mol)
           Bond            U-B    Proper Dih.  Improper Dih.      CMAP Dih.
    2.80966e+03    7.41548e+03    8.99748e+03    4.75888e+02   -7.63146e+02
          LJ-14     Coulomb-14        LJ (SR)   Coulomb (SR)   Coul. recip.
    2.78939e+03    4.94830e+04    7.92084e+04   -6.11827e+05    1.59366e+03
 Position Rest.      Potential    Kinetic En.   Total Energy  Conserved En.
    8.13390e+02   -4.59004e+05    8.23458e+04   -3.76658e+05   -3.74011e+05
    Temperature Pressure (bar)   Constr. rmsd
    2.98360e+02   -1.84313e+02    0.00000e+00

           Step           Time
           9500       19.00000

   Energies (kJ/mol)
           Bond            U-B    Proper Dih.  Improper Dih.      CMAP Dih.
    2.82527e+03    7.37131e+03    9.05550e+03    4.91551e+02   -7.49214e+02
          LJ-14     Coulomb-14        LJ (SR)   Coulomb (SR)   Coul. recip.
    2.82270e+03    4.94868e+04    7.94940e+04   -6.11650e+05    1.59077e+03
 Position Rest.      Potential    Kinetic En.   Total Energy  Conserved En.
    8.11491e+02   -4.58450e+05    8.20839e+04   -3.76366e+05   -3.73954e+05
    Temperature Pressure (bar)   Constr. rmsd
    2.97412e+02    3.22316e+01    0.00000e+00

step 9600: timed with pme grid 52 52 52, coulomb cutoff 1.200: 321.8 M-cycles
step 10000: timed with pme grid 44 44 44, coulomb cutoff 1.314: 345.2 M-cycles
           Step           Time
          10000       20.00000

   Energies (kJ/mol)
           Bond            U-B    Proper Dih.  Improper Dih.      CMAP Dih.
    2.98281e+03    7.57889e+03    9.14421e+03    4.68532e+02   -7.97750e+02
          LJ-14     Coulomb-14        LJ (SR)   Coulomb (SR)   Coul. recip.
    2.85494e+03    4.92987e+04    7.91733e+04   -6.09390e+05    9.07934e+02
 Position Rest.      Potential    Kinetic En.   Total Energy  Conserved En.
    8.45915e+02   -4.56932e+05    8.18219e+04   -3.75111e+05   -3.73804e+05
    Temperature Pressure (bar)   Constr. rmsd
    2.96462e+02    6.56433e+01    0.00000e+00

step 10400: timed with pme grid 40 40 40, coulomb cutoff 1.445: 406.7 M-cycles
           Step           Time
          10500       21.00000

   Energies (kJ/mol)
           Bond            U-B    Proper Dih.  Improper Dih.      CMAP Dih.
    2.94300e+03    7.63729e+03    8.98995e+03    4.98776e+02   -7.97593e+02
          LJ-14     Coulomb-14        LJ (SR)   Coulomb (SR)   Coul. recip.
    2.77854e+03    4.94809e+04    7.89385e+04   -6.10460e+05    1.04307e+03
 Position Rest.      Potential    Kinetic En.   Total Energy  Conserved En.
    8.38703e+02   -4.58109e+05    8.22784e+04   -3.75830e+05   -3.73835e+05
    Temperature Pressure (bar)   Constr. rmsd
    2.98116e+02   -2.33940e+01    0.00000e+00

step 10800: timed with pme grid 42 42 42, coulomb cutoff 1.376: 366.4 M-cycles
           Step           Time
          11000       22.00000

   Energies (kJ/mol)
           Bond            U-B    Proper Dih.  Improper Dih.      CMAP Dih.
    2.93103e+03    7.62817e+03    9.01589e+03    4.34191e+02   -8.31448e+02
          LJ-14     Coulomb-14        LJ (SR)   Coulomb (SR)   Coul. recip.
    2.83743e+03    4.96103e+04    7.92136e+04   -6.09891e+05    1.20227e+03
 Position Rest.      Potential    Kinetic En.   Total Energy  Conserved En.
    8.62293e+02   -4.56987e+05    8.28428e+04   -3.74144e+05   -3.73817e+05
    Temperature Pressure (bar)   Constr. rmsd
    3.00161e+02    2.13609e+02    0.00000e+00

step 11200: timed with pme grid 44 44 44, coulomb cutoff 1.314: 351.4 M-cycles
           Step           Time
          11500       23.00000

   Energies (kJ/mol)
           Bond            U-B    Proper Dih.  Improper Dih.      CMAP Dih.
    2.94928e+03    7.38688e+03    9.05763e+03    4.68557e+02   -8.03681e+02
          LJ-14     Coulomb-14        LJ (SR)   Coulomb (SR)   Coul. recip.
    2.83214e+03    4.95684e+04    7.86262e+04   -6.10323e+05    1.48646e+03
 Position Rest.      Potential    Kinetic En.   Total Energy  Conserved En.
    7.92491e+02   -4.57958e+05    8.25401e+04   -3.75418e+05   -3.73856e+05
    Temperature Pressure (bar)   Constr. rmsd
    2.99064e+02   -1.30304e+02    0.00000e+00

step 11600: timed with pme grid 48 48 48, coulomb cutoff 1.204: 319.2 M-cycles
step 12000: timed with pme grid 52 52 52, coulomb cutoff 1.200: 311.1 M-cycles
           Step           Time
          12000       24.00000

   Energies (kJ/mol)
           Bond            U-B    Proper Dih.  Improper Dih.      CMAP Dih.
    2.86448e+03    7.65199e+03    9.06684e+03    4.97450e+02   -7.93576e+02
          LJ-14     Coulomb-14        LJ (SR)   Coulomb (SR)   Coul. recip.
    2.80048e+03    4.95812e+04    7.87436e+04   -6.09342e+05    1.15262e+03
 Position Rest.      Potential    Kinetic En.   Total Energy  Conserved En.
    8.82571e+02   -4.56894e+05    8.26986e+04   -3.74196e+05   -3.73825e+05
    Temperature Pressure (bar)   Constr. rmsd
    2.99639e+02    6.58012e+00    0.00000e+00

step 12400: timed with pme grid 44 44 44, coulomb cutoff 1.314: 349.4 M-cycles
           Step           Time
          12500       25.00000

   Energies (kJ/mol)
           Bond            U-B    Proper Dih.  Improper Dih.      CMAP Dih.
    2.84267e+03    7.51284e+03    9.02898e+03    5.47899e+02   -8.09328e+02
          LJ-14     Coulomb-14        LJ (SR)   Coulomb (SR)   Coul. recip.
    2.77778e+03    4.96708e+04    8.01044e+04   -6.11714e+05    1.49216e+03
 Position Rest.      Potential    Kinetic En.   Total Energy  Conserved En.
    8.27913e+02   -4.57718e+05    8.21497e+04   -3.75568e+05   -3.73755e+05
    Temperature Pressure (bar)   Constr. rmsd
    2.97650e+02    3.83315e+01    0.00000e+00

step 12800: timed with pme grid 48 48 48, coulomb cutoff 1.204: 313.5 M-cycles
           Step           Time
          13000       26.00000

   Energies (kJ/mol)
           Bond            U-B    Proper Dih.  Improper Dih.      CMAP Dih.
    2.94357e+03    7.52736e+03    9.05095e+03    4.66360e+02   -7.83385e+02
          LJ-14     Coulomb-14        LJ (SR)   Coulomb (SR)   Coul. recip.
    2.81736e+03    4.95384e+04    7.99268e+04   -6.10967e+05    1.58625e+03
 Position Rest.      Potential    Kinetic En.   Total Energy  Conserved En.
    8.30766e+02   -4.57062e+05    8.29176e+04   -3.74145e+05   -3.73716e+05
    Temperature Pressure (bar)   Constr. rmsd
    3.00432e+02    4.00775e+01    0.00000e+00

step 13200: timed with pme grid 52 52 52, coulomb cutoff 1.200: 321.1 M-cycles
              optimal pme grid 52 52 52, coulomb cutoff 1.200
           Step           Time
          13500       27.00000

   Energies (kJ/mol)
           Bond            U-B    Proper Dih.  Improper Dih.      CMAP Dih.
    2.88308e+03    7.63492e+03    9.09490e+03    5.15700e+02   -7.91927e+02
          LJ-14     Coulomb-14        LJ (SR)   Coulomb (SR)   Coul. recip.
    2.79389e+03    4.94929e+04    7.97030e+04   -6.10926e+05    1.54935e+03
 Position Rest.      Potential    Kinetic En.   Total Energy  Conserved En.
    8.18942e+02   -4.57231e+05    8.28419e+04   -3.74389e+05   -3.73707e+05
    Temperature Pressure (bar)   Constr. rmsd
    3.00158e+02    1.45913e+02    0.00000e+00

           Step           Time
          14000       28.00000

   Energies (kJ/mol)
           Bond            U-B    Proper Dih.  Improper Dih.      CMAP Dih.
    2.86633e+03    7.49148e+03    9.05053e+03    4.36083e+02   -8.13139e+02
          LJ-14     Coulomb-14        LJ (SR)   Coulomb (SR)   Coul. recip.
    2.87545e+03    4.95620e+04    7.95469e+04   -6.10466e+05    1.52177e+03
 Position Rest.      Potential    Kinetic En.   Total Energy  Conserved En.
    8.70989e+02   -4.57058e+05    8.28368e+04   -3.74221e+05   -3.73715e+05
    Temperature Pressure (bar)   Constr. rmsd
    3.00139e+02    2.54850e+02    0.00000e+00

           Step           Time
          14500       29.00000

   Energies (kJ/mol)
           Bond            U-B    Proper Dih.  Improper Dih.      CMAP Dih.
    2.82413e+03    7.49883e+03    8.90432e+03    4.61134e+02   -7.83031e+02
          LJ-14     Coulomb-14        LJ (SR)   Coulomb (SR)   Coul. recip.
    2.75911e+03    4.95768e+04    7.82470e+04   -6.09662e+05    1.56463e+03
 Position Rest.      Potential    Kinetic En.   Total Energy  Conserved En.
    7.95320e+02   -4.57814e+05    8.22516e+04   -3.75562e+05   -3.73797e+05
    Temperature Pressure (bar)   Constr. rmsd
    2.98019e+02   -1.66058e+02    0.00000e+00

           Step           Time
          15000       30.00000

   Energies (kJ/mol)
           Bond            U-B    Proper Dih.  Improper Dih.      CMAP Dih.
    3.03309e+03    7.26391e+03    9.02314e+03    4.76916e+02   -8.09560e+02
          LJ-14     Coulomb-14        LJ (SR)   Coulomb (SR)   Coul. recip.
    2.80273e+03    4.93154e+04    7.92609e+04   -6.11152e+05    1.57804e+03
 Position Rest.      Potential    Kinetic En.   Total Energy  Conserved En.
    8.19850e+02   -4.58387e+05    8.31761e+04   -3.75211e+05   -3.73824e+05
    Temperature Pressure (bar)   Constr. rmsd
    3.01369e+02    1.34831e+01    0.00000e+00

           Step           Time
          15500       31.00000

   Energies (kJ/mol)
           Bond            U-B    Proper Dih.  Improper Dih.      CMAP Dih.
    2.98501e+03    7.34636e+03    8.97441e+03    4.29213e+02   -7.72048e+02
          LJ-14     Coulomb-14        LJ (SR)   Coulomb (SR)   Coul. recip.
    2.88127e+03    4.96819e+04    7.91187e+04   -6.10597e+05    1.52498e+03
 Position Rest.      Potential    Kinetic En.   Total Energy  Conserved En.
    8.33952e+02   -4.57594e+05    8.28209e+04   -3.74773e+05   -3.73806e+05
    Temperature Pressure (bar)   Constr. rmsd
    3.00082e+02   -6.11898e+01    0.00000e+00

           Step           Time
          16000       32.00000

   Energies (kJ/mol)
           Bond            U-B    Proper Dih.  Improper Dih.      CMAP Dih.
    2.95728e+03    7.47469e+03    9.01339e+03    4.87349e+02   -7.83493e+02
          LJ-14     Coulomb-14        LJ (SR)   Coulomb (SR)   Coul. recip.
    2.80487e+03    4.94956e+04    7.85692e+04   -6.09485e+05    1.57398e+03
 Position Rest.      Potential    Kinetic En.   Total Energy  Conserved En.
    8.59598e+02   -4.57032e+05    8.26728e+04   -3.74360e+05   -3.73816e+05
    Temperature Pressure (bar)   Constr. rmsd
    2.99545e+02   -1.74974e+02    0.00000e+00

           Step           Time
          16500       33.00000

   Energies (kJ/mol)
           Bond            U-B    Proper Dih.  Improper Dih.      CMAP Dih.
    2.94092e+03    7.68507e+03    9.02113e+03    5.17977e+02   -8.04932e+02
          LJ-14     Coulomb-14        LJ (SR)   Coulomb (SR)   Coul. recip.
    2.76921e+03    4.95206e+04    7.79258e+04   -6.08489e+05    1.55622e+03
 Position Rest.      Potential    Kinetic En.   Total Energy  Conserved En.
    7.67723e+02   -4.56590e+05    8.27106e+04   -3.73879e+05   -3.73793e+05
    Temperature Pressure (bar)   Constr. rmsd
    2.99682e+02   -4.27388e+01    0.00000e+00

           Step           Time
          17000       34.00000

   Energies (kJ/mol)
           Bond            U-B    Proper Dih.  Improper Dih.      CMAP Dih.
    3.06766e+03    7.56305e+03    9.11056e+03    5.05746e+02   -8.19816e+02
          LJ-14     Coulomb-14        LJ (SR)   Coulomb (SR)   Coul. recip.
    2.77473e+03    4.92277e+04    7.72823e+04   -6.07748e+05    1.56092e+03
 Position Rest.      Potential    Kinetic En.   Total Energy  Conserved En.
    8.37801e+02   -4.56637e+05    8.29684e+04   -3.73668e+05   -3.73720e+05
    Temperature Pressure (bar)   Constr. rmsd
    3.00616e+02   -3.36940e+02    0.00000e+00

           Step           Time
          17500       35.00000

   Energies (kJ/mol)
           Bond            U-B    Proper Dih.  Improper Dih.      CMAP Dih.
    2.84543e+03    7.53667e+03    9.06560e+03    4.93392e+02   -7.91345e+02
          LJ-14     Coulomb-14        LJ (SR)   Coulomb (SR)   Coul. recip.
    2.82208e+03    4.94604e+04    7.85844e+04   -6.10323e+05    1.60402e+03
 Position Rest.      Potential    Kinetic En.   Total Energy  Conserved En.
    8.04638e+02   -4.57897e+05    8.19626e+04   -3.75935e+05   -3.73652e+05
    Temperature Pressure (bar)   Constr. rmsd
    2.96972e+02    4.64884e+01    0.00000e+00

           Step           Time
          18000       36.00000

   Energies (kJ/mol)
           Bond            U-B    Proper Dih.  Improper Dih.      CMAP Dih.
    2.82060e+03    7.55184e+03    9.08871e+03    4.99203e+02   -7.75098e+02
          LJ-14     Coulomb-14        LJ (SR)   Coulomb (SR)   Coul. recip.
    2.91766e+03    4.96206e+04    7.94974e+04   -6.11492e+05    1.50940e+03
 Position Rest.      Potential    Kinetic En.   Total Energy  Conserved En.
    8.07646e+02   -4.57955e+05    8.27512e+04   -3.75203e+05   -3.73611e+05
    Temperature Pressure (bar)   Constr. rmsd
    2.99829e+02    1.51128e+02    0.00000e+00

           Step           Time
          18500       37.00000

   Energies (kJ/mol)
           Bond            U-B    Proper Dih.  Improper Dih.      CMAP Dih.
    2.87851e+03    7.65799e+03    9.05395e+03    4.70870e+02   -7.60518e+02
          LJ-14     Coulomb-14        LJ (SR)   Coulomb (SR)   Coul. recip.
    2.82609e+03    4.96034e+04    7.89298e+04   -6.10572e+05    1.58801e+03
 Position Rest.      Potential    Kinetic En.   Total Energy  Conserved En.
    8.50020e+02   -4.57474e+05    8.30392e+04   -3.74434e+05   -3.73520e+05
    Temperature Pressure (bar)   Constr. rmsd
    3.00873e+02    9.14806e+01    0.00000e+00

           Step           Time
          19000       38.00000

   Energies (kJ/mol)
           Bond            U-B    Proper Dih.  Improper Dih.      CMAP Dih.
    2.93388e+03    7.73024e+03    9.08539e+03    4.59518e+02   -8.17430e+02
          LJ-14     Coulomb-14        LJ (SR)   Coulomb (SR)   Coul. recip.
    2.78617e+03    4.91881e+04    7.89887e+04   -6.10846e+05    1.57071e+03
 Position Rest.      Potential    Kinetic En.   Total Energy  Conserved En.
    8.35032e+02   -4.58086e+05    8.36740e+04   -3.74412e+05   -3.73641e+05
    Temperature Pressure (bar)   Constr. rmsd
    3.03173e+02    2.93649e+00    0.00000e+00

           Step           Time
          19500       39.00000

   Energies (kJ/mol)
           Bond            U-B    Proper Dih.  Improper Dih.      CMAP Dih.
    3.05460e+03    7.46103e+03    9.07813e+03    5.21948e+02   -8.00433e+02
          LJ-14     Coulomb-14        LJ (SR)   Coulomb (SR)   Coul. recip.
    2.79033e+03    4.96875e+04    7.99787e+04   -6.11468e+05    1.53930e+03
 Position Rest.      Potential    Kinetic En.   Total Energy  Conserved En.
    7.57685e+02   -4.57399e+05    8.31736e+04   -3.74225e+05   -3.73504e+05
    Temperature Pressure (bar)   Constr. rmsd
    3.01360e+02    2.33326e+02    0.00000e+00

           Step           Time
          20000       40.00000

   Energies (kJ/mol)
           Bond            U-B    Proper Dih.  Improper Dih.      CMAP Dih.
    2.91762e+03    7.72138e+03    9.08041e+03    5.34943e+02   -8.03465e+02
          LJ-14     Coulomb-14        LJ (SR)   Coulomb (SR)   Coul. recip.
    2.74675e+03    4.94188e+04    7.86406e+04   -6.08816e+05    1.58362e+03
 Position Rest.      Potential    Kinetic En.   Total Energy  Conserved En.
    8.84722e+02   -4.56091e+05    8.33996e+04   -3.72691e+05   -3.73780e+05
    Temperature Pressure (bar)   Constr. rmsd
    3.02179e+02    5.14049e+01    0.00000e+00

           Step           Time
          20500       41.00000

   Energies (kJ/mol)
           Bond            U-B    Proper Dih.  Improper Dih.      CMAP Dih.
    2.92093e+03    7.60030e+03    8.93421e+03    4.92256e+02   -7.73981e+02
          LJ-14     Coulomb-14        LJ (SR)   Coulomb (SR)   Coul. recip.
    2.75440e+03    4.96225e+04    7.90590e+04   -6.10524e+05    1.57670e+03
 Position Rest.      Potential    Kinetic En.   Total Energy  Conserved En.
    8.52471e+02   -4.57485e+05    8.21398e+04   -3.75345e+05   -3.73492e+05
    Temperature Pressure (bar)   Constr. rmsd
    2.97614e+02   -6.05301e+01    0.00000e+00

           Step           Time
          21000       42.00000

   Energies (kJ/mol)
           Bond            U-B    Proper Dih.  Improper Dih.      CMAP Dih.
    2.92385e+03    7.77272e+03    9.11539e+03    5.16248e+02   -8.21507e+02
          LJ-14     Coulomb-14        LJ (SR)   Coulomb (SR)   Coul. recip.
    2.84101e+03    4.95684e+04    7.82092e+04   -6.09819e+05    1.55095e+03
 Position Rest.      Potential    Kinetic En.   Total Energy  Conserved En.
    8.09768e+02   -4.57333e+05    8.28866e+04   -3.74446e+05   -3.73506e+05
    Temperature Pressure (bar)   Constr. rmsd
    3.00320e+02   -1.04055e+00    0.00000e+00

           Step           Time
          21500       43.00000

   Energies (kJ/mol)
           Bond            U-B    Proper Dih.  Improper Dih.      CMAP Dih.
    2.88302e+03    7.40377e+03    9.03870e+03    4.42061e+02   -7.97488e+02
          LJ-14     Coulomb-14        LJ (SR)   Coulomb (SR)   Coul. recip.
    2.81912e+03    4.96129e+04    7.80615e+04   -6.09672e+05    1.53042e+03
 Position Rest.      Potential    Kinetic En.   Total Energy  Conserved En.
    8.12939e+02   -4.57865e+05    8.20471e+04   -3.75818e+05   -3.73651e+05
    Temperature Pressure (bar)   Constr. rmsd
    2.97278e+02    5.23122e+01    0.00000e+00

           Step           Time
          22000       44.00000

   Energies (kJ/mol)
           Bond            U-B    Proper Dih.  Improper Dih.      CMAP Dih.
    2.92627e+03    7.55001e+03    8.94121e+03    5.07308e+02   -7.58980e+02
          LJ-14     Coulomb-14        LJ (SR)   Coulomb (SR)   Coul. recip.
    2.75779e+03    4.98869e+04    7.85635e+04   -6.09789e+05    1.51125e+03
 Position Rest.      Potential    Kinetic En.   Total Energy  Conserved En.
    8.48698e+02   -4.57055e+05    8.26778e+04   -3.74378e+05   -3.73737e+05
    Temperature Pressure (bar)   Constr. rmsd
    2.99563e+02   -1.74188e+02    0.00000e+00

           Step           Time
          22500       45.00000

   Energies (kJ/mol)
           Bond            U-B    Proper Dih.  Improper Dih.      CMAP Dih.
    2.88485e+03    7.56338e+03    9.04342e+03    5.33592e+02   -7.71367e+02
          LJ-14     Coulomb-14        LJ (SR)   Coulomb (SR)   Coul. recip.
    2.83625e+03    4.93518e+04    7.91145e+04   -6.10335e+05    1.61828e+03
 Position Rest.      Potential    Kinetic En.   Total Energy  Conserved En.
    8.58164e+02   -4.57302e+05    8.28643e+04   -3.74438e+05   -3.73566e+05
    Temperature Pressure (bar)   Constr. rmsd
    3.00239e+02    2.56534e+02    0.00000e+00

           Step           Time
          23000       46.00000

   Energies (kJ/mol)
           Bond            U-B    Proper Dih.  Improper Dih.      CMAP Dih.
    2.88339e+03    7.58952e+03    9.10270e+03    4.97572e+02   -7.72730e+02
          LJ-14     Coulomb-14        LJ (SR)   Coulomb (SR)   Coul. recip.
    2.74573e+03    4.91626e+04    8.00405e+04   -6.11510e+05    1.53245e+03
 Position Rest.      Potential    Kinetic En.   Total Energy  Conserved En.
    8.44908e+02   -4.57884e+05    8.31478e+04   -3.74736e+05   -3.73389e+05
    Temperature Pressure (bar)   Constr. rmsd
    3.01266e+02    5.87491e+01    0.00000e+00

           Step           Time
          23500       47.00000

   Energies (kJ/mol)
           Bond            U-B    Proper Dih.  Improper Dih.      CMAP Dih.
    2.96655e+03    7.45147e+03    8.98757e+03    4.78557e+02   -7.52736e+02
          LJ-14     Coulomb-14        LJ (SR)   Coulomb (SR)   Coul. recip.
    2.78956e+03    4.93804e+04    7.80891e+04   -6.08680e+05    1.46591e+03
 Position Rest.      Potential    Kinetic En.   Total Energy  Conserved En.
    8.30909e+02   -4.56993e+05    8.31620e+04   -3.73831e+05   -3.73335e+05
    Temperature Pressure (bar)   Constr. rmsd
    3.01318e+02    3.43594e+01    0.00000e+00

           Step           Time
          24000       48.00000

   Energies (kJ/mol)
           Bond            U-B    Proper Dih.  Improper Dih.      CMAP Dih.
    2.89605e+03    7.64673e+03    8.98536e+03    4.41010e+02   -8.61685e+02
          LJ-14     Coulomb-14        LJ (SR)   Coulomb (SR)   Coul. recip.
    2.69404e+03    4.96992e+04    7.84747e+04   -6.09150e+05    1.49985e+03
 Position Rest.      Potential    Kinetic En.   Total Energy  Conserved En.
    8.87660e+02   -4.56787e+05    8.21740e+04   -3.74613e+05   -3.73458e+05
    Temperature Pressure (bar)   Constr. rmsd
    2.97738e+02   -2.41254e+02    0.00000e+00

           Step           Time
          24500       49.00000

   Energies (kJ/mol)
           Bond            U-B    Proper Dih.  Improper Dih.      CMAP Dih.
    2.93896e+03    7.96047e+03    9.13448e+03    5.40913e+02   -7.93747e+02
          LJ-14     Coulomb-14        LJ (SR)   Coulomb (SR)   Coul. recip.
    2.78910e+03    4.91395e+04    8.05835e+04   -6.11097e+05    1.52821e+03
 Position Rest.      Potential    Kinetic En.   Total Energy  Conserved En.
    8.65353e+02   -4.56411e+05    8.35288e+04   -3.72882e+05   -3.73513e+05
    Temperature Pressure (bar)   Constr. rmsd
    3.02647e+02    7.95157e+01    0.00000e+00

           Step           Time
          25000       50.00000

   Energies (kJ/mol)
           Bond            U-B    Proper Dih.  Improper Dih.      CMAP Dih.
    3.02448e+03    7.39058e+03    8.99410e+03    5.41134e+02   -8.31999e+02
          LJ-14     Coulomb-14        LJ (SR)   Coulomb (SR)   Coul. recip.
    2.82409e+03    4.94783e+04    7.73766e+04   -6.08742e+05    1.62638e+03
 Position Rest.      Potential    Kinetic En.   Total Energy  Conserved En.
    8.10429e+02   -4.57508e+05    8.29077e+04   -3.74601e+05   -3.73698e+05
    Temperature Pressure (bar)   Constr. rmsd
    3.00396e+02   -4.29931e+02    0.00000e+00

           Step           Time
          25500       51.00000

   Energies (kJ/mol)
           Bond            U-B    Proper Dih.  Improper Dih.      CMAP Dih.
    2.95594e+03    7.49626e+03    9.03287e+03    5.15172e+02   -7.85153e+02
          LJ-14     Coulomb-14        LJ (SR)   Coulomb (SR)   Coul. recip.
    2.87787e+03    4.94214e+04    7.82834e+04   -6.09198e+05    1.49925e+03
 Position Rest.      Potential    Kinetic En.   Total Energy  Conserved En.
    7.64180e+02   -4.57136e+05    8.26729e+04   -3.74463e+05   -3.73434e+05
    Temperature Pressure (bar)   Constr. rmsd
    2.99546e+02    2.08229e+02    0.00000e+00

           Step           Time
          26000       52.00000

   Energies (kJ/mol)
           Bond            U-B    Proper Dih.  Improper Dih.      CMAP Dih.
    3.01559e+03    7.48393e+03    9.03543e+03    4.67461e+02   -8.33810e+02
          LJ-14     Coulomb-14        LJ (SR)   Coulomb (SR)   Coul. recip.
    2.86172e+03    4.94141e+04    7.88935e+04   -6.09188e+05    1.55517e+03
 Position Rest.      Potential    Kinetic En.   Total Energy  Conserved En.
    7.53856e+02   -4.56541e+05    8.29385e+04   -3.73603e+05   -3.73381e+05
    Temperature Pressure (bar)   Constr. rmsd
    3.00508e+02    2.21818e+02    0.00000e+00

           Step           Time
          26500       53.00000

   Energies (kJ/mol)
           Bond            U-B    Proper Dih.  Improper Dih.      CMAP Dih.
    3.06338e+03    7.77796e+03    9.10808e+03    5.08895e+02   -7.51555e+02
          LJ-14     Coulomb-14        LJ (SR)   Coulomb (SR)   Coul. recip.
    2.81569e+03    4.95523e+04    7.93684e+04   -6.09635e+05    1.51775e+03
 Position Rest.      Potential    Kinetic En.   Total Energy  Conserved En.
    8.40007e+02   -4.55834e+05    8.34546e+04   -3.72379e+05   -3.73230e+05
    Temperature Pressure (bar)   Constr. rmsd
    3.02378e+02    1.47980e+02    0.00000e+00

           Step           Time
          27000       54.00000

   Energies (kJ/mol)
           Bond            U-B    Proper Dih.  Improper Dih.      CMAP Dih.
    2.94831e+03    7.58682e+03    9.13717e+03    5.31427e+02   -7.79482e+02
          LJ-14     Coulomb-14        LJ (SR)   Coulomb (SR)   Coul. recip.
    2.78533e+03    4.95766e+04    7.99671e+04   -6.11547e+05    1.56358e+03
 Position Rest.      Potential    Kinetic En.   Total Energy  Conserved En.
    8.22072e+02   -4.57408e+05    8.29652e+04   -3.74443e+05   -3.73184e+05
    Temperature Pressure (bar)   Constr. rmsd
    3.00605e+02    2.76720e+02    0.00000e+00

           Step           Time
          27500       55.00000

   Energies (kJ/mol)
           Bond            U-B    Proper Dih.  Improper Dih.      CMAP Dih.
    2.93212e+03    7.57310e+03    9.01846e+03    4.16046e+02   -7.64811e+02
          LJ-14     Coulomb-14        LJ (SR)   Coulomb (SR)   Coul. recip.
    2.80246e+03    4.93999e+04    7.93151e+04   -6.10739e+05    1.54219e+03
 Position Rest.      Potential    Kinetic En.   Total Energy  Conserved En.
    8.87270e+02   -4.57617e+05    8.29004e+04   -3.74717e+05   -3.73248e+05
    Temperature Pressure (bar)   Constr. rmsd
    3.00370e+02    1.03729e+02    0.00000e+00

           Step           Time
          28000       56.00000

   Energies (kJ/mol)
           Bond            U-B    Proper Dih.  Improper Dih.      CMAP Dih.
    2.90844e+03    7.66889e+03    9.10756e+03    4.92483e+02   -7.90093e+02
          LJ-14     Coulomb-14        LJ (SR)   Coulomb (SR)   Coul. recip.
    2.82983e+03    4.94165e+04    7.91589e+04   -6.09992e+05    1.54126e+03
 Position Rest.      Potential    Kinetic En.   Total Energy  Conserved En.
    8.42213e+02   -4.56816e+05    8.27744e+04   -3.74042e+05   -3.73333e+05
    Temperature Pressure (bar)   Constr. rmsd
    2.99913e+02    2.55831e+02    0.00000e+00

           Step           Time
          28500       57.00000

   Energies (kJ/mol)
           Bond            U-B    Proper Dih.  Improper Dih.      CMAP Dih.
    2.84183e+03    7.63671e+03    9.10428e+03    5.06354e+02   -7.46439e+02
          LJ-14     Coulomb-14        LJ (SR)   Coulomb (SR)   Coul. recip.
    2.83567e+03    4.95494e+04    7.95678e+04   -6.10328e+05    1.55388e+03
 Position Rest.      Potential    Kinetic En.   Total Energy  Conserved En.
    8.64370e+02   -4.56614e+05    8.28498e+04   -3.73764e+05   -3.73297e+05
    Temperature Pressure (bar)   Constr. rmsd
    3.00186e+02    3.76095e+02    0.00000e+00

           Step           Time
          29000       58.00000

   Energies (kJ/mol)
           Bond            U-B    Proper Dih.  Improper Dih.      CMAP Dih.
    3.00404e+03    7.67429e+03    9.08836e+03    4.92936e+02   -7.81538e+02
          LJ-14     Coulomb-14        LJ (SR)   Coulomb (SR)   Coul. recip.
    2.79467e+03    4.91708e+04    7.93834e+04   -6.10219e+05    1.57069e+03
 Position Rest.      Potential    Kinetic En.   Total Energy  Conserved En.
    8.40106e+02   -4.56982e+05    8.28768e+04   -3.74105e+05   -3.73346e+05
    Temperature Pressure (bar)   Constr. rmsd
    3.00284e+02    9.63028e+01    0.00000e+00

           Step           Time
          29500       59.00000

   Energies (kJ/mol)
           Bond            U-B    Proper Dih.  Improper Dih.      CMAP Dih.
    2.95110e+03    7.49030e+03    9.07626e+03    4.96133e+02   -7.63323e+02
          LJ-14     Coulomb-14        LJ (SR)   Coulomb (SR)   Coul. recip.
    2.78505e+03    4.95471e+04    7.82473e+04   -6.09418e+05    1.61064e+03
 Position Rest.      Potential    Kinetic En.   Total Energy  Conserved En.
    8.18900e+02   -4.57159e+05    8.28602e+04   -3.74299e+05   -3.73432e+05
    Temperature Pressure (bar)   Constr. rmsd
    3.00224e+02   -9.46003e+01    0.00000e+00

           Step           Time
          30000       60.00000

   Energies (kJ/mol)
           Bond            U-B    Proper Dih.  Improper Dih.      CMAP Dih.
    3.01125e+03    7.29043e+03    9.08736e+03    4.89142e+02   -7.96125e+02
          LJ-14     Coulomb-14        LJ (SR)   Coulomb (SR)   Coul. recip.
    2.85268e+03    4.94561e+04    8.00808e+04   -6.10471e+05    1.58092e+03
 Position Rest.      Potential    Kinetic En.   Total Energy  Conserved En.
    8.85101e+02   -4.56534e+05    8.27788e+04   -3.73755e+05   -3.73398e+05
    Temperature Pressure (bar)   Constr. rmsd
    2.99929e+02    2.01543e+02    0.00000e+00

           Step           Time
          30500       61.00000

   Energies (kJ/mol)
           Bond            U-B    Proper Dih.  Improper Dih.      CMAP Dih.
    2.76538e+03    7.60788e+03    8.95841e+03    5.04011e+02   -7.96604e+02
          LJ-14     Coulomb-14        LJ (SR)   Coulomb (SR)   Coul. recip.
    2.92914e+03    4.97374e+04    7.86228e+04   -6.09777e+05    1.53467e+03
 Position Rest.      Potential    Kinetic En.   Total Energy  Conserved En.
    8.20572e+02   -4.57093e+05    8.20937e+04   -3.74999e+05   -3.73475e+05
    Temperature Pressure (bar)   Constr. rmsd
    2.97447e+02    3.33997e+02    0.00000e+00

           Step           Time
          31000       62.00000

   Energies (kJ/mol)
           Bond            U-B    Proper Dih.  Improper Dih.      CMAP Dih.
    2.81632e+03    7.60226e+03    9.11728e+03    5.24912e+02   -7.90819e+02
          LJ-14     Coulomb-14        LJ (SR)   Coulomb (SR)   Coul. recip.
    2.80284e+03    4.97435e+04    7.83856e+04   -6.09425e+05    1.59426e+03
 Position Rest.      Potential    Kinetic En.   Total Energy  Conserved En.
    8.27503e+02   -4.56801e+05    8.36507e+04   -3.73150e+05   -3.73378e+05
    Temperature Pressure (bar)   Constr. rmsd
    3.03088e+02   -3.76509e+01    0.00000e+00

           Step           Time
          31500       63.00000

   Energies (kJ/mol)
           Bond            U-B    Proper Dih.  Improper Dih.      CMAP Dih.
    2.99150e+03    7.52402e+03    8.93916e+03    4.77494e+02   -7.59777e+02
          LJ-14     Coulomb-14        LJ (SR)   Coulomb (SR)   Coul. recip.
    2.76759e+03    4.94976e+04    7.94592e+04   -6.10110e+05    1.56681e+03
 Position Rest.      Potential    Kinetic En.   Total Energy  Conserved En.
    8.46224e+02   -4.56800e+05    8.35511e+04   -3.73249e+05   -3.73417e+05
    Temperature Pressure (bar)   Constr. rmsd
    3.02727e+02    2.36219e+01    0.00000e+00

           Step           Time
          32000       64.00000

   Energies (kJ/mol)
           Bond            U-B    Proper Dih.  Improper Dih.      CMAP Dih.
    2.87766e+03    7.51925e+03    9.02104e+03    5.31398e+02   -8.09210e+02
          LJ-14     Coulomb-14        LJ (SR)   Coulomb (SR)   Coul. recip.
    2.84181e+03    4.95901e+04    7.81679e+04   -6.07955e+05    1.49222e+03
 Position Rest.      Potential    Kinetic En.   Total Energy  Conserved En.
    8.04292e+02   -4.55919e+05    8.24934e+04   -3.73425e+05   -3.73468e+05
    Temperature Pressure (bar)   Constr. rmsd
    2.98895e+02   -5.85825e+01    0.00000e+00

           Step           Time
          32500       65.00000

   Energies (kJ/mol)
           Bond            U-B    Proper Dih.  Improper Dih.      CMAP Dih.
    2.99077e+03    7.54106e+03    9.04313e+03    4.59257e+02   -8.00153e+02
          LJ-14     Coulomb-14        LJ (SR)   Coulomb (SR)   Coul. recip.
    2.79421e+03    4.93940e+04    8.06446e+04   -6.11857e+05    1.54306e+03
 Position Rest.      Potential    Kinetic En.   Total Energy  Conserved En.
    8.57099e+02   -4.57390e+05    8.23256e+04   -3.75064e+05   -3.73350e+05
    Temperature Pressure (bar)   Constr. rmsd
    2.98287e+02   -1.75503e+01    0.00000e+00

           Step           Time
          33000       66.00000

   Energies (kJ/mol)
           Bond            U-B    Proper Dih.  Improper Dih.      CMAP Dih.
    2.75778e+03    7.41238e+03    8.98132e+03    4.94007e+02   -7.85534e+02
          LJ-14     Coulomb-14        LJ (SR)   Coulomb (SR)   Coul. recip.
    2.81462e+03    4.96396e+04    8.03824e+04   -6.12843e+05    1.49352e+03
 Position Rest.      Potential    Kinetic En.   Total Energy  Conserved En.
    8.24230e+02   -4.58828e+05    8.31034e+04   -3.75725e+05   -3.73316e+05
    Temperature Pressure (bar)   Constr. rmsd
    3.01105e+02    5.72088e+01    0.00000e+00

           Step           Time
          33500       67.00000

   Energies (kJ/mol)
           Bond            U-B    Proper Dih.  Improper Dih.      CMAP Dih.
    3.00505e+03    7.58189e+03    9.03166e+03    4.84572e+02   -8.38320e+02
          LJ-14     Coulomb-14        LJ (SR)   Coulomb (SR)   Coul. recip.
    2.82174e+03    4.94984e+04    7.97916e+04   -6.10813e+05    1.62476e+03
 Position Rest.      Potential    Kinetic En.   Total Energy  Conserved En.
    8.54844e+02   -4.56957e+05    8.20079e+04   -3.74949e+05   -3.73320e+05
    Temperature Pressure (bar)   Constr. rmsd
    2.97136e+02    4.21365e+01    0.00000e+00

           Step           Time
          34000       68.00000

   Energies (kJ/mol)
           Bond            U-B    Proper Dih.  Improper Dih.      CMAP Dih.
    2.67315e+03    7.40100e+03    9.06819e+03    4.42544e+02   -8.40511e+02
          LJ-14     Coulomb-14        LJ (SR)   Coulomb (SR)   Coul. recip.
    2.83365e+03    4.94941e+04    7.91923e+04   -6.11457e+05    1.54829e+03
 Position Rest.      Potential    Kinetic En.   Total Energy  Conserved En.
    7.40806e+02   -4.58904e+05    8.20532e+04   -3.76851e+05   -3.73296e+05
    Temperature Pressure (bar)   Constr. rmsd
    2.97300e+02    2.07390e+02    0.00000e+00

           Step           Time
          34500       69.00000

   Energies (kJ/mol)
           Bond            U-B    Proper Dih.  Improper Dih.      CMAP Dih.
    2.75409e+03    7.64448e+03    9.02012e+03    4.34128e+02   -7.97161e+02
          LJ-14     Coulomb-14        LJ (SR)   Coulomb (SR)   Coul. recip.
    2.83329e+03    4.95862e+04    7.94167e+04   -6.10974e+05    1.55513e+03
 Position Rest.      Potential    Kinetic En.   Total Energy  Conserved En.
    8.48815e+02   -4.57678e+05    8.27521e+04   -3.74926e+05   -3.73242e+05
    Temperature Pressure (bar)   Constr. rmsd
    2.99833e+02    1.45150e+02    0.00000e+00

           Step           Time
          35000       70.00000

   Energies (kJ/mol)
           Bond            U-B    Proper Dih.  Improper Dih.      CMAP Dih.
    2.89866e+03    7.86754e+03    8.97433e+03    4.85448e+02   -7.57360e+02
          LJ-14     Coulomb-14        LJ (SR)   Coulomb (SR)   Coul. recip.
    2.78622e+03    4.93389e+04    7.82072e+04   -6.08078e+05    1.58820e+03
 Position Rest.      Potential    Kinetic En.   Total Energy  Conserved En.
    8.60234e+02   -4.55829e+05    8.30329e+04   -3.72796e+05   -3.73598e+05
    Temperature Pressure (bar)   Constr. rmsd
    3.00850e+02   -8.46916e+01    0.00000e+00

           Step           Time
          35500       71.00000

   Energies (kJ/mol)
           Bond            U-B    Proper Dih.  Improper Dih.      CMAP Dih.
    3.06001e+03    7.66110e+03    9.00380e+03    5.53175e+02   -8.43128e+02
          LJ-14     Coulomb-14        LJ (SR)   Coulomb (SR)   Coul. recip.
    2.78845e+03    4.93026e+04    7.82688e+04   -6.08465e+05    1.56103e+03
 Position Rest.      Potential    Kinetic En.   Total Energy  Conserved En.
    8.40000e+02   -4.56269e+05    8.27574e+04   -3.73511e+05   -3.73365e+05
    Temperature Pressure (bar)   Constr. rmsd
    2.99852e+02   -1.86677e+02    0.00000e+00

           Step           Time
          36000       72.00000

   Energies (kJ/mol)
           Bond            U-B    Proper Dih.  Improper Dih.      CMAP Dih.
    2.98158e+03    7.51932e+03    9.04559e+03    5.25507e+02   -7.91156e+02
          LJ-14     Coulomb-14        LJ (SR)   Coulomb (SR)   Coul. recip.
    2.78483e+03    4.95600e+04    7.98764e+04   -6.10473e+05    1.56848e+03
 Position Rest.      Potential    Kinetic En.   Total Energy  Conserved En.
    8.03914e+02   -4.56598e+05    8.29141e+04   -3.73684e+05   -3.73263e+05
    Temperature Pressure (bar)   Constr. rmsd
    3.00419e+02    1.14012e+02    0.00000e+00

           Step           Time
          36500       73.00000

   Energies (kJ/mol)
           Bond            U-B    Proper Dih.  Improper Dih.      CMAP Dih.
    2.90999e+03    7.79024e+03    9.06791e+03    4.80753e+02   -8.93129e+02
          LJ-14     Coulomb-14        LJ (SR)   Coulomb (SR)   Coul. recip.
    2.79311e+03    4.94427e+04    7.99318e+04   -6.11834e+05    1.50407e+03
 Position Rest.      Potential    Kinetic En.   Total Energy  Conserved En.
    8.08926e+02   -4.57998e+05    8.39750e+04   -3.74023e+05   -3.73191e+05
    Temperature Pressure (bar)   Constr. rmsd
    3.04263e+02    1.50933e+02    0.00000e+00

           Step           Time
          37000       74.00000

   Energies (kJ/mol)
           Bond            U-B    Proper Dih.  Improper Dih.      CMAP Dih.
    2.73550e+03    7.36317e+03    9.12100e+03    4.38528e+02   -8.03372e+02
          LJ-14     Coulomb-14        LJ (SR)   Coulomb (SR)   Coul. recip.
    2.82689e+03    4.94901e+04    7.96831e+04   -6.11208e+05    1.47094e+03
 Position Rest.      Potential    Kinetic En.   Total Energy  Conserved En.
    8.41541e+02   -4.58040e+05    8.10130e+04   -3.77027e+05   -3.73281e+05
    Temperature Pressure (bar)   Constr. rmsd
    2.93531e+02    2.40428e+02    0.00000e+00

           Step           Time
          37500       75.00000

   Energies (kJ/mol)
           Bond            U-B    Proper Dih.  Improper Dih.      CMAP Dih.
    2.88327e+03    7.46062e+03    9.16939e+03    4.61798e+02   -8.40662e+02
          LJ-14     Coulomb-14        LJ (SR)   Coulomb (SR)   Coul. recip.
    2.86255e+03    4.94138e+04    7.89576e+04   -6.11077e+05    1.58051e+03
 Position Rest.      Potential    Kinetic En.   Total Energy  Conserved En.
    8.06146e+02   -4.58322e+05    8.33692e+04   -3.74953e+05   -3.73234e+05
    Temperature Pressure (bar)   Constr. rmsd
    3.02068e+02    1.33142e+02    0.00000e+00

           Step           Time
          38000       76.00000

   Energies (kJ/mol)
           Bond            U-B    Proper Dih.  Improper Dih.      CMAP Dih.
    2.90168e+03    7.39379e+03    9.00166e+03    4.54797e+02   -7.87447e+02
          LJ-14     Coulomb-14        LJ (SR)   Coulomb (SR)   Coul. recip.
    2.83926e+03    4.95919e+04    7.79580e+04   -6.08333e+05    1.52435e+03
 Position Rest.      Potential    Kinetic En.   Total Energy  Conserved En.
    8.39776e+02   -4.56616e+05    8.24310e+04   -3.74185e+05   -3.73181e+05
    Temperature Pressure (bar)   Constr. rmsd
    2.98669e+02   -1.62518e+02    0.00000e+00

           Step           Time
          38500       77.00000

   Energies (kJ/mol)
           Bond            U-B    Proper Dih.  Improper Dih.      CMAP Dih.
    2.95333e+03    7.49960e+03    9.00811e+03    4.60359e+02   -8.21680e+02
          LJ-14     Coulomb-14        LJ (SR)   Coulomb (SR)   Coul. recip.
    2.79291e+03    4.97450e+04    7.86227e+04   -6.10254e+05    1.49028e+03
 Position Rest.      Potential    Kinetic En.   Total Energy  Conserved En.
    8.38422e+02   -4.57665e+05    8.25517e+04   -3.75113e+05   -3.73095e+05
    Temperature Pressure (bar)   Constr. rmsd
    2.99106e+02   -2.06191e+02    0.00000e+00

           Step           Time
          39000       78.00000

   Energies (kJ/mol)
           Bond            U-B    Proper Dih.  Improper Dih.      CMAP Dih.
    2.97612e+03    7.43057e+03    9.02660e+03    4.88388e+02   -8.34222e+02
          LJ-14     Coulomb-14        LJ (SR)   Coulomb (SR)   Coul. recip.
    2.83634e+03    4.97062e+04    8.00288e+04   -6.11425e+05    1.54168e+03
 Position Rest.      Potential    Kinetic En.   Total Energy  Conserved En.
    8.28338e+02   -4.57396e+05    8.26110e+04   -3.74785e+05   -3.73019e+05
    Temperature Pressure (bar)   Constr. rmsd
    2.99321e+02    6.49612e+01    0.00000e+00

           Step           Time
          39500       79.00000

   Energies (kJ/mol)
           Bond            U-B    Proper Dih.  Improper Dih.      CMAP Dih.
    2.85720e+03    7.62108e+03    9.01155e+03    5.27886e+02   -8.25606e+02
          LJ-14     Coulomb-14        LJ (SR)   Coulomb (SR)   Coul. recip.
    2.83924e+03    4.95568e+04    8.01455e+04   -6.11351e+05    1.58124e+03
 Position Rest.      Potential    Kinetic En.   Total Energy  Conserved En.
    8.09591e+02   -4.57226e+05    8.30125e+04   -3.74214e+05   -3.73073e+05
    Temperature Pressure (bar)   Constr. rmsd
    3.00776e+02    2.63967e+02    0.00000e+00

           Step           Time
          40000       80.00000

   Energies (kJ/mol)
           Bond            U-B    Proper Dih.  Improper Dih.      CMAP Dih.
    2.92768e+03    7.49621e+03    8.97237e+03    4.81048e+02   -7.62053e+02
          LJ-14     Coulomb-14        LJ (SR)   Coulomb (SR)   Coul. recip.
    2.85921e+03    4.92495e+04    7.94324e+04   -6.10893e+05    1.62761e+03
 Position Rest.      Potential    Kinetic En.   Total Energy  Conserved En.
    8.60506e+02   -4.57748e+05    8.28756e+04   -3.74872e+05   -3.73059e+05
    Temperature Pressure (bar)   Constr. rmsd
    3.00280e+02    3.15143e+01    0.00000e+00

           Step           Time
          40500       81.00000

   Energies (kJ/mol)
           Bond            U-B    Proper Dih.  Improper Dih.      CMAP Dih.
    2.96839e+03    7.45277e+03    9.04379e+03    5.02643e+02   -7.57820e+02
          LJ-14     Coulomb-14        LJ (SR)   Coulomb (SR)   Coul. recip.
    2.73530e+03    4.96731e+04    7.95372e+04   -6.10819e+05    1.60192e+03
 Position Rest.      Potential    Kinetic En.   Total Energy  Conserved En.
    8.57460e+02   -4.57204e+05    8.32822e+04   -3.73922e+05   -3.73045e+05
    Temperature Pressure (bar)   Constr. rmsd
    3.01753e+02   -1.17484e+02    0.00000e+00

           Step           Time
          41000       82.00000

   Energies (kJ/mol)
           Bond            U-B    Proper Dih.  Improper Dih.      CMAP Dih.
    2.83726e+03    7.55014e+03    9.06397e+03    4.80270e+02   -7.87807e+02
          LJ-14     Coulomb-14        LJ (SR)   Coulomb (SR)   Coul. recip.
    2.88944e+03    4.95511e+04    7.93334e+04   -6.10904e+05    1.54370e+03
 Position Rest.      Potential    Kinetic En.   Total Energy  Conserved En.
    8.22048e+02   -4.57620e+05    8.29749e+04   -3.74645e+05   -3.73135e+05
    Temperature Pressure (bar)   Constr. rmsd
    3.00640e+02    5.93092e+01    0.00000e+00

           Step           Time
          41500       83.00000

   Energies (kJ/mol)
           Bond            U-B    Proper Dih.  Improper Dih.      CMAP Dih.
    2.93722e+03    7.52320e+03    9.10373e+03    4.76685e+02   -7.95831e+02
          LJ-14     Coulomb-14        LJ (SR)   Coulomb (SR)   Coul. recip.
    2.72898e+03    4.95491e+04    7.93879e+04   -6.11669e+05    1.56529e+03
 Position Rest.      Potential    Kinetic En.   Total Energy  Conserved En.
    9.04837e+02   -4.58288e+05    8.24815e+04   -3.75806e+05   -3.73096e+05
    Temperature Pressure (bar)   Constr. rmsd
    2.98852e+02   -1.54340e+02    0.00000e+00

           Step           Time
          42000       84.00000

   Energies (kJ/mol)
           Bond            U-B    Proper Dih.  Improper Dih.      CMAP Dih.
    2.85069e+03    7.42872e+03    8.99658e+03    5.26413e+02   -7.99225e+02
          LJ-14     Coulomb-14        LJ (SR)   Coulomb (SR)   Coul. recip.
    2.77920e+03    4.93200e+04    7.99119e+04   -6.11454e+05    1.51804e+03
 Position Rest.      Potential    Kinetic En.   Total Energy  Conserved En.
    8.61775e+02   -4.58060e+05    8.24898e+04   -3.75570e+05   -3.73081e+05
    Temperature Pressure (bar)   Constr. rmsd
    2.98882e+02   -1.00818e+02    0.00000e+00

           Step           Time
          42500       85.00000

   Energies (kJ/mol)
           Bond            U-B    Proper Dih.  Improper Dih.      CMAP Dih.
    2.82463e+03    7.49784e+03    9.08856e+03    4.91247e+02   -8.12259e+02
          LJ-14     Coulomb-14        LJ (SR)   Coulomb (SR)   Coul. recip.
    2.85640e+03    4.95675e+04    7.89638e+04   -6.10556e+05    1.48142e+03
 Position Rest.      Potential    Kinetic En.   Total Energy  Conserved En.
    7.90394e+02   -4.57806e+05    8.24010e+04   -3.75405e+05   -3.72972e+05
    Temperature Pressure (bar)   Constr. rmsd
    2.98560e+02    2.07499e+02    0.00000e+00

           Step           Time
          43000       86.00000

   Energies (kJ/mol)
           Bond            U-B    Proper Dih.  Improper Dih.      CMAP Dih.
    2.80943e+03    7.21802e+03    9.08040e+03    4.49531e+02   -7.83939e+02
          LJ-14     Coulomb-14        LJ (SR)   Coulomb (SR)   Coul. recip.
    2.75572e+03    4.94192e+04    7.85938e+04   -6.09536e+05    1.56474e+03
 Position Rest.      Potential    Kinetic En.   Total Energy  Conserved En.
    7.89538e+02   -4.57640e+05    8.21813e+04   -3.75458e+05   -3.72875e+05
    Temperature Pressure (bar)   Constr. rmsd
    2.97764e+02   -2.18163e+01    0.00000e+00

           Step           Time
          43500       87.00000

   Energies (kJ/mol)
           Bond            U-B    Proper Dih.  Improper Dih.      CMAP Dih.
    2.81794e+03    7.34235e+03    8.97744e+03    4.84587e+02   -8.39162e+02
          LJ-14     Coulomb-14        LJ (SR)   Coulomb (SR)   Coul. recip.
    2.85557e+03    4.98381e+04    7.80458e+04   -6.08063e+05    1.59618e+03
 Position Rest.      Potential    Kinetic En.   Total Energy  Conserved En.
    7.88174e+02   -4.56156e+05    8.26814e+04   -3.73475e+05   -3.73046e+05
    Temperature Pressure (bar)   Constr. rmsd
    2.99576e+02    9.70219e+01    0.00000e+00

           Step           Time
          44000       88.00000

   Energies (kJ/mol)
           Bond            U-B    Proper Dih.  Improper Dih.      CMAP Dih.
    2.91820e+03    7.41140e+03    9.08042e+03    4.65237e+02   -7.94992e+02
          LJ-14     Coulomb-14        LJ (SR)   Coulomb (SR)   Coul. recip.
    2.79553e+03    4.94267e+04    7.91301e+04   -6.09885e+05    1.53403e+03
 Position Rest.      Potential    Kinetic En.   Total Energy  Conserved En.
    8.37785e+02   -4.57081e+05    8.27426e+04   -3.74338e+05   -3.72934e+05
    Temperature Pressure (bar)   Constr. rmsd
    2.99798e+02   -2.32482e+02    0.00000e+00

           Step           Time
          44500       89.00000

   Energies (kJ/mol)
           Bond            U-B    Proper Dih.  Improper Dih.      CMAP Dih.
    2.90870e+03    7.39675e+03    9.07268e+03    4.81387e+02   -7.83922e+02
          LJ-14     Coulomb-14        LJ (SR)   Coulomb (SR)   Coul. recip.
    2.74893e+03    4.95595e+04    8.00008e+04   -6.11823e+05    1.52048e+03
 Position Rest.      Potential    Kinetic En.   Total Energy  Conserved En.
    8.58010e+02   -4.58060e+05    8.26508e+04   -3.75409e+05   -3.72846e+05
    Temperature Pressure (bar)   Constr. rmsd
    2.99466e+02    7.88373e+01    0.00000e+00

           Step           Time
          45000       90.00000

   Energies (kJ/mol)
           Bond            U-B    Proper Dih.  Improper Dih.      CMAP Dih.
    2.94888e+03    7.47684e+03    8.99085e+03    5.00711e+02   -7.72418e+02
          LJ-14     Coulomb-14        LJ (SR)   Coulomb (SR)   Coul. recip.
    2.79042e+03    4.93212e+04    7.81830e+04   -6.10432e+05    1.51789e+03
 Position Rest.      Potential    Kinetic En.   Total Energy  Conserved En.
    7.98131e+02   -4.58676e+05    8.23985e+04   -3.76277e+05   -3.72846e+05
    Temperature Pressure (bar)   Constr. rmsd
    2.98551e+02   -2.68333e+02    0.00000e+00

           Step           Time
          45500       91.00000

   Energies (kJ/mol)
           Bond            U-B    Proper Dih.  Improper Dih.      CMAP Dih.
    2.86075e+03    7.48962e+03    8.93954e+03    4.78200e+02   -7.96338e+02
          LJ-14     Coulomb-14        LJ (SR)   Coulomb (SR)   Coul. recip.
    2.83015e+03    4.95913e+04    7.94134e+04   -6.11480e+05    1.59412e+03
 Position Rest.      Potential    Kinetic En.   Total Energy  Conserved En.
    8.42666e+02   -4.58236e+05    8.22291e+04   -3.76007e+05   -3.72751e+05
    Temperature Pressure (bar)   Constr. rmsd
    2.97938e+02    6.08383e+01    0.00000e+00

           Step           Time
          46000       92.00000

   Energies (kJ/mol)
           Bond            U-B    Proper Dih.  Improper Dih.      CMAP Dih.
    2.74962e+03    7.65018e+03    8.98441e+03    4.58370e+02   -8.06141e+02
          LJ-14     Coulomb-14        LJ (SR)   Coulomb (SR)   Coul. recip.
    2.75576e+03    4.97499e+04    7.90299e+04   -6.10836e+05    1.52203e+03
 Position Rest.      Potential    Kinetic En.   Total Energy  Conserved En.
    7.69470e+02   -4.57972e+05    8.24626e+04   -3.75510e+05   -3.72863e+05
    Temperature Pressure (bar)   Constr. rmsd
    2.98784e+02   -1.39300e+02    0.00000e+00

           Step           Time
          46500       93.00000

   Energies (kJ/mol)
           Bond            U-B    Proper Dih.  Improper Dih.      CMAP Dih.
    2.76743e+03    7.74246e+03    9.06270e+03    4.90359e+02   -7.99705e+02
          LJ-14     Coulomb-14        LJ (SR)   Coulomb (SR)   Coul. recip.
    2.69885e+03    4.94359e+04    7.92312e+04   -6.10133e+05    1.48175e+03
 Position Rest.      Potential    Kinetic En.   Total Energy  Conserved En.
    8.04686e+02   -4.57217e+05    8.32985e+04   -3.73919e+05   -3.72605e+05
    Temperature Pressure (bar)   Constr. rmsd
    3.01812e+02   -1.36008e+02    0.00000e+00

           Step           Time
          47000       94.00000

   Energies (kJ/mol)
           Bond            U-B    Proper Dih.  Improper Dih.      CMAP Dih.
    2.97325e+03    7.73844e+03    8.99354e+03    5.09961e+02   -8.18405e+02
          LJ-14     Coulomb-14        LJ (SR)   Coulomb (SR)   Coul. recip.
    2.83332e+03    4.94034e+04    7.85473e+04   -6.09470e+05    1.54970e+03
 Position Rest.      Potential    Kinetic En.   Total Energy  Conserved En.
    8.20367e+02   -4.56919e+05    8.29288e+04   -3.73990e+05   -3.72671e+05
    Temperature Pressure (bar)   Constr. rmsd
    3.00473e+02    1.15567e+02    0.00000e+00

           Step           Time
          47500       95.00000

   Energies (kJ/mol)
           Bond            U-B    Proper Dih.  Improper Dih.      CMAP Dih.
    2.88399e+03    7.51022e+03    8.94596e+03    4.66091e+02   -8.50938e+02
          LJ-14     Coulomb-14        LJ (SR)   Coulomb (SR)   Coul. recip.
    2.77922e+03    4.95838e+04    7.92130e+04   -6.12088e+05    1.52489e+03
 Position Rest.      Potential    Kinetic En.   Total Energy  Conserved En.
    7.85276e+02   -4.59247e+05    8.17629e+04   -3.77484e+05   -3.72645e+05
    Temperature Pressure (bar)   Constr. rmsd
    2.96248e+02    4.20663e+01    0.00000e+00

           Step           Time
          48000       96.00000

   Energies (kJ/mol)
           Bond            U-B    Proper Dih.  Improper Dih.      CMAP Dih.
    2.90233e+03    7.61473e+03    9.02945e+03    4.97370e+02   -8.14553e+02
          LJ-14     Coulomb-14        LJ (SR)   Coulomb (SR)   Coul. recip.
    2.82178e+03    4.96320e+04    7.89790e+04   -6.10687e+05    1.51298e+03
 Position Rest.      Potential    Kinetic En.   Total Energy  Conserved En.
    8.61928e+02   -4.57650e+05    8.30752e+04   -3.74574e+05   -3.72783e+05
    Temperature Pressure (bar)   Constr. rmsd
    3.01003e+02   -1.42464e+02    0.00000e+00

           Step           Time
          48500       97.00000

   Energies (kJ/mol)
           Bond            U-B    Proper Dih.  Improper Dih.      CMAP Dih.
    3.06336e+03    7.49620e+03    8.95958e+03    4.72341e+02   -7.96330e+02
          LJ-14     Coulomb-14        LJ (SR)   Coulomb (SR)   Coul. recip.
    2.77428e+03    4.95154e+04    7.84236e+04   -6.09692e+05    1.53803e+03
 Position Rest.      Potential    Kinetic En.   Total Energy  Conserved En.
    8.25036e+02   -4.57421e+05    8.40352e+04   -3.73386e+05   -3.72798e+05
    Temperature Pressure (bar)   Constr. rmsd
    3.04482e+02   -1.69140e+02    0.00000e+00

           Step           Time
          49000       98.00000

   Energies (kJ/mol)
           Bond            U-B    Proper Dih.  Improper Dih.      CMAP Dih.
    2.87571e+03    7.57484e+03    9.05939e+03    5.03560e+02   -7.95797e+02
          LJ-14     Coulomb-14        LJ (SR)   Coulomb (SR)   Coul. recip.
    2.74897e+03    4.96782e+04    8.02023e+04   -6.11675e+05    1.61221e+03
 Position Rest.      Potential    Kinetic En.   Total Energy  Conserved En.
    8.05524e+02   -4.57410e+05    8.32505e+04   -3.74160e+05   -3.72878e+05
    Temperature Pressure (bar)   Constr. rmsd
    3.01638e+02   -6.71878e-01    0.00000e+00

           Step           Time
          49500       99.00000

   Energies (kJ/mol)
           Bond            U-B    Proper Dih.  Improper Dih.      CMAP Dih.
    2.87050e+03    7.56836e+03    8.97148e+03    4.64012e+02   -7.92825e+02
          LJ-14     Coulomb-14        LJ (SR)   Coulomb (SR)   Coul. recip.
    2.80230e+03    4.95330e+04    7.91868e+04   -6.11519e+05    1.57903e+03
 Position Rest.      Potential    Kinetic En.   Total Energy  Conserved En.
    7.84297e+02   -4.58552e+05    8.17008e+04   -3.76851e+05   -3.72921e+05
    Temperature Pressure (bar)   Constr. rmsd
    2.96024e+02    4.16299e+01    0.00000e+00

           Step           Time
          50000      100.00000

Writing checkpoint, step 50000 at Fri May  5 22:10:29 2023


   Energies (kJ/mol)
           Bond            U-B    Proper Dih.  Improper Dih.      CMAP Dih.
    3.03468e+03    7.50906e+03    9.02575e+03    5.08810e+02   -7.33231e+02
          LJ-14     Coulomb-14        LJ (SR)   Coulomb (SR)   Coul. recip.
    2.72650e+03    4.95155e+04    7.98031e+04   -6.11488e+05    1.55360e+03
 Position Rest.      Potential    Kinetic En.   Total Energy  Conserved En.
    8.02959e+02   -4.57741e+05    8.32328e+04   -3.74508e+05   -3.72831e+05
    Temperature Pressure (bar)   Constr. rmsd
    3.01574e+02    8.29306e+01    0.00000e+00


Energy conservation over simulation part #1 of length 100 ps, time 0 to 100 ps
  Conserved energy drift: 5.90e-04 kJ/mol/ps per atom


	<======  ###############  ==>
	<====  A V E R A G E S  ====>
	<==  ###############  ======>

	Statistics over 50001 steps using 501 frames

   Energies (kJ/mol)
           Bond            U-B    Proper Dih.  Improper Dih.      CMAP Dih.
    2.89825e+03    7.57406e+03    9.03415e+03    4.90873e+02   -7.94528e+02
          LJ-14     Coulomb-14        LJ (SR)   Coulomb (SR)   Coul. recip.
    2.80431e+03    4.94963e+04    7.91118e+04   -6.10314e+05    1.53218e+03
 Position Rest.      Potential    Kinetic En.   Total Energy  Conserved En.
    8.18291e+02   -4.57348e+05    8.27830e+04   -3.74565e+05   -3.73486e+05
    Temperature Pressure (bar)   Constr. rmsd
    2.99945e+02    2.79971e-01    0.00000e+00

          Box-X          Box-Y          Box-Z
    7.67787e+00    7.67787e+00    5.42908e+00

   Total Virial (kJ/mol)
    2.75602e+04    8.91849e+01   -3.20920e+02
    8.91819e+01    2.75460e+04   -5.43978e+01
   -3.20914e+02   -5.43975e+01    2.76724e+04

   Pressure (bar)
    5.79015e-01   -1.24305e+01    3.12287e+01
   -1.24302e+01    7.26658e+00    4.61353e+00
    3.12281e+01    4.61349e+00   -7.00568e+00

      T-Protein  T-non-Protein
    3.00013e+02    2.99934e+02


	M E G A - F L O P S   A C C O U N T I N G

 NB=Group-cutoff nonbonded kernels    NxN=N-by-N cluster Verlet kernels
 RF=Reaction-Field  VdW=Van der Waals  QSTab=quadratic-spline table
 W3=SPC/TIP3p  W4=TIP4p (single or pairs)
 V&F=Potential and force  V=Potential only  F=Force only

 Computing:                               M-Number         M-Flops  % Flops
-----------------------------------------------------------------------------
 Pair Search distance check            1215.909360       10943.184     0.0
 NxN QSTab Elec. + LJ [F]           2870640.710784   152143957.672    98.3
 NxN QSTab Elec. + LJ [V&F]           29053.694784     2353349.278     1.5
 1,4 nonbonded interactions             454.359087       40892.318     0.0
 Shift-X                                  8.105543          48.633     0.0
 Bonds                                   92.501850        5457.609     0.0
 Propers                                439.958799      100750.565     0.1
 Impropers                               30.300606        6302.526     0.0
 Pos. Restr.                             90.251805        4512.590     0.0
 Virial                                 161.722338        2911.002     0.0
 Stop-CM                                 16.178793         161.788     0.0
 P-Coupling                             161.497293         968.984     0.0
 Calc-Ekin                              322.994586        8720.854     0.0
 CMAP                                    11.850237       20145.403     0.0
 Urey-Bradley                           316.056321       57838.307     0.0
-----------------------------------------------------------------------------
 Total                                               154756960.712   100.0
-----------------------------------------------------------------------------


     R E A L   C Y C L E   A N D   T I M E   A C C O U N T I N G

On 1 MPI rank, each using 4 OpenMP threads

 Computing:          Num   Num      Call    Wall time         Giga-Cycles
                     Ranks Threads  Count      (s)         total sum    %
-----------------------------------------------------------------------------
 Neighbor search        1    4        251       1.529         18.343   5.3
 Launch GPU ops.        1    4      99751       5.244         62.928  18.1
 Force                  1    4      50001      13.801        165.614  47.8
 Wait PME GPU gather    1    4      50001       0.021          0.254   0.1
 Reduce GPU PME F       1    4      50001       0.102          1.218   0.4
 Wait GPU NB local      1    4      45000       0.003          0.038   0.0
 Wait GPU state copy    1    4      61503       4.551         54.614  15.7
 NB X/F buffer ops.     1    4       5001       0.240          2.877   0.8
 Write traj.            1    4        101       0.423          5.079   1.5
 Rest                                           2.988         35.851  10.3
-----------------------------------------------------------------------------
 Total                                         28.902        346.816 100.0
-----------------------------------------------------------------------------

               Core t (s)   Wall t (s)        (%)
       Time:      115.603       28.902      400.0
                 (ns/day)    (hour/ns)
Performance:      298.952        0.080
Finished mdrun on rank 0 Fri May  5 22:10:29 2023

