--------------------------------
loading CUDA 11.7 with cuDNN / NCCL
based on cntr cuda:11.7-cudnn8-devel-centos7
--------------------------------

--------------------------------
loading OpenMPI 4.1.4 with UCX
setting envs
SLURM_MPI_TYPE=pmi2
UCX_TLS=all UCX_MEMTYPE_CACHE=n
--------------------------------

--------------------------------
loading OpenMPI 4.1.4 with UCX
setting envs
SLURM_MPI_TYPE=pmi2
UCX_TLS=all UCX_MEMTYPE_CACHE=n
--------------------------------

                      :-) GROMACS - gmx mdrun, 2022.2 (-:

Executable:   /home/nickyang69/software/gromacs/2022.2/bin/gmx
Data prefix:  /home/nickyang69/software/gromacs/2022.2
Working dir:  /home/nickyang69/Projects/CompChem/Practice/Week10/Exercise1
Command line:
  gmx mdrun -deffnm nvt -ntmpi 1 -ntomp 4 -update gpu -nstlist 200


-------------------------------------------------------
Program:     gmx mdrun, version 2022.2
Source file: src/gromacs/options/options.cpp (line 177)
Function:    void gmx::internal::OptionSectionImpl::finish()

Error in user input:
Invalid input values
  In option s
    Required option was not provided, and the default file 'topol' does not
    exist or is not accessible.
    The following extensions were tried to complete the file name:
      .tpr

For more information and tips for troubleshooting, please check the GROMACS
website at http://www.gromacs.org/Documentation/Errors
-------------------------------------------------------
