--------------------------------
loading CUDA 11.7 with cuDNN / NCCL
based on cntr cuda:11.7-cudnn8-devel-centos7
--------------------------------

--------------------------------
loading OpenMPI 4.1.4 with UCX
setting envs
SLURM_MPI_TYPE=pmi2
UCX_TLS=all UCX_MEMTYPE_CACHE=n
--------------------------------

--------------------------------
loading OpenMPI 4.1.4 with UCX
setting envs
SLURM_MPI_TYPE=pmi2
UCX_TLS=all UCX_MEMTYPE_CACHE=n
--------------------------------

                      :-) GROMACS - gmx mdrun, 2022.2 (-:

Executable:   /home/nickyang69/software/gromacs/2022.2/bin/gmx
Data prefix:  /home/nickyang69/software/gromacs/2022.2
Working dir:  /home/nickyang69/Projects/CompChem/Practice/Week10/Exercise1
Command line:
  gmx mdrun -deffnm nvt -ntmpi 1 -ntomp 4 -update gpu -nstlist 200

Reading file nvt.tpr, VERSION 2022.2 (single precision)
Changing nstlist from 20 to 200, rlist from 1.222 to 1.535

1 GPU selected for this run.
Mapping of GPU IDs to the 2 GPU tasks in the 1 rank on this node:
  PP:0,PME:0
PP tasks will do (non-perturbed) short-ranged interactions on the GPU
PP task will update and constrain coordinates on the GPU
PME tasks will do all aspects on the GPU
Using 1 MPI thread

Non-default thread affinity set, disabling internal thread affinity

Using 4 OpenMP threads 

starting mdrun 'STREPTAVIDIN in water'
50000 steps,    100.0 ps.

Writing final coordinates.

               Core t (s)   Wall t (s)        (%)
       Time:       98.038       24.510      400.0
                 (ns/day)    (hour/ns)
Performance:      352.514        0.068

GROMACS reminds you: "Making merry out of nothing, like in refugee camp" (Gogol Bordello)

